-------------------------------------------------------------------------------
Test set: starter.CucumberTestSuite
-------------------------------------------------------------------------------
Tests run: 4, Failures: 0, Errors: 1, Skipped: 0, Time elapsed: 30.851 s <<< FAILURE! - in starter.CucumberTestSuite
EMPTY_NAME.(EMPTY_NAME)  Time elapsed: 0.006 s  <<< ERROR!
java.lang.NullPointerException: No BaseStepListener has been registered - are you running your test using the Serenity runners?

