<?xml version="1.0" encoding="UTF-8"?>
<testsuite xmlns:xsi="http://www.w3.org/2001/XMLSchema-instance" xsi:noNamespaceSchemaLocation="https://maven.apache.org/surefire/maven-failsafe-plugin/xsd/failsafe-test-report-3.0.xsd" version="3.0" name="starter.CucumberTestSuite" time="42.779" tests="5" errors="0" skipped="0" failures="0">
  <properties>
[...]
</properties>
  <testcase name="user see detail or rating tensi darah elektrik" classname="user can see detail or rating tensi darah elektrik" time="12.303">
    <system-out><![CDATA[12:21:52.147 [main] INFO io.cucumber.core.plugin.SerenityReporter - Running feature from file:///D:/alta%20folder/final%20project/web%20testing/src/test/resources/features/Detail.feature
12:21:52.358 [main] INFO  - 

-------------------------------------------------------------------------------------
     _______. _______ .______       _______ .__   __.  __  .___________.____    ____ 
    /       ||   ____||   _  \     |   ____||  \ |  | |  | |           |\   \  /   / 
   |   (----`|  |__   |  |_)  |    |  |__   |   \|  | |  | `---|  |----` \   \/   /  
    \   \    |   __|  |      /     |   __|  |  . `  | |  |     |  |       \_    _/   
.----)   |   |  |____ |  |\  \----.|  |____ |  |\   | |  |     |  |         |  |     
|_______/    |_______|| _| `._____||_______||__| \__| |__|     |__|         |__|    
                                                                                     
 News and tutorials at http://www.serenity-bdd.info                                  
 Documentation at https://wakaleo.gitbooks.io/the-serenity-book/content/             
 Join the Serenity Community on Gitter: https://gitter.im/serenity-bdd/serenity-core 
 Serenity BDD Support and Training at http://serenity-bdd.info/#/trainingandsupport  
-------------------------------------------------------------------------------------

12:21:52.361 [main] DEBUG net.thucydides.core.steps.StepEventBus - Test suite started for story net.thucydides.core.model.Story@4cd0f758
12:21:52.364 [main] INFO  - Test Suite Started: user can see detail or rating tensi darah elektrik
12:21:52.380 [main] INFO io.cucumber.core.plugin.SerenityReporter - Running feature from file:///D:/alta%20folder/final%20project/web%20testing/src/test/resources/features/Login.feature
12:21:52.386 [main] DEBUG net.thucydides.core.steps.StepEventBus - Test suite started for story net.thucydides.core.model.Story@1b3af7fc
12:21:52.386 [main] INFO  - Test Suite Started: As a user, I want to see home page, So that i can buy books
12:21:52.386 [main] INFO io.cucumber.core.plugin.SerenityReporter - Running feature from file:///D:/alta%20folder/final%20project/web%20testing/src/test/resources/features/Order.feature
12:21:52.389 [main] DEBUG net.thucydides.core.steps.StepEventBus - Test suite started for story net.thucydides.core.model.Story@3c90562e
12:21:52.390 [main] INFO  - Test Suite Started: As user I want to order “tensi darah elektrik”
12:21:52.391 [main] INFO io.cucumber.core.plugin.SerenityReporter - Running feature from file:///D:/alta%20folder/final%20project/web%20testing/src/test/resources/features/Register.feature
12:21:52.395 [main] DEBUG net.thucydides.core.steps.StepEventBus - Test suite started for story net.thucydides.core.model.Story@506a188d
12:21:52.395 [main] INFO  - Test Suite Started: As a user i want to register for my account so that i can go shop
12:21:52.396 [main] INFO io.cucumber.core.plugin.SerenityReporter - Running feature from file:///D:/alta%20folder/final%20project/web%20testing/src/test/resources/features/SelectCategory.feature
12:21:52.399 [main] DEBUG net.thucydides.core.steps.StepEventBus - Test suite started for story net.thucydides.core.model.Story@64a97f89
12:21:52.400 [main] INFO  - Test Suite Started: as a user choose the desired category such as the health category
12:21:52.400 [main] INFO io.cucumber.core.plugin.SerenityReporter - Running feature from file:///D:/alta%20folder/final%20project/web%20testing/src/test/resources/features/Detail.feature
12:21:52.403 [main] DEBUG net.thucydides.core.steps.StepEventBus - Test suite started for story net.thucydides.core.model.Story@4cd0f758
12:21:52.404 [main] INFO  - Test Suite Started: user can see detail or rating tensi darah elektrik

Scenario: user see detail or rating tensi darah elektrik &amp#27;[90m# src/test/resources/features/Detail.feature:3&amp#27;[0m
12:21:52.502 [main] INFO io.cucumber.core.plugin.SerenityReporter - Running feature from file:///D:/alta%20folder/final%20project/web%20testing/src/test/resources/features/Detail.feature
12:21:52.607 [main] INFO  - 
  _____   ___   ___   _____     ___   _____     _     ___   _____   ___   ___  
 |_   _| | __| / __| |_   _|   / __| |_   _|   /_\   | _ \ |_   _| | __| |   \ 
   | |   | _|  \__ \   | |     \__ \   | |    / _ \  |   /   | |   | _|  | |) |
   |_|   |___| |___/   |_|     |___/   |_|   /_/ \_\ |_|_\   |_|   |___| |___/ 

user see detail or rating tensi darah elektrik(user-can-see-detail-or-rating-tensi-darah-elektrik;user-see-detail-or-rating-tensi-darah-elektrik)
--------------------------------------------------------------------------------
12:21:53.283 [main] DEBUG net.thucydides.core.steps.StepInterceptor - STARTING STEP: DetailSteps.useronhomepage - openPage
12:21:53.323 [main] INFO net.serenitybdd.core.webdriver.driverproviders.ChromeDriverProvider - Using automatically driver download
12:21:54.066 [main] DEBUG io.github.bonigarcia.wdm.cache.ResolutionCache - Resolution chrome=101 in cache (valid until 13:12:06 11/05/2022 WITA)
12:21:54.072 [main] DEBUG io.github.bonigarcia.wdm.cache.ResolutionCache - Resolution chrome101=101.0.4951.41 in cache (valid until 21:51:26 11/05/2022 WITA)
12:21:54.074 [main] INFO io.github.bonigarcia.wdm.WebDriverManager - Using chromedriver 101.0.4951.41 (resolved driver for Chrome 101)
12:21:54.092 [main] DEBUG io.github.bonigarcia.wdm.WebDriverManager - Driver chromedriver 101.0.4951.41 found in cache
12:21:54.093 [main] INFO io.github.bonigarcia.wdm.WebDriverManager - Exporting webdriver.chrome.driver as C:\Users\Rev\.cache\selenium\chromedriver\win32\101.0.4951.41\chromedriver.exe
12:21:54.841 [main] DEBUG net.thucydides.core.reflection.ClassFinder - Could not load class .starter.CucumberTestSuite
12:21:54.841 [main] DEBUG net.thucydides.core.reflection.ClassFinder - Could not load class .starter.definitions.DetailSteps
12:21:54.841 [main] DEBUG net.thucydides.core.reflection.ClassFinder - Could not load class .starter.definitions.LoginSteps
12:21:54.841 [main] DEBUG net.thucydides.core.reflection.ClassFinder - Could not load class .starter.definitions.OrderSteps
12:21:54.841 [main] DEBUG net.thucydides.core.reflection.ClassFinder - Could not load class .starter.definitions.RegisterSteps
12:21:54.841 [main] DEBUG net.thucydides.core.reflection.ClassFinder - Could not load class .starter.definitions.SelectCategorySteps
12:21:54.841 [main] DEBUG net.thucydides.core.reflection.ClassFinder - Could not load class .starter.pages.DetailPage
12:21:54.842 [main] DEBUG net.thucydides.core.reflection.ClassFinder - Could not load class .starter.pages.HomePage
12:21:54.842 [main] DEBUG net.thucydides.core.reflection.ClassFinder - Could not load class .starter.pages.LoginPage
12:21:54.842 [main] DEBUG net.thucydides.core.reflection.ClassFinder - Could not load class .starter.pages.OrderPage
12:21:54.842 [main] DEBUG net.thucydides.core.reflection.ClassFinder - Could not load class .starter.pages.RegisterPage
12:21:54.842 [main] DEBUG net.thucydides.core.reflection.ClassFinder - Could not load class .starter.pages.SelectCategoryPage
12:21:54.843 [main] DEBUG net.thucydides.core.reflection.ClassFinder - Could not load class META-INF.versions.9.com.sun.istack.logging.StackHelper
12:21:54.844 [main] DEBUG net.thucydides.core.reflection.ClassFinder - Could not load class META-INF.versions.9.com.sun.xml.bind.v2.runtime.reflect.opt.AccessorInjector
12:21:54.844 [main] DEBUG net.thucydides.core.reflection.ClassFinder - Could not load class META-INF.versions.9.com.sun.xml.bind.v2.runtime.reflect.opt.Injector
12:21:54.844 [main] DEBUG net.thucydides.core.reflection.ClassFinder - Could not load class META-INF.versions.9.com.sun.xml.bind.v2.runtime.reflect.opt.OptimizedAccessorFactory
12:21:54.845 [main] DEBUG net.thucydides.core.reflection.ClassFinder - Could not load class META-INF.versions.9.com.sun.xml.bind.v2.runtime.reflect.opt.OptimizedTransducedAccessorFactory
12:21:54.845 [main] DEBUG net.thucydides.core.reflection.ClassFinder - Could not load class META-INF.versions.9.io.opentelemetry.sdk.internal.CurrentJavaVersionSpecific
12:21:54.845 [main] DEBUG net.thucydides.core.reflection.ClassFinder - Could not load class META-INF.versions.9.io.opentelemetry.sdk.internal.Java9VersionSpecific
12:21:54.846 [main] DEBUG net.thucydides.core.reflection.ClassFinder - Could not load class META-INF.versions.9.javax.xml.bind.ModuleUtil
12:21:54.846 [main] DEBUG net.thucydides.core.reflection.ClassFinder - Could not load class META-INF.versions.9.module-info
12:21:54.847 [main] DEBUG net.thucydides.core.reflection.ClassFinder - Could not load class META-INF.versions.9.org.junit.platform.commons.util.ModuleUtils
12:21:55.191 [main] DEBUG net.thucydides.core.reflection.ClassFinder - Could not load class com.google.gson.internal.
12:21:55.362 [main] DEBUG net.thucydides.core.reflection.ClassFinder - Could not load class com.sun.xml.bind.v2.runtime.output.FastInfosetStreamWriterOutput
12:21:55.826 [main] DEBUG net.thucydides.core.reflection.ClassFinder - Could not load class module-info
12:21:58.672 [main] DEBUG io.netty.util.internal.logging.InternalLoggerFactory - Using SLF4J as the default logging framework
12:21:58.674 [main] DEBUG io.netty.util.ResourceLeakDetector - -Dio.netty.leakDetection.level: simple
12:21:58.675 [main] DEBUG io.netty.util.ResourceLeakDetector - -Dio.netty.leakDetection.targetRecords: 4
12:21:58.678 [main] DEBUG io.netty.util.ResourceLeakDetectorFactory - Loaded default ResourceLeakDetector: io.netty.util.ResourceLeakDetector@5a96081a
12:21:58.697 [main] DEBUG io.netty.util.internal.PlatformDependent0 - -Dio.netty.noUnsafe: false
12:21:58.697 [main] DEBUG io.netty.util.internal.PlatformDependent0 - Java version: 17
12:21:58.698 [main] DEBUG io.netty.util.internal.PlatformDependent0 - sun.misc.Unsafe.theUnsafe: available
12:21:58.698 [main] DEBUG io.netty.util.internal.PlatformDependent0 - sun.misc.Unsafe.copyMemory: available
12:21:58.699 [main] DEBUG io.netty.util.internal.PlatformDependent0 - java.nio.Buffer.address: available
12:21:58.699 [main] DEBUG io.netty.util.internal.PlatformDependent0 - direct buffer constructor: unavailable: Reflective setAccessible(true) disabled
12:21:58.700 [main] DEBUG io.netty.util.internal.PlatformDependent0 - java.nio.Bits.unaligned: available, true
12:21:58.701 [main] DEBUG io.netty.util.internal.PlatformDependent0 - jdk.internal.misc.Unsafe.allocateUninitializedArray(int): unavailable: class io.netty.util.internal.PlatformDependent0$6 cannot access class jdk.internal.misc.Unsafe (in module java.base) because module java.base does not export jdk.internal.misc to unnamed module @e7edb54
12:21:58.702 [main] DEBUG io.netty.util.internal.PlatformDependent0 - java.nio.DirectByteBuffer.<init>(long, int): unavailable
12:21:58.703 [main] DEBUG io.netty.util.internal.PlatformDependent - sun.misc.Unsafe: available
12:21:58.704 [main] DEBUG io.netty.util.internal.PlatformDependent - maxDirectMemory: 4276092928 bytes (maybe)
12:21:58.705 [main] DEBUG io.netty.util.internal.PlatformDependent - -Dio.netty.tmpdir: C:\Users\Rev\AppData\Local\Temp (java.io.tmpdir)
12:21:58.705 [main] DEBUG io.netty.util.internal.PlatformDependent - -Dio.netty.bitMode: 64 (sun.arch.data.model)
12:21:58.705 [main] DEBUG io.netty.util.internal.PlatformDependent - Platform: Windows
12:21:58.706 [main] DEBUG io.netty.util.internal.PlatformDependent - -Dio.netty.maxDirectMemory: -1 bytes
12:21:58.706 [main] DEBUG io.netty.util.internal.PlatformDependent - -Dio.netty.uninitializedArrayAllocationThreshold: -1
12:21:58.707 [main] DEBUG io.netty.util.internal.CleanerJava9 - java.nio.ByteBuffer.cleaner(): available
12:21:58.707 [main] DEBUG io.netty.util.internal.PlatformDependent - -Dio.netty.noPreferDirect: false
12:21:58.715 [main] DEBUG io.netty.util.internal.PlatformDependent - org.jctools-core.MpscChunkedArrayQueue: available
12:21:58.741 [main] DEBUG io.netty.util.internal.InternalThreadLocalMap - -Dio.netty.threadLocalMap.stringBuilder.initialSize: 1024
12:21:58.741 [main] DEBUG io.netty.util.internal.InternalThreadLocalMap - -Dio.netty.threadLocalMap.stringBuilder.maxSize: 4096
12:21:58.806 [main] DEBUG io.netty.handler.ssl.JdkSslContext - Default protocols (JDK): [TLSv1.3, TLSv1.2] 
12:21:58.806 [main] DEBUG io.netty.handler.ssl.JdkSslContext - Default cipher suites (JDK): [TLS_ECDHE_ECDSA_WITH_AES_256_GCM_SHA384, TLS_ECDHE_ECDSA_WITH_AES_128_GCM_SHA256, TLS_ECDHE_RSA_WITH_AES_128_GCM_SHA256, TLS_ECDHE_RSA_WITH_AES_256_GCM_SHA384, TLS_ECDHE_RSA_WITH_AES_128_CBC_SHA, TLS_ECDHE_RSA_WITH_AES_256_CBC_SHA, TLS_RSA_WITH_AES_128_GCM_SHA256, TLS_RSA_WITH_AES_128_CBC_SHA, TLS_RSA_WITH_AES_256_CBC_SHA, TLS_AES_128_GCM_SHA256, TLS_AES_256_GCM_SHA384]
12:21:58.834 [main] DEBUG io.netty.channel.MultithreadEventLoopGroup - -Dio.netty.eventLoopThreads: 24
12:21:58.862 [main] DEBUG io.netty.channel.nio.NioEventLoop - -Dio.netty.noKeySetOptimization: false
12:21:58.862 [main] DEBUG io.netty.channel.nio.NioEventLoop - -Dio.netty.selectorAutoRebuildThreshold: 512
12:21:58.954 [main] DEBUG io.netty.buffer.PooledByteBufAllocator - -Dio.netty.allocator.numHeapArenas: 24
12:21:58.954 [main] DEBUG io.netty.buffer.PooledByteBufAllocator - -Dio.netty.allocator.numDirectArenas: 24
12:21:58.954 [main] DEBUG io.netty.buffer.PooledByteBufAllocator - -Dio.netty.allocator.pageSize: 8192
12:21:58.954 [main] DEBUG io.netty.buffer.PooledByteBufAllocator - -Dio.netty.allocator.maxOrder: 11
12:21:58.954 [main] DEBUG io.netty.buffer.PooledByteBufAllocator - -Dio.netty.allocator.chunkSize: 16777216
12:21:58.954 [main] DEBUG io.netty.buffer.PooledByteBufAllocator - -Dio.netty.allocator.smallCacheSize: 256
12:21:58.954 [main] DEBUG io.netty.buffer.PooledByteBufAllocator - -Dio.netty.allocator.normalCacheSize: 64
12:21:58.954 [main] DEBUG io.netty.buffer.PooledByteBufAllocator - -Dio.netty.allocator.maxCachedBufferCapacity: 32768
12:21:58.954 [main] DEBUG io.netty.buffer.PooledByteBufAllocator - -Dio.netty.allocator.cacheTrimInterval: 8192
12:21:58.954 [main] DEBUG io.netty.buffer.PooledByteBufAllocator - -Dio.netty.allocator.cacheTrimIntervalMillis: 0
12:21:58.954 [main] DEBUG io.netty.buffer.PooledByteBufAllocator - -Dio.netty.allocator.useCacheForAllThreads: true
12:21:58.954 [main] DEBUG io.netty.buffer.PooledByteBufAllocator - -Dio.netty.allocator.maxCachedByteBuffersPerChunk: 1023
12:21:58.966 [main] DEBUG io.netty.buffer.ByteBufUtil - -Dio.netty.allocator.type: pooled
12:21:58.967 [main] DEBUG io.netty.buffer.ByteBufUtil - -Dio.netty.threadLocalDirectBufferSize: 0
12:21:58.967 [main] DEBUG io.netty.buffer.ByteBufUtil - -Dio.netty.maxThreadLocalCharBufferSize: 16384
12:21:59.196 [main] DEBUG net.serenitybdd.core.webdriver.driverproviders.ProvideNewDriver - Instantiating driver
12:21:59.196 [main] DEBUG net.serenitybdd.core.webdriver.driverproviders.ProvideNewDriver - Driver capabilities: Capabilities {acceptInsecureCerts: false, base.url: https://qa.alta.id, browserName: chrome, chrome.driver: webdriver/chromedriver.exe, driver: chrome, goog:chromeOptions: {args: [], extensions: []}}
12:21:59.583 [Forwarding newSession on session null to remote] DEBUG io.netty.channel.DefaultChannelId - -Dio.netty.processId: 3316 (auto-detected)
12:21:59.585 [Forwarding newSession on session null to remote] DEBUG io.netty.util.NetUtil - -Djava.net.preferIPv4Stack: false
12:21:59.585 [Forwarding newSession on session null to remote] DEBUG io.netty.util.NetUtil - -Djava.net.preferIPv6Addresses: false
12:21:59.592 [Forwarding newSession on session null to remote] DEBUG io.netty.util.NetUtilInitializations - Loopback interface: lo (Software Loopback Interface 1, 127.0.0.1)
12:21:59.594 [Forwarding newSession on session null to remote] DEBUG io.netty.util.NetUtil - Failed to get SOMAXCONN from sysctl and file \proc\sys\net\core\somaxconn. Default: 200
12:21:59.603 [Forwarding newSession on session null to remote] DEBUG io.netty.channel.DefaultChannelId - -Dio.netty.machineId: a8:a1:59:ff:fe:85:ba:89 (auto-detected)
12:21:59.651 [AsyncHttpClient-1-2] DEBUG io.netty.buffer.AbstractByteBuf - -Dio.netty.buffer.checkAccessible: true
12:21:59.651 [AsyncHttpClient-1-2] DEBUG io.netty.buffer.AbstractByteBuf - -Dio.netty.buffer.checkBounds: true
12:21:59.651 [AsyncHttpClient-1-2] DEBUG io.netty.util.ResourceLeakDetectorFactory - Loaded default ResourceLeakDetector: io.netty.util.ResourceLeakDetector@44293ffc
12:21:59.661 [AsyncHttpClient-1-2] DEBUG org.asynchttpclient.netty.channel.NettyConnectListener - Using new Channel '[id: 0x8c6225a6, L:/127.0.0.1:49927 - R:localhost/127.0.0.1:50359]' for 'POST' to '/session'
12:21:59.679 [AsyncHttpClient-1-2] DEBUG io.netty.util.Recycler - -Dio.netty.recycler.maxCapacityPerThread: 4096
12:21:59.679 [AsyncHttpClient-1-2] DEBUG io.netty.util.Recycler - -Dio.netty.recycler.ratio: 8
12:21:59.679 [AsyncHttpClient-1-2] DEBUG io.netty.util.Recycler - -Dio.netty.recycler.chunkSize: 32
12:21:59.679 [AsyncHttpClient-1-2] DEBUG io.netty.util.Recycler - -Dio.netty.recycler.blocking: false
12:22:00.448 [AsyncHttpClient-1-2] DEBUG io.netty.handler.codec.compression.Brotli - brotli4j not in the classpath; Brotli support will be unavailable.
12:22:00.448 [AsyncHttpClient-1-2] DEBUG org.asynchttpclient.netty.handler.HttpHandler - 

Request DefaultHttpRequest(decodeResult: success, version: HTTP/1.1)
POST /session HTTP/1.1
User-Agent: selenium/4.1.2 (java windows)
Content-Length: 565
Content-Type: application/json; charset=utf-8
host: localhost:50359
accept: */*

Response DefaultHttpResponse(decodeResult: success, version: HTTP/1.1)
HTTP/1.1 200 OK
Content-Type: application/json; charset=utf-8
cache-control: no-cache
content-length: 786

12:22:00.455 [AsyncHttpClient-1-2] DEBUG org.asynchttpclient.netty.channel.ChannelManager - Adding key: http://localhost:50359 for channel [id: 0x8c6225a6, L:/127.0.0.1:49927 - R:localhost/127.0.0.1:50359]
12:22:00.530 [AsyncHttpClient-1-3] DEBUG org.asynchttpclient.netty.channel.NettyConnectListener - Using new Channel '[id: 0xe7a3f7c0, L:/127.0.0.1:49934 - R:localhost/127.0.0.1:49928]' for 'GET' to '/json/version'
12:22:00.538 [AsyncHttpClient-1-3] DEBUG org.asynchttpclient.netty.handler.HttpHandler - 

Request DefaultFullHttpRequest(decodeResult: success, version: HTTP/1.1, content: EmptyByteBufBE)
GET /json/version HTTP/1.1
User-Agent: selenium/4.1.2 (java windows)
host: localhost:49928
accept: */*

Response DefaultHttpResponse(decodeResult: success, version: HTTP/1.1)
HTTP/1.1 200 OK
Content-Type: application/json; charset=UTF-8
content-length: 427

12:22:00.539 [AsyncHttpClient-1-3] DEBUG org.asynchttpclient.netty.channel.ChannelManager - Adding key: http://localhost:49928 for channel [id: 0xe7a3f7c0, L:/127.0.0.1:49934 - R:localhost/127.0.0.1:49928]
12:22:00.546 [main] DEBUG io.netty.util.internal.ThreadLocalRandom - -Dio.netty.initialSeedUniquifier: 0xc2b42890e3dae455
12:22:00.552 [AsyncHttpClient-1-4] DEBUG org.asynchttpclient.netty.channel.NettyConnectListener - Using new Channel '[id: 0x36770bb1, L:/127.0.0.1:49935 - R:localhost/127.0.0.1:49928]' for 'GET' to '/devtools/browser/db9bcafb-547b-4e99-9984-4a2af3c99e23'
12:22:00.559 [AsyncHttpClient-1-4] DEBUG org.asynchttpclient.netty.handler.WebSocketHandler - 

Request DefaultFullHttpRequest(decodeResult: success, version: HTTP/1.1, content: EmptyByteBufBE)
GET /devtools/browser/db9bcafb-547b-4e99-9984-4a2af3c99e23 HTTP/1.1
upgrade: websocket
connection: upgrade
sec-websocket-key: vQ8673CjG69t8rt9qHm5Ng==
sec-websocket-version: 13
origin: http://localhost:49928
host: localhost:49928
accept: */*
user-agent: AHC/2.1

Response DefaultHttpResponse(decodeResult: success, version: HTTP/1.1)
HTTP/1.1 101 WebSocket Protocol Handshake
Upgrade: WebSocket
Connection: Upgrade
Sec-WebSocket-Accept: ATy5QW8lvUwIeKdin87ehMPmWP4=

12:22:00.926 [AsyncHttpClient-1-1] DEBUG org.asynchttpclient.netty.channel.DefaultChannelPool - Entry count for : http://localhost:50359 : 1
12:22:00.926 [AsyncHttpClient-1-1] DEBUG org.asynchttpclient.netty.channel.DefaultChannelPool - Entry count for : http://localhost:49928 : 1
12:22:01.414 [main] DEBUG net.thucydides.core.reflection.ClassFinder - Could not load class .starter.CucumberTestSuite
12:22:01.414 [main] DEBUG net.thucydides.core.reflection.ClassFinder - Could not load class .starter.definitions.DetailSteps
12:22:01.414 [main] DEBUG net.thucydides.core.reflection.ClassFinder - Could not load class .starter.definitions.LoginSteps
12:22:01.414 [main] DEBUG net.thucydides.core.reflection.ClassFinder - Could not load class .starter.definitions.OrderSteps
12:22:01.414 [main] DEBUG net.thucydides.core.reflection.ClassFinder - Could not load class .starter.definitions.RegisterSteps
12:22:01.414 [main] DEBUG net.thucydides.core.reflection.ClassFinder - Could not load class .starter.definitions.SelectCategorySteps
12:22:01.414 [main] DEBUG net.thucydides.core.reflection.ClassFinder - Could not load class .starter.pages.DetailPage
12:22:01.415 [main] DEBUG net.thucydides.core.reflection.ClassFinder - Could not load class .starter.pages.HomePage
12:22:01.415 [main] DEBUG net.thucydides.core.reflection.ClassFinder - Could not load class .starter.pages.LoginPage
12:22:01.415 [main] DEBUG net.thucydides.core.reflection.ClassFinder - Could not load class .starter.pages.OrderPage
12:22:01.415 [main] DEBUG net.thucydides.core.reflection.ClassFinder - Could not load class .starter.pages.RegisterPage
12:22:01.415 [main] DEBUG net.thucydides.core.reflection.ClassFinder - Could not load class .starter.pages.SelectCategoryPage
12:22:01.415 [main] DEBUG net.thucydides.core.reflection.ClassFinder - Could not load class META-INF.versions.9.com.sun.istack.logging.StackHelper
12:22:01.416 [main] DEBUG net.thucydides.core.reflection.ClassFinder - Could not load class META-INF.versions.9.com.sun.xml.bind.v2.runtime.reflect.opt.AccessorInjector
12:22:01.416 [main] DEBUG net.thucydides.core.reflection.ClassFinder - Could not load class META-INF.versions.9.com.sun.xml.bind.v2.runtime.reflect.opt.Injector
12:22:01.416 [main] DEBUG net.thucydides.core.reflection.ClassFinder - Could not load class META-INF.versions.9.com.sun.xml.bind.v2.runtime.reflect.opt.OptimizedAccessorFactory
12:22:01.417 [main] DEBUG net.thucydides.core.reflection.ClassFinder - Could not load class META-INF.versions.9.com.sun.xml.bind.v2.runtime.reflect.opt.OptimizedTransducedAccessorFactory
12:22:01.417 [main] DEBUG net.thucydides.core.reflection.ClassFinder - Could not load class META-INF.versions.9.io.opentelemetry.sdk.internal.CurrentJavaVersionSpecific
12:22:01.417 [main] DEBUG net.thucydides.core.reflection.ClassFinder - Could not load class META-INF.versions.9.io.opentelemetry.sdk.internal.Java9VersionSpecific
12:22:01.418 [main] DEBUG net.thucydides.core.reflection.ClassFinder - Could not load class META-INF.versions.9.javax.xml.bind.ModuleUtil
12:22:01.418 [main] DEBUG net.thucydides.core.reflection.ClassFinder - Could not load class META-INF.versions.9.module-info
12:22:01.419 [main] DEBUG net.thucydides.core.reflection.ClassFinder - Could not load class META-INF.versions.9.org.junit.platform.commons.util.ModuleUtils
12:22:01.425 [main] DEBUG net.thucydides.core.reflection.ClassFinder - Could not load class com.google.gson.internal.
12:22:01.427 [main] DEBUG net.thucydides.core.reflection.ClassFinder - Could not load class com.sun.xml.bind.v2.runtime.output.FastInfosetStreamWriterOutput
12:22:01.430 [main] DEBUG net.thucydides.core.reflection.ClassFinder - Could not load class module-info
12:22:01.456 [Forwarding get on session a54d665c3f1224c55a1e31af7fec00ef to remote] DEBUG org.asynchttpclient.netty.request.NettyRequestSender - Using pooled Channel '[id: 0x8c6225a6, L:/127.0.0.1:49927 - R:localhost/127.0.0.1:50359]' for 'POST' to 'http://localhost:50359/session/a54d665c3f1224c55a1e31af7fec00ef/url'
12:22:01.456 [Forwarding get on session a54d665c3f1224c55a1e31af7fec00ef to remote] DEBUG org.asynchttpclient.netty.request.NettyRequestSender - Using open Channel [id: 0x8c6225a6, L:/127.0.0.1:49927 - R:localhost/127.0.0.1:50359] for POST '/session/a54d665c3f1224c55a1e31af7fec00ef/url'
12:22:02.023 [AsyncHttpClient-1-1] DEBUG org.asynchttpclient.netty.channel.DefaultChannelPool - Entry count for : http://localhost:49928 : 1
12:22:02.127 [AsyncHttpClient-1-2] DEBUG org.asynchttpclient.netty.handler.HttpHandler - 

Request DefaultHttpRequest(decodeResult: success, version: HTTP/1.1)
POST /session/a54d665c3f1224c55a1e31af7fec00ef/url HTTP/1.1
User-Agent: selenium/4.1.2 (java windows)
Content-Length: 43
Content-Type: application/json; charset=utf-8
host: localhost:50359
accept: */*

Response DefaultHttpResponse(decodeResult: success, version: HTTP/1.1)
HTTP/1.1 200 OK
Content-Type: application/json; charset=utf-8
cache-control: no-cache
content-length: 14

12:22:02.127 [AsyncHttpClient-1-2] DEBUG org.asynchttpclient.netty.channel.ChannelManager - Adding key: http://localhost:50359 for channel [id: 0x8c6225a6, L:/127.0.0.1:49927 - R:localhost/127.0.0.1:50359]
12:22:02.133 [Forwarding setTimeout on session a54d665c3f1224c55a1e31af7fec00ef to remote] DEBUG org.asynchttpclient.netty.request.NettyRequestSender - Using pooled Channel '[id: 0x8c6225a6, L:/127.0.0.1:49927 - R:localhost/127.0.0.1:50359]' for 'POST' to 'http://localhost:50359/session/a54d665c3f1224c55a1e31af7fec00ef/timeouts'
12:22:02.133 [Forwarding setTimeout on session a54d665c3f1224c55a1e31af7fec00ef to remote] DEBUG org.asynchttpclient.netty.request.NettyRequestSender - Using open Channel [id: 0x8c6225a6, L:/127.0.0.1:49927 - R:localhost/127.0.0.1:50359] for POST '/session/a54d665c3f1224c55a1e31af7fec00ef/timeouts'
12:22:02.136 [AsyncHttpClient-1-2] DEBUG org.asynchttpclient.netty.handler.HttpHandler - 

Request DefaultHttpRequest(decodeResult: success, version: HTTP/1.1)
POST /session/a54d665c3f1224c55a1e31af7fec00ef/timeouts HTTP/1.1
User-Agent: selenium/4.1.2 (java windows)
Content-Length: 22
Content-Type: application/json; charset=utf-8
host: localhost:50359
accept: */*

Response DefaultHttpResponse(decodeResult: success, version: HTTP/1.1)
HTTP/1.1 200 OK
Content-Type: application/json; charset=utf-8
cache-control: no-cache
content-length: 14

12:22:02.136 [AsyncHttpClient-1-2] DEBUG org.asynchttpclient.netty.channel.ChannelManager - Adding key: http://localhost:50359 for channel [id: 0x8c6225a6, L:/127.0.0.1:49927 - R:localhost/127.0.0.1:50359]
12:22:02.153 [Forwarding getCurrentUrl on session a54d665c3f1224c55a1e31af7fec00ef to remote] DEBUG org.asynchttpclient.netty.request.NettyRequestSender - Using pooled Channel '[id: 0x8c6225a6, L:/127.0.0.1:49927 - R:localhost/127.0.0.1:50359]' for 'GET' to 'http://localhost:50359/session/a54d665c3f1224c55a1e31af7fec00ef/url'
12:22:02.153 [Forwarding getCurrentUrl on session a54d665c3f1224c55a1e31af7fec00ef to remote] DEBUG org.asynchttpclient.netty.request.NettyRequestSender - Using open Channel [id: 0x8c6225a6, L:/127.0.0.1:49927 - R:localhost/127.0.0.1:50359] for GET '/session/a54d665c3f1224c55a1e31af7fec00ef/url'
12:22:02.189 [AsyncHttpClient-1-2] DEBUG org.asynchttpclient.netty.handler.HttpHandler - 

Request DefaultFullHttpRequest(decodeResult: success, version: HTTP/1.1, content: EmptyByteBufBE)
GET /session/a54d665c3f1224c55a1e31af7fec00ef/url HTTP/1.1
User-Agent: selenium/4.1.2 (java windows)
Cache-Control: no-cache
Content-Type: application/json; charset=utf-8
host: localhost:50359
accept: */*

Response DefaultHttpResponse(decodeResult: success, version: HTTP/1.1)
HTTP/1.1 200 OK
Content-Type: application/json; charset=utf-8
cache-control: no-cache
content-length: 31

12:22:02.189 [AsyncHttpClient-1-2] DEBUG org.asynchttpclient.netty.channel.ChannelManager - Adding key: http://localhost:50359 for channel [id: 0x8c6225a6, L:/127.0.0.1:49927 - R:localhost/127.0.0.1:50359]
12:22:02.194 [Forwarding getCurrentUrl on session a54d665c3f1224c55a1e31af7fec00ef to remote] DEBUG org.asynchttpclient.netty.request.NettyRequestSender - Using pooled Channel '[id: 0x8c6225a6, L:/127.0.0.1:49927 - R:localhost/127.0.0.1:50359]' for 'GET' to 'http://localhost:50359/session/a54d665c3f1224c55a1e31af7fec00ef/url'
12:22:02.194 [Forwarding getCurrentUrl on session a54d665c3f1224c55a1e31af7fec00ef to remote] DEBUG org.asynchttpclient.netty.request.NettyRequestSender - Using open Channel [id: 0x8c6225a6, L:/127.0.0.1:49927 - R:localhost/127.0.0.1:50359] for GET '/session/a54d665c3f1224c55a1e31af7fec00ef/url'
12:22:02.205 [AsyncHttpClient-1-2] DEBUG org.asynchttpclient.netty.handler.HttpHandler - 

Request DefaultFullHttpRequest(decodeResult: success, version: HTTP/1.1, content: EmptyByteBufBE)
GET /session/a54d665c3f1224c55a1e31af7fec00ef/url HTTP/1.1
User-Agent: selenium/4.1.2 (java windows)
Cache-Control: no-cache
Content-Type: application/json; charset=utf-8
host: localhost:50359
accept: */*

Response DefaultHttpResponse(decodeResult: success, version: HTTP/1.1)
HTTP/1.1 200 OK
Content-Type: application/json; charset=utf-8
cache-control: no-cache
content-length: 31

12:22:02.205 [AsyncHttpClient-1-2] DEBUG org.asynchttpclient.netty.channel.ChannelManager - Adding key: http://localhost:50359 for channel [id: 0x8c6225a6, L:/127.0.0.1:49927 - R:localhost/127.0.0.1:50359]
12:22:02.225 [main] DEBUG net.serenitybdd.core.photography.Darkroom - Opening darkroom
12:22:02.227 [Forwarding screenshot on session a54d665c3f1224c55a1e31af7fec00ef to remote] DEBUG org.asynchttpclient.netty.request.NettyRequestSender - Using pooled Channel '[id: 0x8c6225a6, L:/127.0.0.1:49927 - R:localhost/127.0.0.1:50359]' for 'GET' to 'http://localhost:50359/session/a54d665c3f1224c55a1e31af7fec00ef/screenshot'
12:22:02.227 [Forwarding screenshot on session a54d665c3f1224c55a1e31af7fec00ef to remote] DEBUG org.asynchttpclient.netty.request.NettyRequestSender - Using open Channel [id: 0x8c6225a6, L:/127.0.0.1:49927 - R:localhost/127.0.0.1:50359] for GET '/session/a54d665c3f1224c55a1e31af7fec00ef/screenshot'
12:22:02.229 [Darkroom Processing Line] DEBUG net.serenitybdd.core.photography.DarkroomProcessingLine - Darkroom processing line starting up
12:22:02.962 [AsyncHttpClient-1-2] DEBUG org.asynchttpclient.netty.handler.HttpHandler - 

Request DefaultFullHttpRequest(decodeResult: success, version: HTTP/1.1, content: EmptyByteBufBE)
GET /session/a54d665c3f1224c55a1e31af7fec00ef/screenshot HTTP/1.1
User-Agent: selenium/4.1.2 (java windows)
Cache-Control: no-cache
Content-Type: application/json; charset=utf-8
host: localhost:50359
accept: */*

Response DefaultHttpResponse(decodeResult: success, version: HTTP/1.1)
HTTP/1.1 200 OK
Content-Type: application/json; charset=utf-8
cache-control: no-cache
content-length: 29104

12:22:02.962 [AsyncHttpClient-1-2] DEBUG org.asynchttpclient.netty.channel.ChannelManager - Adding key: http://localhost:50359 for channel [id: 0x8c6225a6, L:/127.0.0.1:49927 - R:localhost/127.0.0.1:50359]
12:22:03.034 [main] DEBUG net.serenitybdd.core.photography.Darkroom - Send negative for processing for target\site\serenity\6e4eedceafbe5c6bcafe92937d0bff90793b94bcc00b49adbee1537c36e824e3.png
12:22:03.036 [Darkroom Processing Line] DEBUG net.serenitybdd.core.photography.DarkroomProcessingLine - Processing screenshot image in /var/screenshots/screenshot-5461636327403245332
12:22:03.036 [Darkroom Processing Line] DEBUG net.serenitybdd.core.photography.DarkroomProcessingLine - Saving screenshot to target\site\serenity\6e4eedceafbe5c6bcafe92937d0bff90793b94bcc00b49adbee1537c36e824e3.png
12:22:03.037 [main] DEBUG net.thucydides.core.steps.StepInterceptor - STEP DONE: openPage
12:22:03.064 [main] DEBUG net.thucydides.core.steps.StepInterceptor - STARTING STEP: DetailSteps.useronhomepage - homepage
12:22:03.069 [Forwarding findElement on session a54d665c3f1224c55a1e31af7fec00ef to remote] DEBUG org.asynchttpclient.netty.request.NettyRequestSender - Using pooled Channel '[id: 0x8c6225a6, L:/127.0.0.1:49927 - R:localhost/127.0.0.1:50359]' for 'POST' to 'http://localhost:50359/session/a54d665c3f1224c55a1e31af7fec00ef/element'
12:22:03.069 [Forwarding findElement on session a54d665c3f1224c55a1e31af7fec00ef to remote] DEBUG org.asynchttpclient.netty.request.NettyRequestSender - Using open Channel [id: 0x8c6225a6, L:/127.0.0.1:49927 - R:localhost/127.0.0.1:50359] for POST '/session/a54d665c3f1224c55a1e31af7fec00ef/element'
12:22:03.091 [AsyncHttpClient-1-2] DEBUG org.asynchttpclient.netty.handler.HttpHandler - 

Request DefaultHttpRequest(decodeResult: success, version: HTTP/1.1)
POST /session/a54d665c3f1224c55a1e31af7fec00ef/element HTTP/1.1
User-Agent: selenium/4.1.2 (java windows)
Content-Length: 85
Content-Type: application/json; charset=utf-8
host: localhost:50359
accept: */*

Response DefaultHttpResponse(decodeResult: success, version: HTTP/1.1)
HTTP/1.1 200 OK
Content-Type: application/json; charset=utf-8
cache-control: no-cache
content-length: 88

12:22:03.091 [AsyncHttpClient-1-2] DEBUG org.asynchttpclient.netty.channel.ChannelManager - Adding key: http://localhost:50359 for channel [id: 0x8c6225a6, L:/127.0.0.1:49927 - R:localhost/127.0.0.1:50359]
12:22:03.102 [Forwarding isElementDisplayed on session a54d665c3f1224c55a1e31af7fec00ef to remote] DEBUG org.asynchttpclient.netty.request.NettyRequestSender - Using pooled Channel '[id: 0x8c6225a6, L:/127.0.0.1:49927 - R:localhost/127.0.0.1:50359]' for 'POST' to 'http://localhost:50359/session/a54d665c3f1224c55a1e31af7fec00ef/execute/sync'
12:22:03.102 [Forwarding isElementDisplayed on session a54d665c3f1224c55a1e31af7fec00ef to remote] DEBUG org.asynchttpclient.netty.request.NettyRequestSender - Using open Channel [id: 0x8c6225a6, L:/127.0.0.1:49927 - R:localhost/127.0.0.1:50359] for POST '/session/a54d665c3f1224c55a1e31af7fec00ef/execute/sync'
12:22:03.128 [AsyncHttpClient-1-1] DEBUG org.asynchttpclient.netty.channel.DefaultChannelPool - Entry count for : http://localhost:49928 : 1
12:22:03.130 [AsyncHttpClient-1-2] DEBUG org.asynchttpclient.netty.handler.HttpHandler - 

Request DefaultHttpRequest(decodeResult: success, version: HTTP/1.1)
POST /session/a54d665c3f1224c55a1e31af7fec00ef/execute/sync HTTP/1.1
User-Agent: selenium/4.1.2 (java windows)
Content-Length: 48780
Content-Type: application/json; charset=utf-8
host: localhost:50359
accept: */*

Response DefaultHttpResponse(decodeResult: success, version: HTTP/1.1)
HTTP/1.1 200 OK
Content-Type: application/json; charset=utf-8
cache-control: no-cache
content-length: 14

12:22:03.130 [AsyncHttpClient-1-2] DEBUG org.asynchttpclient.netty.channel.ChannelManager - Adding key: http://localhost:50359 for channel [id: 0x8c6225a6, L:/127.0.0.1:49927 - R:localhost/127.0.0.1:50359]
12:22:03.137 [Forwarding screenshot on session a54d665c3f1224c55a1e31af7fec00ef to remote] DEBUG org.asynchttpclient.netty.request.NettyRequestSender - Using pooled Channel '[id: 0x8c6225a6, L:/127.0.0.1:49927 - R:localhost/127.0.0.1:50359]' for 'GET' to 'http://localhost:50359/session/a54d665c3f1224c55a1e31af7fec00ef/screenshot'
12:22:03.137 [Forwarding screenshot on session a54d665c3f1224c55a1e31af7fec00ef to remote] DEBUG org.asynchttpclient.netty.request.NettyRequestSender - Using open Channel [id: 0x8c6225a6, L:/127.0.0.1:49927 - R:localhost/127.0.0.1:50359] for GET '/session/a54d665c3f1224c55a1e31af7fec00ef/screenshot'
12:22:03.259 [AsyncHttpClient-1-2] DEBUG org.asynchttpclient.netty.handler.HttpHandler - 

Request DefaultFullHttpRequest(decodeResult: success, version: HTTP/1.1, content: EmptyByteBufBE)
GET /session/a54d665c3f1224c55a1e31af7fec00ef/screenshot HTTP/1.1
User-Agent: selenium/4.1.2 (java windows)
Cache-Control: no-cache
Content-Type: application/json; charset=utf-8
host: localhost:50359
accept: */*

Response DefaultHttpResponse(decodeResult: success, version: HTTP/1.1)
HTTP/1.1 200 OK
Content-Type: application/json; charset=utf-8
cache-control: no-cache
content-length: 62216

12:22:03.260 [AsyncHttpClient-1-2] DEBUG org.asynchttpclient.netty.channel.ChannelManager - Adding key: http://localhost:50359 for channel [id: 0x8c6225a6, L:/127.0.0.1:49927 - R:localhost/127.0.0.1:50359]
12:22:03.263 [main] DEBUG net.serenitybdd.core.photography.Darkroom - Send negative for processing for target\site\serenity\d0e3a11f519378e75e145ca7ec5945fbcf8430ec8f85d49df1f8c9df9c016d51.png
12:22:03.263 [main] DEBUG net.thucydides.core.steps.StepInterceptor - STEP DONE: homepage
12:22:03.263 [Darkroom Processing Line] DEBUG net.serenitybdd.core.photography.DarkroomProcessingLine - Processing screenshot image in /var/screenshots/screenshot-18028298929020440088
12:22:03.263 [Darkroom Processing Line] DEBUG net.serenitybdd.core.photography.DarkroomProcessingLine - Saving screenshot to target\site\serenity\d0e3a11f519378e75e145ca7ec5945fbcf8430ec8f85d49df1f8c9df9c016d51.png
  &amp#27;[32mGiven &amp#27;[0m&amp#27;[32mUser on home page&amp#27;[0m                                &amp#27;[90m# starter.definitions.DetailSteps.useronhomepage()&amp#27;[0m
12:22:03.284 [main] DEBUG net.thucydides.core.steps.StepInterceptor - STARTING STEP: DetailSteps.userclickdetailtensidarahelektrik - validateclickdetailtensidarahlistrik
12:22:03.289 [Forwarding findElement on session a54d665c3f1224c55a1e31af7fec00ef to remote] DEBUG org.asynchttpclient.netty.request.NettyRequestSender - Using pooled Channel '[id: 0x8c6225a6, L:/127.0.0.1:49927 - R:localhost/127.0.0.1:50359]' for 'POST' to 'http://localhost:50359/session/a54d665c3f1224c55a1e31af7fec00ef/element'
12:22:03.290 [Forwarding findElement on session a54d665c3f1224c55a1e31af7fec00ef to remote] DEBUG org.asynchttpclient.netty.request.NettyRequestSender - Using open Channel [id: 0x8c6225a6, L:/127.0.0.1:49927 - R:localhost/127.0.0.1:50359] for POST '/session/a54d665c3f1224c55a1e31af7fec00ef/element'
12:22:03.308 [AsyncHttpClient-1-2] DEBUG org.asynchttpclient.netty.handler.HttpHandler - 

Request DefaultHttpRequest(decodeResult: success, version: HTTP/1.1)
POST /session/a54d665c3f1224c55a1e31af7fec00ef/element HTTP/1.1
User-Agent: selenium/4.1.2 (java windows)
Content-Length: 96
Content-Type: application/json; charset=utf-8
host: localhost:50359
accept: */*

Response DefaultHttpResponse(decodeResult: success, version: HTTP/1.1)
HTTP/1.1 200 OK
Content-Type: application/json; charset=utf-8
cache-control: no-cache
content-length: 88

12:22:03.308 [AsyncHttpClient-1-2] DEBUG org.asynchttpclient.netty.channel.ChannelManager - Adding key: http://localhost:50359 for channel [id: 0x8c6225a6, L:/127.0.0.1:49927 - R:localhost/127.0.0.1:50359]
12:22:03.310 [Forwarding getElementTagName on session a54d665c3f1224c55a1e31af7fec00ef to remote] DEBUG org.asynchttpclient.netty.request.NettyRequestSender - Using pooled Channel '[id: 0x8c6225a6, L:/127.0.0.1:49927 - R:localhost/127.0.0.1:50359]' for 'GET' to 'http://localhost:50359/session/a54d665c3f1224c55a1e31af7fec00ef/element/6e31c63a-5773-4c5c-99d9-03a206cf9687/name'
12:22:03.312 [Forwarding getElementTagName on session a54d665c3f1224c55a1e31af7fec00ef to remote] DEBUG org.asynchttpclient.netty.request.NettyRequestSender - Using open Channel [id: 0x8c6225a6, L:/127.0.0.1:49927 - R:localhost/127.0.0.1:50359] for GET '/session/a54d665c3f1224c55a1e31af7fec00ef/element/6e31c63a-5773-4c5c-99d9-03a206cf9687/name'
12:22:03.328 [AsyncHttpClient-1-2] DEBUG org.asynchttpclient.netty.handler.HttpHandler - 

Request DefaultFullHttpRequest(decodeResult: success, version: HTTP/1.1, content: EmptyByteBufBE)
GET /session/a54d665c3f1224c55a1e31af7fec00ef/element/6e31c63a-5773-4c5c-99d9-03a206cf9687/name HTTP/1.1
User-Agent: selenium/4.1.2 (java windows)
Cache-Control: no-cache
Content-Type: application/json; charset=utf-8
host: localhost:50359
accept: */*

Response DefaultHttpResponse(decodeResult: success, version: HTTP/1.1)
HTTP/1.1 200 OK
Content-Type: application/json; charset=utf-8
cache-control: no-cache
content-length: 18

12:22:03.329 [AsyncHttpClient-1-2] DEBUG org.asynchttpclient.netty.channel.ChannelManager - Adding key: http://localhost:50359 for channel [id: 0x8c6225a6, L:/127.0.0.1:49927 - R:localhost/127.0.0.1:50359]
12:22:03.331 [Forwarding getElementTagName on session a54d665c3f1224c55a1e31af7fec00ef to remote] DEBUG org.asynchttpclient.netty.request.NettyRequestSender - Using pooled Channel '[id: 0x8c6225a6, L:/127.0.0.1:49927 - R:localhost/127.0.0.1:50359]' for 'GET' to 'http://localhost:50359/session/a54d665c3f1224c55a1e31af7fec00ef/element/6e31c63a-5773-4c5c-99d9-03a206cf9687/name'
12:22:03.331 [Forwarding getElementTagName on session a54d665c3f1224c55a1e31af7fec00ef to remote] DEBUG org.asynchttpclient.netty.request.NettyRequestSender - Using open Channel [id: 0x8c6225a6, L:/127.0.0.1:49927 - R:localhost/127.0.0.1:50359] for GET '/session/a54d665c3f1224c55a1e31af7fec00ef/element/6e31c63a-5773-4c5c-99d9-03a206cf9687/name'
12:22:03.342 [AsyncHttpClient-1-2] DEBUG org.asynchttpclient.netty.handler.HttpHandler - 

Request DefaultFullHttpRequest(decodeResult: success, version: HTTP/1.1, content: EmptyByteBufBE)
GET /session/a54d665c3f1224c55a1e31af7fec00ef/element/6e31c63a-5773-4c5c-99d9-03a206cf9687/name HTTP/1.1
User-Agent: selenium/4.1.2 (java windows)
Cache-Control: no-cache
Content-Type: application/json; charset=utf-8
host: localhost:50359
accept: */*

Response DefaultHttpResponse(decodeResult: success, version: HTTP/1.1)
HTTP/1.1 200 OK
Content-Type: application/json; charset=utf-8
cache-control: no-cache
content-length: 18

12:22:03.343 [AsyncHttpClient-1-2] DEBUG org.asynchttpclient.netty.channel.ChannelManager - Adding key: http://localhost:50359 for channel [id: 0x8c6225a6, L:/127.0.0.1:49927 - R:localhost/127.0.0.1:50359]
12:22:03.348 [Forwarding isElementEnabled on session a54d665c3f1224c55a1e31af7fec00ef to remote] DEBUG org.asynchttpclient.netty.request.NettyRequestSender - Using pooled Channel '[id: 0x8c6225a6, L:/127.0.0.1:49927 - R:localhost/127.0.0.1:50359]' for 'GET' to 'http://localhost:50359/session/a54d665c3f1224c55a1e31af7fec00ef/element/6e31c63a-5773-4c5c-99d9-03a206cf9687/enabled'
12:22:03.348 [Forwarding isElementEnabled on session a54d665c3f1224c55a1e31af7fec00ef to remote] DEBUG org.asynchttpclient.netty.request.NettyRequestSender - Using open Channel [id: 0x8c6225a6, L:/127.0.0.1:49927 - R:localhost/127.0.0.1:50359] for GET '/session/a54d665c3f1224c55a1e31af7fec00ef/element/6e31c63a-5773-4c5c-99d9-03a206cf9687/enabled'
12:22:03.373 [AsyncHttpClient-1-2] DEBUG org.asynchttpclient.netty.handler.HttpHandler - 

Request DefaultFullHttpRequest(decodeResult: success, version: HTTP/1.1, content: EmptyByteBufBE)
GET /session/a54d665c3f1224c55a1e31af7fec00ef/element/6e31c63a-5773-4c5c-99d9-03a206cf9687/enabled HTTP/1.1
User-Agent: selenium/4.1.2 (java windows)
Cache-Control: no-cache
Content-Type: application/json; charset=utf-8
host: localhost:50359
accept: */*

Response DefaultHttpResponse(decodeResult: success, version: HTTP/1.1)
HTTP/1.1 200 OK
Content-Type: application/json; charset=utf-8
cache-control: no-cache
content-length: 14

12:22:03.374 [AsyncHttpClient-1-2] DEBUG org.asynchttpclient.netty.channel.ChannelManager - Adding key: http://localhost:50359 for channel [id: 0x8c6225a6, L:/127.0.0.1:49927 - R:localhost/127.0.0.1:50359]
12:22:03.376 [Forwarding isElementEnabled on session a54d665c3f1224c55a1e31af7fec00ef to remote] DEBUG org.asynchttpclient.netty.request.NettyRequestSender - Using pooled Channel '[id: 0x8c6225a6, L:/127.0.0.1:49927 - R:localhost/127.0.0.1:50359]' for 'GET' to 'http://localhost:50359/session/a54d665c3f1224c55a1e31af7fec00ef/element/6e31c63a-5773-4c5c-99d9-03a206cf9687/enabled'
12:22:03.376 [Forwarding isElementEnabled on session a54d665c3f1224c55a1e31af7fec00ef to remote] DEBUG org.asynchttpclient.netty.request.NettyRequestSender - Using open Channel [id: 0x8c6225a6, L:/127.0.0.1:49927 - R:localhost/127.0.0.1:50359] for GET '/session/a54d665c3f1224c55a1e31af7fec00ef/element/6e31c63a-5773-4c5c-99d9-03a206cf9687/enabled'
12:22:03.391 [AsyncHttpClient-1-2] DEBUG org.asynchttpclient.netty.handler.HttpHandler - 

Request DefaultFullHttpRequest(decodeResult: success, version: HTTP/1.1, content: EmptyByteBufBE)
GET /session/a54d665c3f1224c55a1e31af7fec00ef/element/6e31c63a-5773-4c5c-99d9-03a206cf9687/enabled HTTP/1.1
User-Agent: selenium/4.1.2 (java windows)
Cache-Control: no-cache
Content-Type: application/json; charset=utf-8
host: localhost:50359
accept: */*

Response DefaultHttpResponse(decodeResult: success, version: HTTP/1.1)
HTTP/1.1 200 OK
Content-Type: application/json; charset=utf-8
cache-control: no-cache
content-length: 14

12:22:03.391 [AsyncHttpClient-1-2] DEBUG org.asynchttpclient.netty.channel.ChannelManager - Adding key: http://localhost:50359 for channel [id: 0x8c6225a6, L:/127.0.0.1:49927 - R:localhost/127.0.0.1:50359]
12:22:03.394 [Forwarding findElement on session a54d665c3f1224c55a1e31af7fec00ef to remote] DEBUG org.asynchttpclient.netty.request.NettyRequestSender - Using pooled Channel '[id: 0x8c6225a6, L:/127.0.0.1:49927 - R:localhost/127.0.0.1:50359]' for 'POST' to 'http://localhost:50359/session/a54d665c3f1224c55a1e31af7fec00ef/element'
12:22:03.394 [Forwarding findElement on session a54d665c3f1224c55a1e31af7fec00ef to remote] DEBUG org.asynchttpclient.netty.request.NettyRequestSender - Using open Channel [id: 0x8c6225a6, L:/127.0.0.1:49927 - R:localhost/127.0.0.1:50359] for POST '/session/a54d665c3f1224c55a1e31af7fec00ef/element'
12:22:03.420 [AsyncHttpClient-1-2] DEBUG org.asynchttpclient.netty.handler.HttpHandler - 

Request DefaultHttpRequest(decodeResult: success, version: HTTP/1.1)
POST /session/a54d665c3f1224c55a1e31af7fec00ef/element HTTP/1.1
User-Agent: selenium/4.1.2 (java windows)
Content-Length: 96
Content-Type: application/json; charset=utf-8
host: localhost:50359
accept: */*

Response DefaultHttpResponse(decodeResult: success, version: HTTP/1.1)
HTTP/1.1 200 OK
Content-Type: application/json; charset=utf-8
cache-control: no-cache
content-length: 88

12:22:03.420 [AsyncHttpClient-1-2] DEBUG org.asynchttpclient.netty.channel.ChannelManager - Adding key: http://localhost:50359 for channel [id: 0x8c6225a6, L:/127.0.0.1:49927 - R:localhost/127.0.0.1:50359]
12:22:03.422 [Forwarding clickElement on session a54d665c3f1224c55a1e31af7fec00ef to remote] DEBUG org.asynchttpclient.netty.request.NettyRequestSender - Using pooled Channel '[id: 0x8c6225a6, L:/127.0.0.1:49927 - R:localhost/127.0.0.1:50359]' for 'POST' to 'http://localhost:50359/session/a54d665c3f1224c55a1e31af7fec00ef/element/6e31c63a-5773-4c5c-99d9-03a206cf9687/click'
12:22:03.422 [Forwarding clickElement on session a54d665c3f1224c55a1e31af7fec00ef to remote] DEBUG org.asynchttpclient.netty.request.NettyRequestSender - Using open Channel [id: 0x8c6225a6, L:/127.0.0.1:49927 - R:localhost/127.0.0.1:50359] for POST '/session/a54d665c3f1224c55a1e31af7fec00ef/element/6e31c63a-5773-4c5c-99d9-03a206cf9687/click'
12:22:03.496 [AsyncHttpClient-1-2] DEBUG org.asynchttpclient.netty.handler.HttpHandler - 

Request DefaultHttpRequest(decodeResult: success, version: HTTP/1.1)
POST /session/a54d665c3f1224c55a1e31af7fec00ef/element/6e31c63a-5773-4c5c-99d9-03a206cf9687/click HTTP/1.1
User-Agent: selenium/4.1.2 (java windows)
Content-Length: 50
Content-Type: application/json; charset=utf-8
host: localhost:50359
accept: */*

Response DefaultHttpResponse(decodeResult: success, version: HTTP/1.1)
HTTP/1.1 200 OK
Content-Type: application/json; charset=utf-8
cache-control: no-cache
content-length: 14

12:22:03.496 [AsyncHttpClient-1-2] DEBUG org.asynchttpclient.netty.channel.ChannelManager - Adding key: http://localhost:50359 for channel [id: 0x8c6225a6, L:/127.0.0.1:49927 - R:localhost/127.0.0.1:50359]
12:22:03.505 [Forwarding screenshot on session a54d665c3f1224c55a1e31af7fec00ef to remote] DEBUG org.asynchttpclient.netty.request.NettyRequestSender - Using pooled Channel '[id: 0x8c6225a6, L:/127.0.0.1:49927 - R:localhost/127.0.0.1:50359]' for 'GET' to 'http://localhost:50359/session/a54d665c3f1224c55a1e31af7fec00ef/screenshot'
12:22:03.506 [Forwarding screenshot on session a54d665c3f1224c55a1e31af7fec00ef to remote] DEBUG org.asynchttpclient.netty.request.NettyRequestSender - Using open Channel [id: 0x8c6225a6, L:/127.0.0.1:49927 - R:localhost/127.0.0.1:50359] for GET '/session/a54d665c3f1224c55a1e31af7fec00ef/screenshot'
12:22:03.836 [AsyncHttpClient-1-2] DEBUG org.asynchttpclient.netty.handler.HttpHandler - 

Request DefaultFullHttpRequest(decodeResult: success, version: HTTP/1.1, content: EmptyByteBufBE)
GET /session/a54d665c3f1224c55a1e31af7fec00ef/screenshot HTTP/1.1
User-Agent: selenium/4.1.2 (java windows)
Cache-Control: no-cache
Content-Type: application/json; charset=utf-8
host: localhost:50359
accept: */*

Response DefaultHttpResponse(decodeResult: success, version: HTTP/1.1)
HTTP/1.1 200 OK
Content-Type: application/json; charset=utf-8
cache-control: no-cache
content-length: 30228

12:22:03.836 [AsyncHttpClient-1-2] DEBUG org.asynchttpclient.netty.channel.ChannelManager - Adding key: http://localhost:50359 for channel [id: 0x8c6225a6, L:/127.0.0.1:49927 - R:localhost/127.0.0.1:50359]
12:22:03.839 [main] DEBUG net.serenitybdd.core.photography.Darkroom - Send negative for processing for target\site\serenity\b205d8b9ee88b7d4869bf8d9a8dd1ceed82718e2d095c9c1fa41fa566372f516.png
12:22:03.839 [main] DEBUG net.thucydides.core.steps.StepInterceptor - STEP DONE: validateclickdetailtensidarahlistrik
  &amp#27;[32mWhen &amp#27;[0m&amp#27;[32mUser click detail tensi darah elektrik&amp#27;[0m            &amp#27;[90m# starter.definitions.DetailSteps.userclickdetailtensidarahelektrik()&amp#27;[0m
12:22:03.839 [Darkroom Processing Line] DEBUG net.serenitybdd.core.photography.DarkroomProcessingLine - Processing screenshot image in /var/screenshots/screenshot-8069680552201472135
12:22:03.839 [Darkroom Processing Line] DEBUG net.serenitybdd.core.photography.DarkroomProcessingLine - Saving screenshot to target\site\serenity\b205d8b9ee88b7d4869bf8d9a8dd1ceed82718e2d095c9c1fa41fa566372f516.png
  &amp#27;[32mAnd &amp#27;[0m&amp#27;[32muser can see detail and rating of product&amp#27;[0m          &amp#27;[90m# starter.definitions.DetailSteps.usercanseedetailandratingofproduct()&amp#27;[0m
  &amp#27;[32mThen &amp#27;[0m&amp#27;[32muser sucsess see detail and rating of product&amp#27;[0m     &amp#27;[90m# starter.definitions.DetailSteps.usersucsessseedetailandratingofproduct()&amp#27;[0m
12:22:03.866 [main] INFO  - 
  _____   ___   ___   _____     ___     _     ___   ___   ___   ___  
 |_   _| | __| / __| |_   _|   | _ \   /_\   / __| / __| | __| |   \ 
   | |   | _|  \__ \   | |     |  _/  / _ \  \__ \ \__ \ | _|  | |) |
   |_|   |___| |___/   |_|     |_|   /_/ \_\ |___/ |___/ |___| |___/ 

user see detail or rating tensi darah elektrik
----------------------------------------------------------------------
12:22:03.981 [AsyncHttpClient-1-4] DEBUG org.asynchttpclient.netty.handler.WebSocketHandler - Channel Closed: [id: 0x36770bb1, L:/127.0.0.1:49935 ! R:localhost/127.0.0.1:49928] with attribute NettyResponseFuture{currentRetry=5,
	isDone=1,
	isCancelled=0,
	asyncHandler=org.asynchttpclient.ws.WebSocketUpgradeHandler@4d3f003c,
	nettyRequest=org.asynchttpclient.netty.request.NettyRequest@2eabccc1,
	future=java.util.concurrent.CompletableFuture@2ecdd983[Completed normally],
	uri=ws://localhost:49928/devtools/browser/db9bcafb-547b-4e99-9984-4a2af3c99e23,
	keepAlive=true,
	redirectCount=0,
	timeoutsHolder=null,
	inAuth=0,
	touch=1652242920569}
12:22:03.982 [AsyncHttpClient-1-4] DEBUG org.asynchttpclient.netty.channel.ChannelManager - Closing Channel [id: 0x36770bb1, L:/127.0.0.1:49935 ! R:localhost/127.0.0.1:49928] 
12:22:03.982 [Driver Command Executor] DEBUG org.asynchttpclient.netty.request.NettyRequestSender - Using pooled Channel '[id: 0x8c6225a6, L:/127.0.0.1:49927 - R:localhost/127.0.0.1:50359]' for 'DELETE' to 'http://localhost:50359/session/a54d665c3f1224c55a1e31af7fec00ef'
12:22:03.982 [Driver Command Executor] DEBUG org.asynchttpclient.netty.request.NettyRequestSender - Using open Channel [id: 0x8c6225a6, L:/127.0.0.1:49927 - R:localhost/127.0.0.1:50359] for DELETE '/session/a54d665c3f1224c55a1e31af7fec00ef'
12:22:04.092 [AsyncHttpClient-1-3] DEBUG org.asynchttpclient.netty.handler.HttpHandler - Unexpected I/O exception on channel [id: 0xe7a3f7c0, L:/127.0.0.1:49934 - R:localhost/127.0.0.1:49928]
java.net.SocketException: Connection reset
	at java.base/sun.nio.ch.SocketChannelImpl.throwConnectionReset(SocketChannelImpl.java:394)
	at java.base/sun.nio.ch.SocketChannelImpl.read(SocketChannelImpl.java:426)
	at io.netty.buffer.PooledByteBuf.setBytes(PooledByteBuf.java:258)
	at io.netty.buffer.AbstractByteBuf.writeBytes(AbstractByteBuf.java:1132)
	at io.netty.channel.socket.nio.NioSocketChannel.doReadBytes(NioSocketChannel.java:350)
	at io.netty.channel.nio.AbstractNioByteChannel$NioByteUnsafe.read(AbstractNioByteChannel.java:151)
	at io.netty.channel.nio.NioEventLoop.processSelectedKey(NioEventLoop.java:722)
	at io.netty.channel.nio.NioEventLoop.processSelectedKeysOptimized(NioEventLoop.java:658)
	at io.netty.channel.nio.NioEventLoop.processSelectedKeys(NioEventLoop.java:584)
	at io.netty.channel.nio.NioEventLoop.run(NioEventLoop.java:496)
	at io.netty.util.concurrent.SingleThreadEventExecutor$4.run(SingleThreadEventExecutor.java:986)
	at io.netty.util.internal.ThreadExecutorMap$2.run(ThreadExecutorMap.java:74)
	at io.netty.util.concurrent.FastThreadLocalRunnable.run(FastThreadLocalRunnable.java:30)
	at java.base/java.lang.Thread.run(Thread.java:833)
12:22:04.092 [AsyncHttpClient-1-3] DEBUG org.asynchttpclient.netty.channel.ChannelManager - Closing Channel [id: 0xe7a3f7c0, L:/127.0.0.1:49934 - R:localhost/127.0.0.1:49928] 
12:22:04.093 [AsyncHttpClient-1-3] DEBUG org.asynchttpclient.netty.handler.HttpHandler - Channel Closed: [id: 0xe7a3f7c0, L:/127.0.0.1:49934 ! R:localhost/127.0.0.1:49928] with attribute DISCARD
12:22:04.106 [AsyncHttpClient-1-2] DEBUG org.asynchttpclient.netty.handler.HttpHandler - 

Request DefaultFullHttpRequest(decodeResult: success, version: HTTP/1.1, content: EmptyByteBufBE)
DELETE /session/a54d665c3f1224c55a1e31af7fec00ef HTTP/1.1
User-Agent: selenium/4.1.2 (java windows)
Content-Type: application/json; charset=utf-8
host: localhost:50359
accept: */*

Response DefaultHttpResponse(decodeResult: success, version: HTTP/1.1)
HTTP/1.1 200 OK
Content-Type: application/json; charset=utf-8
cache-control: no-cache
content-length: 14

12:22:04.107 [AsyncHttpClient-1-2] DEBUG org.asynchttpclient.netty.channel.ChannelManager - Adding key: http://localhost:50359 for channel [id: 0x8c6225a6, L:/127.0.0.1:49927 - R:localhost/127.0.0.1:50359]
12:22:04.222 [AsyncHttpClient-1-1] DEBUG org.asynchttpclient.netty.channel.DefaultChannelPool - Entry count for : http://localhost:50359 : 1
12:22:04.222 [AsyncHttpClient-1-1] DEBUG org.asynchttpclient.netty.channel.DefaultChannelPool - Entry count for : http://localhost:49928 : 1
12:22:04.222 [AsyncHttpClient-1-1] DEBUG org.asynchttpclient.netty.channel.DefaultChannelPool - Adding Candidate expired Channel [id: 0xe7a3f7c0, L:/127.0.0.1:49934 ! R:localhost/127.0.0.1:49928] isIdleTimeoutExpired=false isRemotelyClosed=true isTtlExpired=false
12:22:04.222 [AsyncHttpClient-1-1] DEBUG org.asynchttpclient.netty.channel.DefaultChannelPool - Closing Idle Channel [id: 0xe7a3f7c0, L:/127.0.0.1:49934 ! R:localhost/127.0.0.1:49928]
12:22:04.223 [AsyncHttpClient-1-1] DEBUG org.asynchttpclient.netty.channel.DefaultChannelPool - Closed 1 connections out of 2 in 1 ms
12:22:04.631 [AsyncHttpClient-1-2] DEBUG org.asynchttpclient.netty.handler.HttpHandler - Channel Closed: [id: 0x8c6225a6, L:/127.0.0.1:49927 ! R:localhost/127.0.0.1:50359] with attribute DISCARD
]]></system-out>
    <system-err><![CDATA[Starting ChromeDriver 101.0.4951.41 (93c720db8323b3ec10d056025ab95c23a31997c9-refs/branch-heads/4951@{#904}) on port 50359
Only local connections are allowed.
Please see https://chromedriver.chromium.org/security-considerations for suggestions on keeping ChromeDriver safe.
ChromeDriver was started successfully.
May 11, 2022 12:22:00 PM org.openqa.selenium.remote.ProtocolHandshake createSession
INFO: Detected dialect: W3C
May 11, 2022 12:22:00 PM org.openqa.selenium.devtools.CdpVersionFinder findNearestMatch
WARNING: Unable to find an exact match for CDP version 101, so returning the closest version found: 97
May 11, 2022 12:22:00 PM org.openqa.selenium.devtools.CdpVersionFinder findNearestMatch
INFO: Found CDP implementation for version 101 of 97
]]></system-err>
  </testcase>
  <testcase name="As a user, i able to login successfully" classname="As a user, I want to see home page, So that i can buy books" time="6.511">
    <system-out><![CDATA[12:22:04.712 [main] INFO io.cucumber.core.plugin.SerenityReporter - Running feature from file:///D:/alta%20folder/final%20project/web%20testing/src/test/resources/features/Login.feature
12:22:04.715 [main] DEBUG net.thucydides.core.steps.StepEventBus - Test suite started for story net.thucydides.core.model.Story@1b3af7fc
12:22:04.715 [main] INFO  - Test Suite Started: As a user, I want to see home page, So that i can buy books

Scenario: As a user, i able to login successfully &amp#27;[90m# src/test/resources/features/Login.feature:4&amp#27;[0m
12:22:04.723 [main] INFO io.cucumber.core.plugin.SerenityReporter - Running feature from file:///D:/alta%20folder/final%20project/web%20testing/src/test/resources/features/Login.feature
12:22:04.725 [main] INFO  - 
  _____   ___   ___   _____     ___   _____     _     ___   _____   ___   ___  
 |_   _| | __| / __| |_   _|   / __| |_   _|   /_\   | _ \ |_   _| | __| |   \ 
   | |   | _|  \__ \   | |     \__ \   | |    / _ \  |   /   | |   | _|  | |) |
   |_|   |___| |___/   |_|     |___/   |_|   /_/ \_\ |_|_\   |_|   |___| |___/ 

As a user, i able to login successfully(as-a-user--i-want-to-see-home-page--so-that-i-can-buy-books;as-a-user--i-able-to-login-successfully)
--------------------------------------------------------------------------------
12:22:04.962 [main] DEBUG net.thucydides.core.steps.StepInterceptor - STARTING STEP: LoginSteps.ontheLoginPage - openPage
12:22:04.964 [main] INFO net.serenitybdd.core.webdriver.driverproviders.ChromeDriverProvider - Using automatically driver download
12:22:05.083 [main] DEBUG io.github.bonigarcia.wdm.cache.ResolutionCache - Resolution chrome=101 in cache (valid until 13:12:06 11/05/2022 WITA)
12:22:05.087 [main] DEBUG io.github.bonigarcia.wdm.cache.ResolutionCache - Resolution chrome101=101.0.4951.41 in cache (valid until 21:51:26 11/05/2022 WITA)
12:22:05.088 [main] INFO io.github.bonigarcia.wdm.WebDriverManager - Using chromedriver 101.0.4951.41 (resolved driver for Chrome 101)
12:22:05.102 [main] DEBUG io.github.bonigarcia.wdm.WebDriverManager - Driver chromedriver 101.0.4951.41 found in cache
12:22:05.103 [main] INFO io.github.bonigarcia.wdm.WebDriverManager - Exporting webdriver.chrome.driver as C:\Users\Rev\.cache\selenium\chromedriver\win32\101.0.4951.41\chromedriver.exe
12:22:05.241 [main] DEBUG net.serenitybdd.core.webdriver.driverproviders.ProvideNewDriver - Instantiating driver
12:22:05.241 [main] DEBUG net.serenitybdd.core.webdriver.driverproviders.ProvideNewDriver - Driver capabilities: Capabilities {acceptInsecureCerts: false, base.url: https://qa.alta.id, browserName: chrome, chrome.driver: webdriver/chromedriver.exe, driver: chrome, goog:chromeOptions: {args: [], extensions: []}}
12:22:05.326 [AsyncHttpClient-1-1] DEBUG org.asynchttpclient.netty.channel.DefaultChannelPool - Entry count for : http://localhost:50359 : 1
12:22:05.326 [AsyncHttpClient-1-1] DEBUG org.asynchttpclient.netty.channel.DefaultChannelPool - Adding Candidate expired Channel [id: 0x8c6225a6, L:/127.0.0.1:49927 ! R:localhost/127.0.0.1:50359] isIdleTimeoutExpired=false isRemotelyClosed=true isTtlExpired=false
12:22:05.326 [AsyncHttpClient-1-1] DEBUG org.asynchttpclient.netty.channel.DefaultChannelPool - Closing Idle Channel [id: 0x8c6225a6, L:/127.0.0.1:49927 ! R:localhost/127.0.0.1:50359]
12:22:05.326 [AsyncHttpClient-1-1] DEBUG org.asynchttpclient.netty.channel.DefaultChannelPool - Closed 1 connections out of 1 in 0 ms
12:22:05.462 [AsyncHttpClient-1-5] DEBUG org.asynchttpclient.netty.channel.NettyConnectListener - Using new Channel '[id: 0x34d55b48, L:/127.0.0.1:49955 - R:localhost/127.0.0.1:61430]' for 'POST' to '/session'
12:22:06.129 [AsyncHttpClient-1-5] DEBUG org.asynchttpclient.netty.handler.HttpHandler - 

Request DefaultHttpRequest(decodeResult: success, version: HTTP/1.1)
POST /session HTTP/1.1
User-Agent: selenium/4.1.2 (java windows)
Content-Length: 565
Content-Type: application/json; charset=utf-8
host: localhost:61430
accept: */*

Response DefaultHttpResponse(decodeResult: success, version: HTTP/1.1)
HTTP/1.1 200 OK
Content-Type: application/json; charset=utf-8
cache-control: no-cache
content-length: 788

12:22:06.129 [AsyncHttpClient-1-5] DEBUG org.asynchttpclient.netty.channel.ChannelManager - Adding key: http://localhost:61430 for channel [id: 0x34d55b48, L:/127.0.0.1:49955 - R:localhost/127.0.0.1:61430]
12:22:06.147 [AsyncHttpClient-1-6] DEBUG org.asynchttpclient.netty.channel.NettyConnectListener - Using new Channel '[id: 0x906e38da, L:/127.0.0.1:49963 - R:localhost/127.0.0.1:49956]' for 'GET' to '/json/version'
12:22:06.154 [AsyncHttpClient-1-6] DEBUG org.asynchttpclient.netty.handler.HttpHandler - 

Request DefaultFullHttpRequest(decodeResult: success, version: HTTP/1.1, content: EmptyByteBufBE)
GET /json/version HTTP/1.1
User-Agent: selenium/4.1.2 (java windows)
host: localhost:49956
accept: */*

Response DefaultHttpResponse(decodeResult: success, version: HTTP/1.1)
HTTP/1.1 200 OK
Content-Type: application/json; charset=UTF-8
content-length: 427

12:22:06.155 [AsyncHttpClient-1-6] DEBUG org.asynchttpclient.netty.channel.ChannelManager - Adding key: http://localhost:49956 for channel [id: 0x906e38da, L:/127.0.0.1:49963 - R:localhost/127.0.0.1:49956]
12:22:06.158 [AsyncHttpClient-1-7] DEBUG org.asynchttpclient.netty.channel.NettyConnectListener - Using new Channel '[id: 0x0505c794, L:/127.0.0.1:49964 - R:localhost/127.0.0.1:49956]' for 'GET' to '/devtools/browser/7feb2a23-0dde-4698-9865-7d187356a44b'
12:22:06.166 [AsyncHttpClient-1-7] DEBUG org.asynchttpclient.netty.handler.WebSocketHandler - 

Request DefaultFullHttpRequest(decodeResult: success, version: HTTP/1.1, content: EmptyByteBufBE)
GET /devtools/browser/7feb2a23-0dde-4698-9865-7d187356a44b HTTP/1.1
upgrade: websocket
connection: upgrade
sec-websocket-key: PJzi24l3+v0sQGT3tMPNsw==
sec-websocket-version: 13
origin: http://localhost:49956
host: localhost:49956
accept: */*
user-agent: AHC/2.1

Response DefaultHttpResponse(decodeResult: success, version: HTTP/1.1)
HTTP/1.1 101 WebSocket Protocol Handshake
Upgrade: WebSocket
Connection: Upgrade
Sec-WebSocket-Accept: iSiW3Ct5uGeQ0ybwSLY/javzXEE=

12:22:06.171 [Forwarding get on session 6fb588ece3e3acaaaa3999fba9816254 to remote] DEBUG org.asynchttpclient.netty.request.NettyRequestSender - Using pooled Channel '[id: 0x34d55b48, L:/127.0.0.1:49955 - R:localhost/127.0.0.1:61430]' for 'POST' to 'http://localhost:61430/session/6fb588ece3e3acaaaa3999fba9816254/url'
12:22:06.171 [Forwarding get on session 6fb588ece3e3acaaaa3999fba9816254 to remote] DEBUG org.asynchttpclient.netty.request.NettyRequestSender - Using open Channel [id: 0x34d55b48, L:/127.0.0.1:49955 - R:localhost/127.0.0.1:61430] for POST '/session/6fb588ece3e3acaaaa3999fba9816254/url'
12:22:06.427 [AsyncHttpClient-1-1] DEBUG org.asynchttpclient.netty.channel.DefaultChannelPool - Entry count for : http://localhost:49956 : 1
12:22:06.911 [AsyncHttpClient-1-5] DEBUG org.asynchttpclient.netty.handler.HttpHandler - 

Request DefaultHttpRequest(decodeResult: success, version: HTTP/1.1)
POST /session/6fb588ece3e3acaaaa3999fba9816254/url HTTP/1.1
User-Agent: selenium/4.1.2 (java windows)
Content-Length: 43
Content-Type: application/json; charset=utf-8
host: localhost:61430
accept: */*

Response DefaultHttpResponse(decodeResult: success, version: HTTP/1.1)
HTTP/1.1 200 OK
Content-Type: application/json; charset=utf-8
cache-control: no-cache
content-length: 14

12:22:06.911 [AsyncHttpClient-1-5] DEBUG org.asynchttpclient.netty.channel.ChannelManager - Adding key: http://localhost:61430 for channel [id: 0x34d55b48, L:/127.0.0.1:49955 - R:localhost/127.0.0.1:61430]
12:22:06.913 [Forwarding setTimeout on session 6fb588ece3e3acaaaa3999fba9816254 to remote] DEBUG org.asynchttpclient.netty.request.NettyRequestSender - Using pooled Channel '[id: 0x34d55b48, L:/127.0.0.1:49955 - R:localhost/127.0.0.1:61430]' for 'POST' to 'http://localhost:61430/session/6fb588ece3e3acaaaa3999fba9816254/timeouts'
12:22:06.913 [Forwarding setTimeout on session 6fb588ece3e3acaaaa3999fba9816254 to remote] DEBUG org.asynchttpclient.netty.request.NettyRequestSender - Using open Channel [id: 0x34d55b48, L:/127.0.0.1:49955 - R:localhost/127.0.0.1:61430] for POST '/session/6fb588ece3e3acaaaa3999fba9816254/timeouts'
12:22:06.918 [AsyncHttpClient-1-5] DEBUG org.asynchttpclient.netty.handler.HttpHandler - 

Request DefaultHttpRequest(decodeResult: success, version: HTTP/1.1)
POST /session/6fb588ece3e3acaaaa3999fba9816254/timeouts HTTP/1.1
User-Agent: selenium/4.1.2 (java windows)
Content-Length: 22
Content-Type: application/json; charset=utf-8
host: localhost:61430
accept: */*

Response DefaultHttpResponse(decodeResult: success, version: HTTP/1.1)
HTTP/1.1 200 OK
Content-Type: application/json; charset=utf-8
cache-control: no-cache
content-length: 14

12:22:06.919 [AsyncHttpClient-1-5] DEBUG org.asynchttpclient.netty.channel.ChannelManager - Adding key: http://localhost:61430 for channel [id: 0x34d55b48, L:/127.0.0.1:49955 - R:localhost/127.0.0.1:61430]
12:22:06.922 [Forwarding getCurrentUrl on session 6fb588ece3e3acaaaa3999fba9816254 to remote] DEBUG org.asynchttpclient.netty.request.NettyRequestSender - Using pooled Channel '[id: 0x34d55b48, L:/127.0.0.1:49955 - R:localhost/127.0.0.1:61430]' for 'GET' to 'http://localhost:61430/session/6fb588ece3e3acaaaa3999fba9816254/url'
12:22:06.922 [Forwarding getCurrentUrl on session 6fb588ece3e3acaaaa3999fba9816254 to remote] DEBUG org.asynchttpclient.netty.request.NettyRequestSender - Using open Channel [id: 0x34d55b48, L:/127.0.0.1:49955 - R:localhost/127.0.0.1:61430] for GET '/session/6fb588ece3e3acaaaa3999fba9816254/url'
12:22:06.932 [AsyncHttpClient-1-5] DEBUG org.asynchttpclient.netty.handler.HttpHandler - 

Request DefaultFullHttpRequest(decodeResult: success, version: HTTP/1.1, content: EmptyByteBufBE)
GET /session/6fb588ece3e3acaaaa3999fba9816254/url HTTP/1.1
User-Agent: selenium/4.1.2 (java windows)
Cache-Control: no-cache
Content-Type: application/json; charset=utf-8
host: localhost:61430
accept: */*

Response DefaultHttpResponse(decodeResult: success, version: HTTP/1.1)
HTTP/1.1 200 OK
Content-Type: application/json; charset=utf-8
cache-control: no-cache
content-length: 31

12:22:06.932 [AsyncHttpClient-1-5] DEBUG org.asynchttpclient.netty.channel.ChannelManager - Adding key: http://localhost:61430 for channel [id: 0x34d55b48, L:/127.0.0.1:49955 - R:localhost/127.0.0.1:61430]
12:22:06.936 [Forwarding getCurrentUrl on session 6fb588ece3e3acaaaa3999fba9816254 to remote] DEBUG org.asynchttpclient.netty.request.NettyRequestSender - Using pooled Channel '[id: 0x34d55b48, L:/127.0.0.1:49955 - R:localhost/127.0.0.1:61430]' for 'GET' to 'http://localhost:61430/session/6fb588ece3e3acaaaa3999fba9816254/url'
12:22:06.936 [Forwarding getCurrentUrl on session 6fb588ece3e3acaaaa3999fba9816254 to remote] DEBUG org.asynchttpclient.netty.request.NettyRequestSender - Using open Channel [id: 0x34d55b48, L:/127.0.0.1:49955 - R:localhost/127.0.0.1:61430] for GET '/session/6fb588ece3e3acaaaa3999fba9816254/url'
12:22:06.942 [AsyncHttpClient-1-5] DEBUG org.asynchttpclient.netty.handler.HttpHandler - 

Request DefaultFullHttpRequest(decodeResult: success, version: HTTP/1.1, content: EmptyByteBufBE)
GET /session/6fb588ece3e3acaaaa3999fba9816254/url HTTP/1.1
User-Agent: selenium/4.1.2 (java windows)
Cache-Control: no-cache
Content-Type: application/json; charset=utf-8
host: localhost:61430
accept: */*

Response DefaultHttpResponse(decodeResult: success, version: HTTP/1.1)
HTTP/1.1 200 OK
Content-Type: application/json; charset=utf-8
cache-control: no-cache
content-length: 31

12:22:06.943 [AsyncHttpClient-1-5] DEBUG org.asynchttpclient.netty.channel.ChannelManager - Adding key: http://localhost:61430 for channel [id: 0x34d55b48, L:/127.0.0.1:49955 - R:localhost/127.0.0.1:61430]
12:22:06.949 [main] DEBUG net.serenitybdd.core.photography.Darkroom - Opening darkroom
12:22:06.950 [Forwarding screenshot on session 6fb588ece3e3acaaaa3999fba9816254 to remote] DEBUG org.asynchttpclient.netty.request.NettyRequestSender - Using pooled Channel '[id: 0x34d55b48, L:/127.0.0.1:49955 - R:localhost/127.0.0.1:61430]' for 'GET' to 'http://localhost:61430/session/6fb588ece3e3acaaaa3999fba9816254/screenshot'
12:22:06.950 [Forwarding screenshot on session 6fb588ece3e3acaaaa3999fba9816254 to remote] DEBUG org.asynchttpclient.netty.request.NettyRequestSender - Using open Channel [id: 0x34d55b48, L:/127.0.0.1:49955 - R:localhost/127.0.0.1:61430] for GET '/session/6fb588ece3e3acaaaa3999fba9816254/screenshot'
12:22:06.952 [Darkroom Processing Line] DEBUG net.serenitybdd.core.photography.DarkroomProcessingLine - Darkroom processing line starting up
12:22:07.522 [AsyncHttpClient-1-1] DEBUG org.asynchttpclient.netty.channel.DefaultChannelPool - Entry count for : http://localhost:49956 : 1
12:22:07.797 [AsyncHttpClient-1-5] DEBUG org.asynchttpclient.netty.handler.HttpHandler - 

Request DefaultFullHttpRequest(decodeResult: success, version: HTTP/1.1, content: EmptyByteBufBE)
GET /session/6fb588ece3e3acaaaa3999fba9816254/screenshot HTTP/1.1
User-Agent: selenium/4.1.2 (java windows)
Cache-Control: no-cache
Content-Type: application/json; charset=utf-8
host: localhost:61430
accept: */*

Response DefaultHttpResponse(decodeResult: success, version: HTTP/1.1)
HTTP/1.1 200 OK
Content-Type: application/json; charset=utf-8
cache-control: no-cache
content-length: 62216

12:22:07.798 [AsyncHttpClient-1-5] DEBUG org.asynchttpclient.netty.channel.ChannelManager - Adding key: http://localhost:61430 for channel [id: 0x34d55b48, L:/127.0.0.1:49955 - R:localhost/127.0.0.1:61430]
12:22:07.804 [main] DEBUG net.serenitybdd.core.photography.Darkroom - Send negative for processing for target\site\serenity\d0e3a11f519378e75e145ca7ec5945fbcf8430ec8f85d49df1f8c9df9c016d51.png
12:22:07.804 [main] DEBUG net.thucydides.core.steps.StepInterceptor - STEP DONE: openPage
12:22:07.811 [main] DEBUG net.thucydides.core.steps.StepInterceptor - STARTING STEP: LoginSteps.ontheLoginPage - clickLoginIcon
12:22:07.815 [Forwarding findElement on session 6fb588ece3e3acaaaa3999fba9816254 to remote] DEBUG org.asynchttpclient.netty.request.NettyRequestSender - Using pooled Channel '[id: 0x34d55b48, L:/127.0.0.1:49955 - R:localhost/127.0.0.1:61430]' for 'POST' to 'http://localhost:61430/session/6fb588ece3e3acaaaa3999fba9816254/element'
12:22:07.815 [Forwarding findElement on session 6fb588ece3e3acaaaa3999fba9816254 to remote] DEBUG org.asynchttpclient.netty.request.NettyRequestSender - Using open Channel [id: 0x34d55b48, L:/127.0.0.1:49955 - R:localhost/127.0.0.1:61430] for POST '/session/6fb588ece3e3acaaaa3999fba9816254/element'
12:22:07.836 [AsyncHttpClient-1-5] DEBUG org.asynchttpclient.netty.handler.HttpHandler - 

Request DefaultHttpRequest(decodeResult: success, version: HTTP/1.1)
POST /session/6fb588ece3e3acaaaa3999fba9816254/element HTTP/1.1
User-Agent: selenium/4.1.2 (java windows)
Content-Length: 139
Content-Type: application/json; charset=utf-8
host: localhost:61430
accept: */*

Response DefaultHttpResponse(decodeResult: success, version: HTTP/1.1)
HTTP/1.1 200 OK
Content-Type: application/json; charset=utf-8
cache-control: no-cache
content-length: 88

12:22:07.836 [AsyncHttpClient-1-5] DEBUG org.asynchttpclient.netty.channel.ChannelManager - Adding key: http://localhost:61430 for channel [id: 0x34d55b48, L:/127.0.0.1:49955 - R:localhost/127.0.0.1:61430]
12:22:07.838 [Forwarding getElementTagName on session 6fb588ece3e3acaaaa3999fba9816254 to remote] DEBUG org.asynchttpclient.netty.request.NettyRequestSender - Using pooled Channel '[id: 0x34d55b48, L:/127.0.0.1:49955 - R:localhost/127.0.0.1:61430]' for 'GET' to 'http://localhost:61430/session/6fb588ece3e3acaaaa3999fba9816254/element/3a4daacd-7373-4e2f-aaa4-e3153bd7758f/name'
12:22:07.839 [Forwarding getElementTagName on session 6fb588ece3e3acaaaa3999fba9816254 to remote] DEBUG org.asynchttpclient.netty.request.NettyRequestSender - Using open Channel [id: 0x34d55b48, L:/127.0.0.1:49955 - R:localhost/127.0.0.1:61430] for GET '/session/6fb588ece3e3acaaaa3999fba9816254/element/3a4daacd-7373-4e2f-aaa4-e3153bd7758f/name'
12:22:07.846 [AsyncHttpClient-1-5] DEBUG org.asynchttpclient.netty.handler.HttpHandler - 

Request DefaultFullHttpRequest(decodeResult: success, version: HTTP/1.1, content: EmptyByteBufBE)
GET /session/6fb588ece3e3acaaaa3999fba9816254/element/3a4daacd-7373-4e2f-aaa4-e3153bd7758f/name HTTP/1.1
User-Agent: selenium/4.1.2 (java windows)
Cache-Control: no-cache
Content-Type: application/json; charset=utf-8
host: localhost:61430
accept: */*

Response DefaultHttpResponse(decodeResult: success, version: HTTP/1.1)
HTTP/1.1 200 OK
Content-Type: application/json; charset=utf-8
cache-control: no-cache
content-length: 18

12:22:07.846 [AsyncHttpClient-1-5] DEBUG org.asynchttpclient.netty.channel.ChannelManager - Adding key: http://localhost:61430 for channel [id: 0x34d55b48, L:/127.0.0.1:49955 - R:localhost/127.0.0.1:61430]
12:22:07.848 [Forwarding getElementTagName on session 6fb588ece3e3acaaaa3999fba9816254 to remote] DEBUG org.asynchttpclient.netty.request.NettyRequestSender - Using pooled Channel '[id: 0x34d55b48, L:/127.0.0.1:49955 - R:localhost/127.0.0.1:61430]' for 'GET' to 'http://localhost:61430/session/6fb588ece3e3acaaaa3999fba9816254/element/3a4daacd-7373-4e2f-aaa4-e3153bd7758f/name'
12:22:07.848 [Forwarding getElementTagName on session 6fb588ece3e3acaaaa3999fba9816254 to remote] DEBUG org.asynchttpclient.netty.request.NettyRequestSender - Using open Channel [id: 0x34d55b48, L:/127.0.0.1:49955 - R:localhost/127.0.0.1:61430] for GET '/session/6fb588ece3e3acaaaa3999fba9816254/element/3a4daacd-7373-4e2f-aaa4-e3153bd7758f/name'
12:22:07.856 [AsyncHttpClient-1-5] DEBUG org.asynchttpclient.netty.handler.HttpHandler - 

Request DefaultFullHttpRequest(decodeResult: success, version: HTTP/1.1, content: EmptyByteBufBE)
GET /session/6fb588ece3e3acaaaa3999fba9816254/element/3a4daacd-7373-4e2f-aaa4-e3153bd7758f/name HTTP/1.1
User-Agent: selenium/4.1.2 (java windows)
Cache-Control: no-cache
Content-Type: application/json; charset=utf-8
host: localhost:61430
accept: */*

Response DefaultHttpResponse(decodeResult: success, version: HTTP/1.1)
HTTP/1.1 200 OK
Content-Type: application/json; charset=utf-8
cache-control: no-cache
content-length: 18

12:22:07.856 [AsyncHttpClient-1-5] DEBUG org.asynchttpclient.netty.channel.ChannelManager - Adding key: http://localhost:61430 for channel [id: 0x34d55b48, L:/127.0.0.1:49955 - R:localhost/127.0.0.1:61430]
12:22:07.859 [Forwarding isElementEnabled on session 6fb588ece3e3acaaaa3999fba9816254 to remote] DEBUG org.asynchttpclient.netty.request.NettyRequestSender - Using pooled Channel '[id: 0x34d55b48, L:/127.0.0.1:49955 - R:localhost/127.0.0.1:61430]' for 'GET' to 'http://localhost:61430/session/6fb588ece3e3acaaaa3999fba9816254/element/3a4daacd-7373-4e2f-aaa4-e3153bd7758f/enabled'
12:22:07.860 [Forwarding isElementEnabled on session 6fb588ece3e3acaaaa3999fba9816254 to remote] DEBUG org.asynchttpclient.netty.request.NettyRequestSender - Using open Channel [id: 0x34d55b48, L:/127.0.0.1:49955 - R:localhost/127.0.0.1:61430] for GET '/session/6fb588ece3e3acaaaa3999fba9816254/element/3a4daacd-7373-4e2f-aaa4-e3153bd7758f/enabled'
12:22:07.876 [AsyncHttpClient-1-5] DEBUG org.asynchttpclient.netty.handler.HttpHandler - 

Request DefaultFullHttpRequest(decodeResult: success, version: HTTP/1.1, content: EmptyByteBufBE)
GET /session/6fb588ece3e3acaaaa3999fba9816254/element/3a4daacd-7373-4e2f-aaa4-e3153bd7758f/enabled HTTP/1.1
User-Agent: selenium/4.1.2 (java windows)
Cache-Control: no-cache
Content-Type: application/json; charset=utf-8
host: localhost:61430
accept: */*

Response DefaultHttpResponse(decodeResult: success, version: HTTP/1.1)
HTTP/1.1 200 OK
Content-Type: application/json; charset=utf-8
cache-control: no-cache
content-length: 14

12:22:07.876 [AsyncHttpClient-1-5] DEBUG org.asynchttpclient.netty.channel.ChannelManager - Adding key: http://localhost:61430 for channel [id: 0x34d55b48, L:/127.0.0.1:49955 - R:localhost/127.0.0.1:61430]
12:22:07.878 [Forwarding isElementEnabled on session 6fb588ece3e3acaaaa3999fba9816254 to remote] DEBUG org.asynchttpclient.netty.request.NettyRequestSender - Using pooled Channel '[id: 0x34d55b48, L:/127.0.0.1:49955 - R:localhost/127.0.0.1:61430]' for 'GET' to 'http://localhost:61430/session/6fb588ece3e3acaaaa3999fba9816254/element/3a4daacd-7373-4e2f-aaa4-e3153bd7758f/enabled'
12:22:07.878 [Forwarding isElementEnabled on session 6fb588ece3e3acaaaa3999fba9816254 to remote] DEBUG org.asynchttpclient.netty.request.NettyRequestSender - Using open Channel [id: 0x34d55b48, L:/127.0.0.1:49955 - R:localhost/127.0.0.1:61430] for GET '/session/6fb588ece3e3acaaaa3999fba9816254/element/3a4daacd-7373-4e2f-aaa4-e3153bd7758f/enabled'
12:22:07.891 [AsyncHttpClient-1-5] DEBUG org.asynchttpclient.netty.handler.HttpHandler - 

Request DefaultFullHttpRequest(decodeResult: success, version: HTTP/1.1, content: EmptyByteBufBE)
GET /session/6fb588ece3e3acaaaa3999fba9816254/element/3a4daacd-7373-4e2f-aaa4-e3153bd7758f/enabled HTTP/1.1
User-Agent: selenium/4.1.2 (java windows)
Cache-Control: no-cache
Content-Type: application/json; charset=utf-8
host: localhost:61430
accept: */*

Response DefaultHttpResponse(decodeResult: success, version: HTTP/1.1)
HTTP/1.1 200 OK
Content-Type: application/json; charset=utf-8
cache-control: no-cache
content-length: 14

12:22:07.891 [AsyncHttpClient-1-5] DEBUG org.asynchttpclient.netty.channel.ChannelManager - Adding key: http://localhost:61430 for channel [id: 0x34d55b48, L:/127.0.0.1:49955 - R:localhost/127.0.0.1:61430]
12:22:07.893 [Forwarding findElement on session 6fb588ece3e3acaaaa3999fba9816254 to remote] DEBUG org.asynchttpclient.netty.request.NettyRequestSender - Using pooled Channel '[id: 0x34d55b48, L:/127.0.0.1:49955 - R:localhost/127.0.0.1:61430]' for 'POST' to 'http://localhost:61430/session/6fb588ece3e3acaaaa3999fba9816254/element'
12:22:07.893 [Forwarding findElement on session 6fb588ece3e3acaaaa3999fba9816254 to remote] DEBUG org.asynchttpclient.netty.request.NettyRequestSender - Using open Channel [id: 0x34d55b48, L:/127.0.0.1:49955 - R:localhost/127.0.0.1:61430] for POST '/session/6fb588ece3e3acaaaa3999fba9816254/element'
12:22:07.907 [AsyncHttpClient-1-5] DEBUG org.asynchttpclient.netty.handler.HttpHandler - 

Request DefaultHttpRequest(decodeResult: success, version: HTTP/1.1)
POST /session/6fb588ece3e3acaaaa3999fba9816254/element HTTP/1.1
User-Agent: selenium/4.1.2 (java windows)
Content-Length: 139
Content-Type: application/json; charset=utf-8
host: localhost:61430
accept: */*

Response DefaultHttpResponse(decodeResult: success, version: HTTP/1.1)
HTTP/1.1 200 OK
Content-Type: application/json; charset=utf-8
cache-control: no-cache
content-length: 88

[...]
12:22:27.263 [Forwarding clickElement on session cd7b45b524a9a4d4ba67a5c2d3890bfb to remote] DEBUG org.asynchttpclient.netty.request.NettyRequestSender - Using pooled Channel '[id: 0x3e39a358, L:/127.0.0.1:50046 - R:localhost/127.0.0.1:60024]' for 'POST' to 'http://localhost:60024/session/cd7b45b524a9a4d4ba67a5c2d3890bfb/element/14c07932-41ea-4d9d-8c07-6597e08fdb0c/click'
12:22:27.263 [Forwarding clickElement on session cd7b45b524a9a4d4ba67a5c2d3890bfb to remote] DEBUG org.asynchttpclient.netty.request.NettyRequestSender - Using open Channel [id: 0x3e39a358, L:/127.0.0.1:50046 - R:localhost/127.0.0.1:60024] for POST '/session/cd7b45b524a9a4d4ba67a5c2d3890bfb/element/14c07932-41ea-4d9d-8c07-6597e08fdb0c/click'
12:22:27.322 [AsyncHttpClient-1-1] DEBUG org.asynchttpclient.netty.channel.DefaultChannelPool - Entry count for : http://localhost:50047 : 1
12:22:27.384 [AsyncHttpClient-1-14] DEBUG org.asynchttpclient.netty.handler.HttpHandler - 

Request DefaultHttpRequest(decodeResult: success, version: HTTP/1.1)
POST /session/cd7b45b524a9a4d4ba67a5c2d3890bfb/element/14c07932-41ea-4d9d-8c07-6597e08fdb0c/click HTTP/1.1
User-Agent: selenium/4.1.2 (java windows)
Content-Length: 50
Content-Type: application/json; charset=utf-8
host: localhost:60024
accept: */*

Response DefaultHttpResponse(decodeResult: success, version: HTTP/1.1)
HTTP/1.1 200 OK
Content-Type: application/json; charset=utf-8
cache-control: no-cache
content-length: 14

12:22:27.384 [AsyncHttpClient-1-14] DEBUG org.asynchttpclient.netty.channel.ChannelManager - Adding key: http://localhost:60024 for channel [id: 0x3e39a358, L:/127.0.0.1:50046 - R:localhost/127.0.0.1:60024]
12:22:27.390 [Forwarding screenshot on session cd7b45b524a9a4d4ba67a5c2d3890bfb to remote] DEBUG org.asynchttpclient.netty.request.NettyRequestSender - Using pooled Channel '[id: 0x3e39a358, L:/127.0.0.1:50046 - R:localhost/127.0.0.1:60024]' for 'GET' to 'http://localhost:60024/session/cd7b45b524a9a4d4ba67a5c2d3890bfb/screenshot'
12:22:27.390 [Forwarding screenshot on session cd7b45b524a9a4d4ba67a5c2d3890bfb to remote] DEBUG org.asynchttpclient.netty.request.NettyRequestSender - Using open Channel [id: 0x3e39a358, L:/127.0.0.1:50046 - R:localhost/127.0.0.1:60024] for GET '/session/cd7b45b524a9a4d4ba67a5c2d3890bfb/screenshot'
12:22:27.562 [AsyncHttpClient-1-14] DEBUG org.asynchttpclient.netty.handler.HttpHandler - 

Request DefaultFullHttpRequest(decodeResult: success, version: HTTP/1.1, content: EmptyByteBufBE)
GET /session/cd7b45b524a9a4d4ba67a5c2d3890bfb/screenshot HTTP/1.1
User-Agent: selenium/4.1.2 (java windows)
Cache-Control: no-cache
Content-Type: application/json; charset=utf-8
host: localhost:60024
accept: */*

Response DefaultHttpResponse(decodeResult: success, version: HTTP/1.1)
HTTP/1.1 200 OK
Content-Type: application/json; charset=utf-8
cache-control: no-cache
content-length: 35060

12:22:27.562 [AsyncHttpClient-1-14] DEBUG org.asynchttpclient.netty.channel.ChannelManager - Adding key: http://localhost:60024 for channel [id: 0x3e39a358, L:/127.0.0.1:50046 - R:localhost/127.0.0.1:60024]
12:22:27.564 [main] DEBUG net.serenitybdd.core.photography.Darkroom - Send negative for processing for target\site\serenity\c7f04478a48834072c8b913f7435cc1a152074bbc3476f22cad9186a6e8e2502.png
12:22:27.564 [main] DEBUG net.thucydides.core.steps.StepInterceptor - STEP DONE: userchoseehealtycategory
  &amp#27;[32mAnd &amp#27;[0m&amp#27;[32muser choose healty category&amp#27;[0m          &amp#27;[90m# starter.definitions.SelectCategorySteps.userchoosehealtycategory()&amp#27;[0m
12:22:27.565 [Darkroom Processing Line] DEBUG net.serenitybdd.core.photography.DarkroomProcessingLine - Processing screenshot image in /var/screenshots/screenshot-13984373418088967417
12:22:27.565 [Darkroom Processing Line] DEBUG net.serenitybdd.core.photography.DarkroomProcessingLine - Saving screenshot to target\site\serenity\c7f04478a48834072c8b913f7435cc1a152074bbc3476f22cad9186a6e8e2502.png
12:22:27.579 [main] DEBUG net.thucydides.core.steps.StepInterceptor - STARTING STEP: SelectCategorySteps.sucsessclickhealtycategory - userclickcategory
12:22:27.582 [Forwarding findElement on session cd7b45b524a9a4d4ba67a5c2d3890bfb to remote] DEBUG org.asynchttpclient.netty.request.NettyRequestSender - Using pooled Channel '[id: 0x3e39a358, L:/127.0.0.1:50046 - R:localhost/127.0.0.1:60024]' for 'POST' to 'http://localhost:60024/session/cd7b45b524a9a4d4ba67a5c2d3890bfb/element'
12:22:27.582 [Forwarding findElement on session cd7b45b524a9a4d4ba67a5c2d3890bfb to remote] DEBUG org.asynchttpclient.netty.request.NettyRequestSender - Using open Channel [id: 0x3e39a358, L:/127.0.0.1:50046 - R:localhost/127.0.0.1:60024] for POST '/session/cd7b45b524a9a4d4ba67a5c2d3890bfb/element'
12:22:27.597 [AsyncHttpClient-1-14] DEBUG org.asynchttpclient.netty.handler.HttpHandler - 

Request DefaultHttpRequest(decodeResult: success, version: HTTP/1.1)
POST /session/cd7b45b524a9a4d4ba67a5c2d3890bfb/element HTTP/1.1
User-Agent: selenium/4.1.2 (java windows)
Content-Length: 88
Content-Type: application/json; charset=utf-8
host: localhost:60024
accept: */*

Response DefaultHttpResponse(decodeResult: success, version: HTTP/1.1)
HTTP/1.1 200 OK
Content-Type: application/json; charset=utf-8
cache-control: no-cache
content-length: 88

12:22:27.597 [AsyncHttpClient-1-14] DEBUG org.asynchttpclient.netty.channel.ChannelManager - Adding key: http://localhost:60024 for channel [id: 0x3e39a358, L:/127.0.0.1:50046 - R:localhost/127.0.0.1:60024]
12:22:27.599 [Forwarding getElementTagName on session cd7b45b524a9a4d4ba67a5c2d3890bfb to remote] DEBUG org.asynchttpclient.netty.request.NettyRequestSender - Using pooled Channel '[id: 0x3e39a358, L:/127.0.0.1:50046 - R:localhost/127.0.0.1:60024]' for 'GET' to 'http://localhost:60024/session/cd7b45b524a9a4d4ba67a5c2d3890bfb/element/20c960af-23f7-4841-8f46-b490a8902f09/name'
12:22:27.599 [Forwarding getElementTagName on session cd7b45b524a9a4d4ba67a5c2d3890bfb to remote] DEBUG org.asynchttpclient.netty.request.NettyRequestSender - Using open Channel [id: 0x3e39a358, L:/127.0.0.1:50046 - R:localhost/127.0.0.1:60024] for GET '/session/cd7b45b524a9a4d4ba67a5c2d3890bfb/element/20c960af-23f7-4841-8f46-b490a8902f09/name'
12:22:27.609 [AsyncHttpClient-1-14] DEBUG org.asynchttpclient.netty.handler.HttpHandler - 

Request DefaultFullHttpRequest(decodeResult: success, version: HTTP/1.1, content: EmptyByteBufBE)
GET /session/cd7b45b524a9a4d4ba67a5c2d3890bfb/element/20c960af-23f7-4841-8f46-b490a8902f09/name HTTP/1.1
User-Agent: selenium/4.1.2 (java windows)
Cache-Control: no-cache
Content-Type: application/json; charset=utf-8
host: localhost:60024
accept: */*

Response DefaultHttpResponse(decodeResult: success, version: HTTP/1.1)
HTTP/1.1 200 OK
Content-Type: application/json; charset=utf-8
cache-control: no-cache
content-length: 15

12:22:27.609 [AsyncHttpClient-1-14] DEBUG org.asynchttpclient.netty.channel.ChannelManager - Adding key: http://localhost:60024 for channel [id: 0x3e39a358, L:/127.0.0.1:50046 - R:localhost/127.0.0.1:60024]
12:22:27.611 [Forwarding getElementTagName on session cd7b45b524a9a4d4ba67a5c2d3890bfb to remote] DEBUG org.asynchttpclient.netty.request.NettyRequestSender - Using pooled Channel '[id: 0x3e39a358, L:/127.0.0.1:50046 - R:localhost/127.0.0.1:60024]' for 'GET' to 'http://localhost:60024/session/cd7b45b524a9a4d4ba67a5c2d3890bfb/element/20c960af-23f7-4841-8f46-b490a8902f09/name'
12:22:27.611 [Forwarding getElementTagName on session cd7b45b524a9a4d4ba67a5c2d3890bfb to remote] DEBUG org.asynchttpclient.netty.request.NettyRequestSender - Using open Channel [id: 0x3e39a358, L:/127.0.0.1:50046 - R:localhost/127.0.0.1:60024] for GET '/session/cd7b45b524a9a4d4ba67a5c2d3890bfb/element/20c960af-23f7-4841-8f46-b490a8902f09/name'
12:22:27.619 [AsyncHttpClient-1-14] DEBUG org.asynchttpclient.netty.handler.HttpHandler - 

Request DefaultFullHttpRequest(decodeResult: success, version: HTTP/1.1, content: EmptyByteBufBE)
GET /session/cd7b45b524a9a4d4ba67a5c2d3890bfb/element/20c960af-23f7-4841-8f46-b490a8902f09/name HTTP/1.1
User-Agent: selenium/4.1.2 (java windows)
Cache-Control: no-cache
Content-Type: application/json; charset=utf-8
host: localhost:60024
accept: */*

Response DefaultHttpResponse(decodeResult: success, version: HTTP/1.1)
HTTP/1.1 200 OK
Content-Type: application/json; charset=utf-8
cache-control: no-cache
content-length: 15

12:22:27.619 [AsyncHttpClient-1-14] DEBUG org.asynchttpclient.netty.channel.ChannelManager - Adding key: http://localhost:60024 for channel [id: 0x3e39a358, L:/127.0.0.1:50046 - R:localhost/127.0.0.1:60024]
12:22:27.623 [Forwarding findElement on session cd7b45b524a9a4d4ba67a5c2d3890bfb to remote] DEBUG org.asynchttpclient.netty.request.NettyRequestSender - Using pooled Channel '[id: 0x3e39a358, L:/127.0.0.1:50046 - R:localhost/127.0.0.1:60024]' for 'POST' to 'http://localhost:60024/session/cd7b45b524a9a4d4ba67a5c2d3890bfb/element'
12:22:27.623 [Forwarding findElement on session cd7b45b524a9a4d4ba67a5c2d3890bfb to remote] DEBUG org.asynchttpclient.netty.request.NettyRequestSender - Using open Channel [id: 0x3e39a358, L:/127.0.0.1:50046 - R:localhost/127.0.0.1:60024] for POST '/session/cd7b45b524a9a4d4ba67a5c2d3890bfb/element'
12:22:27.635 [AsyncHttpClient-1-14] DEBUG org.asynchttpclient.netty.handler.HttpHandler - 

Request DefaultHttpRequest(decodeResult: success, version: HTTP/1.1)
POST /session/cd7b45b524a9a4d4ba67a5c2d3890bfb/element HTTP/1.1
User-Agent: selenium/4.1.2 (java windows)
Content-Length: 88
Content-Type: application/json; charset=utf-8
host: localhost:60024
accept: */*

Response DefaultHttpResponse(decodeResult: success, version: HTTP/1.1)
HTTP/1.1 200 OK
Content-Type: application/json; charset=utf-8
cache-control: no-cache
content-length: 88

12:22:27.635 [AsyncHttpClient-1-14] DEBUG org.asynchttpclient.netty.channel.ChannelManager - Adding key: http://localhost:60024 for channel [id: 0x3e39a358, L:/127.0.0.1:50046 - R:localhost/127.0.0.1:60024]
12:22:27.637 [Forwarding clickElement on session cd7b45b524a9a4d4ba67a5c2d3890bfb to remote] DEBUG org.asynchttpclient.netty.request.NettyRequestSender - Using pooled Channel '[id: 0x3e39a358, L:/127.0.0.1:50046 - R:localhost/127.0.0.1:60024]' for 'POST' to 'http://localhost:60024/session/cd7b45b524a9a4d4ba67a5c2d3890bfb/element/20c960af-23f7-4841-8f46-b490a8902f09/click'
12:22:27.637 [Forwarding clickElement on session cd7b45b524a9a4d4ba67a5c2d3890bfb to remote] DEBUG org.asynchttpclient.netty.request.NettyRequestSender - Using open Channel [id: 0x3e39a358, L:/127.0.0.1:50046 - R:localhost/127.0.0.1:60024] for POST '/session/cd7b45b524a9a4d4ba67a5c2d3890bfb/element/20c960af-23f7-4841-8f46-b490a8902f09/click'
12:22:27.690 [AsyncHttpClient-1-14] DEBUG org.asynchttpclient.netty.handler.HttpHandler - 

Request DefaultHttpRequest(decodeResult: success, version: HTTP/1.1)
POST /session/cd7b45b524a9a4d4ba67a5c2d3890bfb/element/20c960af-23f7-4841-8f46-b490a8902f09/click HTTP/1.1
User-Agent: selenium/4.1.2 (java windows)
Content-Length: 50
Content-Type: application/json; charset=utf-8
host: localhost:60024
accept: */*

Response DefaultHttpResponse(decodeResult: success, version: HTTP/1.1)
HTTP/1.1 200 OK
Content-Type: application/json; charset=utf-8
cache-control: no-cache
content-length: 14

12:22:27.690 [AsyncHttpClient-1-14] DEBUG org.asynchttpclient.netty.channel.ChannelManager - Adding key: http://localhost:60024 for channel [id: 0x3e39a358, L:/127.0.0.1:50046 - R:localhost/127.0.0.1:60024]
12:22:27.696 [Forwarding screenshot on session cd7b45b524a9a4d4ba67a5c2d3890bfb to remote] DEBUG org.asynchttpclient.netty.request.NettyRequestSender - Using pooled Channel '[id: 0x3e39a358, L:/127.0.0.1:50046 - R:localhost/127.0.0.1:60024]' for 'GET' to 'http://localhost:60024/session/cd7b45b524a9a4d4ba67a5c2d3890bfb/screenshot'
12:22:27.696 [Forwarding screenshot on session cd7b45b524a9a4d4ba67a5c2d3890bfb to remote] DEBUG org.asynchttpclient.netty.request.NettyRequestSender - Using open Channel [id: 0x3e39a358, L:/127.0.0.1:50046 - R:localhost/127.0.0.1:60024] for GET '/session/cd7b45b524a9a4d4ba67a5c2d3890bfb/screenshot'
12:22:27.875 [AsyncHttpClient-1-14] DEBUG org.asynchttpclient.netty.handler.HttpHandler - 

Request DefaultFullHttpRequest(decodeResult: success, version: HTTP/1.1, content: EmptyByteBufBE)
GET /session/cd7b45b524a9a4d4ba67a5c2d3890bfb/screenshot HTTP/1.1
User-Agent: selenium/4.1.2 (java windows)
Cache-Control: no-cache
Content-Type: application/json; charset=utf-8
host: localhost:60024
accept: */*

Response DefaultHttpResponse(decodeResult: success, version: HTTP/1.1)
HTTP/1.1 200 OK
Content-Type: application/json; charset=utf-8
cache-control: no-cache
content-length: 33928

12:22:27.875 [AsyncHttpClient-1-14] DEBUG org.asynchttpclient.netty.channel.ChannelManager - Adding key: http://localhost:60024 for channel [id: 0x3e39a358, L:/127.0.0.1:50046 - R:localhost/127.0.0.1:60024]
12:22:27.877 [main] DEBUG net.serenitybdd.core.photography.Darkroom - Send negative for processing for target\site\serenity\05f86e486a737028b88e93fe75c1541293b56cb76b6250d26e3d87b4633cd8fc.png
12:22:27.877 [main] DEBUG net.thucydides.core.steps.StepInterceptor - STEP DONE: userclickcategory
  &amp#27;[32mThen &amp#27;[0m&amp#27;[32mUser sucsess click healty category&amp#27;[0m  &amp#27;[90m# starter.definitions.SelectCategorySteps.sucsessclickhealtycategory()&amp#27;[0m
12:22:27.878 [Darkroom Processing Line] DEBUG net.serenitybdd.core.photography.DarkroomProcessingLine - Processing screenshot image in /var/screenshots/screenshot-13262833630919636471
12:22:27.878 [Darkroom Processing Line] DEBUG net.serenitybdd.core.photography.DarkroomProcessingLine - Saving screenshot to target\site\serenity\05f86e486a737028b88e93fe75c1541293b56cb76b6250d26e3d87b4633cd8fc.png
12:22:27.882 [main] INFO  - 
  _____   ___   ___   _____     ___     _     ___   ___   ___   ___  
 |_   _| | __| / __| |_   _|   | _ \   /_\   / __| / __| | __| |   \ 
   | |   | _|  \__ \   | |     |  _/  / _ \  \__ \ \__ \ | _|  | |) |
   |_|   |___| |___/   |_|     |_|   /_/ \_\ |___/ |___/ |___| |___/ 

as a user choose helath category
----------------------------------------------------------------------
12:22:27.884 [AsyncHttpClient-1-16] DEBUG org.asynchttpclient.netty.handler.WebSocketHandler - Channel Closed: [id: 0x8a22a24f, L:/127.0.0.1:50054 ! R:localhost/127.0.0.1:50047] with attribute NettyResponseFuture{currentRetry=5,
	isDone=1,
	isCancelled=0,
	asyncHandler=org.asynchttpclient.ws.WebSocketUpgradeHandler@5f7af720,
	nettyRequest=org.asynchttpclient.netty.request.NettyRequest@1a7872ab,
	future=java.util.concurrent.CompletableFuture@5bd90da8[Completed normally],
	uri=ws://localhost:50047/devtools/browser/0e0dd1fc-af64-46db-99c1-93bb49396f5e,
	keepAlive=true,
	redirectCount=0,
	timeoutsHolder=null,
	inAuth=0,
	touch=1652242945171}
12:22:27.884 [AsyncHttpClient-1-16] DEBUG org.asynchttpclient.netty.channel.ChannelManager - Closing Channel [id: 0x8a22a24f, L:/127.0.0.1:50054 ! R:localhost/127.0.0.1:50047] 
12:22:27.886 [Driver Command Executor] DEBUG org.asynchttpclient.netty.request.NettyRequestSender - Using pooled Channel '[id: 0x3e39a358, L:/127.0.0.1:50046 - R:localhost/127.0.0.1:60024]' for 'DELETE' to 'http://localhost:60024/session/cd7b45b524a9a4d4ba67a5c2d3890bfb'
12:22:27.886 [Driver Command Executor] DEBUG org.asynchttpclient.netty.request.NettyRequestSender - Using open Channel [id: 0x3e39a358, L:/127.0.0.1:50046 - R:localhost/127.0.0.1:60024] for DELETE '/session/cd7b45b524a9a4d4ba67a5c2d3890bfb'
12:22:28.072 [AsyncHttpClient-1-15] DEBUG org.asynchttpclient.netty.handler.HttpHandler - Unexpected I/O exception on channel [id: 0x533a0da1, L:/127.0.0.1:50053 - R:localhost/127.0.0.1:50047]
java.net.SocketException: Connection reset
	at java.base/sun.nio.ch.SocketChannelImpl.throwConnectionReset(SocketChannelImpl.java:394)
	at java.base/sun.nio.ch.SocketChannelImpl.read(SocketChannelImpl.java:426)
	at io.netty.buffer.PooledByteBuf.setBytes(PooledByteBuf.java:258)
	at io.netty.buffer.AbstractByteBuf.writeBytes(AbstractByteBuf.java:1132)
	at io.netty.channel.socket.nio.NioSocketChannel.doReadBytes(NioSocketChannel.java:350)
	at io.netty.channel.nio.AbstractNioByteChannel$NioByteUnsafe.read(AbstractNioByteChannel.java:151)
	at io.netty.channel.nio.NioEventLoop.processSelectedKey(NioEventLoop.java:722)
	at io.netty.channel.nio.NioEventLoop.processSelectedKeysOptimized(NioEventLoop.java:658)
	at io.netty.channel.nio.NioEventLoop.processSelectedKeys(NioEventLoop.java:584)
	at io.netty.channel.nio.NioEventLoop.run(NioEventLoop.java:496)
	at io.netty.util.concurrent.SingleThreadEventExecutor$4.run(SingleThreadEventExecutor.java:986)
	at io.netty.util.internal.ThreadExecutorMap$2.run(ThreadExecutorMap.java:74)
	at io.netty.util.concurrent.FastThreadLocalRunnable.run(FastThreadLocalRunnable.java:30)
	at java.base/java.lang.Thread.run(Thread.java:833)
12:22:28.072 [AsyncHttpClient-1-15] DEBUG org.asynchttpclient.netty.channel.ChannelManager - Closing Channel [id: 0x533a0da1, L:/127.0.0.1:50053 - R:localhost/127.0.0.1:50047] 
12:22:28.073 [AsyncHttpClient-1-15] DEBUG org.asynchttpclient.netty.handler.HttpHandler - Channel Closed: [id: 0x533a0da1, L:/127.0.0.1:50053 ! R:localhost/127.0.0.1:50047] with attribute DISCARD
12:22:28.088 [AsyncHttpClient-1-14] DEBUG org.asynchttpclient.netty.handler.HttpHandler - 

Request DefaultFullHttpRequest(decodeResult: success, version: HTTP/1.1, content: EmptyByteBufBE)
DELETE /session/cd7b45b524a9a4d4ba67a5c2d3890bfb HTTP/1.1
User-Agent: selenium/4.1.2 (java windows)
Content-Type: application/json; charset=utf-8
host: localhost:60024
accept: */*

Response DefaultHttpResponse(decodeResult: success, version: HTTP/1.1)
HTTP/1.1 200 OK
Content-Type: application/json; charset=utf-8
cache-control: no-cache
content-length: 14

12:22:28.088 [AsyncHttpClient-1-14] DEBUG org.asynchttpclient.netty.channel.ChannelManager - Adding key: http://localhost:60024 for channel [id: 0x3e39a358, L:/127.0.0.1:50046 - R:localhost/127.0.0.1:60024]
12:22:28.432 [AsyncHttpClient-1-1] DEBUG org.asynchttpclient.netty.channel.DefaultChannelPool - Entry count for : http://localhost:60024 : 1
12:22:28.432 [AsyncHttpClient-1-1] DEBUG org.asynchttpclient.netty.channel.DefaultChannelPool - Entry count for : http://localhost:50047 : 1
12:22:28.432 [AsyncHttpClient-1-1] DEBUG org.asynchttpclient.netty.channel.DefaultChannelPool - Adding Candidate expired Channel [id: 0x533a0da1, L:/127.0.0.1:50053 ! R:localhost/127.0.0.1:50047] isIdleTimeoutExpired=false isRemotelyClosed=true isTtlExpired=false
12:22:28.432 [AsyncHttpClient-1-1] DEBUG org.asynchttpclient.netty.channel.DefaultChannelPool - Closing Idle Channel [id: 0x533a0da1, L:/127.0.0.1:50053 ! R:localhost/127.0.0.1:50047]
12:22:28.432 [AsyncHttpClient-1-1] DEBUG org.asynchttpclient.netty.channel.DefaultChannelPool - Closed 1 connections out of 2 in 0 ms
12:22:28.607 [AsyncHttpClient-1-14] DEBUG org.asynchttpclient.netty.handler.HttpHandler - Channel Closed: [id: 0x3e39a358, L:/127.0.0.1:50046 ! R:localhost/127.0.0.1:60024] with attribute DISCARD
]]></system-out>
    <system-err><![CDATA[Starting ChromeDriver 101.0.4951.41 (93c720db8323b3ec10d056025ab95c23a31997c9-refs/branch-heads/4951@{#904}) on port 60024
Only local connections are allowed.
Please see https://chromedriver.chromium.org/security-considerations for suggestions on keeping ChromeDriver safe.
ChromeDriver was started successfully.
May 11, 2022 12:22:25 PM org.openqa.selenium.remote.ProtocolHandshake createSession
INFO: Detected dialect: W3C
May 11, 2022 12:22:25 PM org.openqa.selenium.devtools.CdpVersionFinder findNearestMatch
WARNING: Unable to find an exact match for CDP version 101, so returning the closest version found: 97
May 11, 2022 12:22:25 PM org.openqa.selenium.devtools.CdpVersionFinder findNearestMatch
INFO: Found CDP implementation for version 101 of 97
]]></system-err>
  </testcase>
</testsuite>