<?xml version="1.0" encoding="UTF-8"?><testsuite errors="1" failures="0" name="As a user, I want to calculate devided number, So that i can see the result" skipped="0" tests="1" time="35.26" timestamp="2022-04-21 12:55:15"><testcase name="Pembagian"><error message="Expected condition failed: waiting for element to be clickable: By.xpath: //android.view.View[@content-desc=&quot; Ã· &quot;] (tried for 15 second(s) with 500 milliseconds interval)" type="org.openqa.selenium.TimeoutException">Expected condition failed: waiting for element to be clickable: By.xpath: //android.view.View[@content-desc=" Ã· "] (tried for 15 second(s) with 500 milliseconds interval)</error><system-err>Expected condition failed: waiting for element to be clickable: By.xpath: //android.view.View[@content-desc=" Ã· "] (tried for 15 second(s) with 500 milliseconds interval)&#13;
test.automation.pageobject.BasePageObject.waitUntilClickable(BasePageObject.java:27)&#13;
test.automation.pageobject.BasePageObject.onClick(BasePageObject.java:40)&#13;
starter.pages.CalculatorPage.tapSign(CalculatorPage.java:103)&#13;
starter.stepdefinitions.PembagianSteps.Usertapsign(PembagianSteps.java:27)&#13;
io.cucumber.java.Invoker.doInvoke(Invoker.java:66)&#13;
io.cucumber.java.Invoker.invoke(Invoker.java:24)&#13;
io.cucumber.java.AbstractGlueDefinition.invokeMethod(AbstractGlueDefinition.java:47)&#13;
io.cucumber.java.JavaStepDefinition.execute(JavaStepDefinition.java:29)&#13;
io.cucumber.core.runner.CoreStepDefinition.execute(CoreStepDefinition.java:66)&#13;
io.cucumber.core.runner.PickleStepDefinitionMatch.runStep(PickleStepDefinitionMatch.java:63)&#13;
io.cucumber.core.runner.TestStep.executeStep(TestStep.java:92)&#13;
io.cucumber.core.runner.TestStep.run(TestStep.java:64)&#13;
io.cucumber.core.runner.PickleStepTestStep.run(PickleStepTestStep.java:51)&#13;
io.cucumber.core.runner.TestCase.run(TestCase.java:104)&#13;
io.cucumber.core.runner.Runner.runPickle(Runner.java:73)&#13;
io.cucumber.junit.FeatureRunner.runChild(FeatureRunner.java:135)&#13;
io.cucumber.junit.FeatureRunner.runChild(FeatureRunner.java:27)&#13;
io.cucumber.junit.CucumberSerenityRunner.runChild(CucumberSerenityRunner.java:258)&#13;
io.cucumber.junit.CucumberSerenityRunner.runChild(CucumberSerenityRunner.java:57)&#13;
</system-err></testcase></testsuite>