<?xml version="1.0" encoding="UTF-8"?>
<testsuite xmlns:xsi="http://www.w3.org/2001/XMLSchema-instance" xsi:noNamespaceSchemaLocation="https://maven.apache.org/surefire/maven-failsafe-plugin/xsd/failsafe-test-report-3.0.xsd" version="3.0" name="starter.CucumberTestSuite" time="49.606" tests="5" errors="0" skipped="0" failures="0">
  <properties>
[...]
</properties>
  <testcase name="As a user, i able to login successfully" classname="As a user, I want to login so that i can see my homepage" time="18.302">
    <system-out><![CDATA[12:12:04.068 [main] INFO io.cucumber.core.plugin.SerenityReporter - Running feature from file:///D:/alta%20folder/New%20folder/Web%20Testing/src/test/resources/features/Login.feature
12:12:04.278 [main] INFO  - 

-------------------------------------------------------------------------------------
     _______. _______ .______       _______ .__   __.  __  .___________.____    ____ 
    /       ||   ____||   _  \     |   ____||  \ |  | |  | |           |\   \  /   / 
   |   (----`|  |__   |  |_)  |    |  |__   |   \|  | |  | `---|  |----` \   \/   /  
    \   \    |   __|  |      /     |   __|  |  . `  | |  |     |  |       \_    _/   
.----)   |   |  |____ |  |\  \----.|  |____ |  |\   | |  |     |  |         |  |     
|_______/    |_______|| _| `._____||_______||__| \__| |__|     |__|         |__|    
                                                                                     
 News and tutorials at http://www.serenity-bdd.info                                  
 Documentation at https://wakaleo.gitbooks.io/the-serenity-book/content/             
 Join the Serenity Community on Gitter: https://gitter.im/serenity-bdd/serenity-core 
 Serenity BDD Support and Training at http://serenity-bdd.info/#/trainingandsupport  
-------------------------------------------------------------------------------------

12:12:04.281 [main] DEBUG net.thucydides.core.steps.StepEventBus - Test suite started for story net.thucydides.core.model.Story@24968e21
12:12:04.284 [main] INFO  - Test Suite Started: As a user, I want to login so that i can see my homepage
12:12:04.303 [main] INFO io.cucumber.core.plugin.SerenityReporter - Running feature from file:///D:/alta%20folder/New%20folder/Web%20Testing/src/test/resources/features/Order.feature
12:12:04.307 [main] DEBUG net.thucydides.core.steps.StepEventBus - Test suite started for story net.thucydides.core.model.Story@bed6f419
12:12:04.308 [main] INFO  - Test Suite Started: As user I want to order product so that i can have it
12:12:04.308 [main] INFO io.cucumber.core.plugin.SerenityReporter - Running feature from file:///D:/alta%20folder/New%20folder/Web%20Testing/src/test/resources/features/RatingsProduct.feature
12:12:04.311 [main] DEBUG net.thucydides.core.steps.StepEventBus - Test suite started for story net.thucydides.core.model.Story@5b28db70
12:12:04.312 [main] INFO  - Test Suite Started: user can see detail or rating of products
12:12:04.312 [main] INFO io.cucumber.core.plugin.SerenityReporter - Running feature from file:///D:/alta%20folder/New%20folder/Web%20Testing/src/test/resources/features/Register.feature
12:12:04.316 [main] DEBUG net.thucydides.core.steps.StepEventBus - Test suite started for story net.thucydides.core.model.Story@506a188d
12:12:04.317 [main] INFO  - Test Suite Started: As a user i want to register for my account so that i can go shop
12:12:04.317 [main] INFO io.cucumber.core.plugin.SerenityReporter - Running feature from file:///D:/alta%20folder/New%20folder/Web%20Testing/src/test/resources/features/SelectCategory.feature
12:12:04.320 [main] DEBUG net.thucydides.core.steps.StepEventBus - Test suite started for story net.thucydides.core.model.Story@64a97f89
12:12:04.321 [main] INFO  - Test Suite Started: as a user choose the desired category such as the health category
12:12:04.321 [main] INFO io.cucumber.core.plugin.SerenityReporter - Running feature from file:///D:/alta%20folder/New%20folder/Web%20Testing/src/test/resources/features/Login.feature
12:12:04.324 [main] DEBUG net.thucydides.core.steps.StepEventBus - Test suite started for story net.thucydides.core.model.Story@24968e21
12:12:04.324 [main] INFO  - Test Suite Started: As a user, I want to login so that i can see my homepage

Scenario: As a user, i able to login successfully &amp#27;[90m# src/test/resources/features/Login.feature:3&amp#27;[0m
12:12:04.416 [main] INFO io.cucumber.core.plugin.SerenityReporter - Running feature from file:///D:/alta%20folder/New%20folder/Web%20Testing/src/test/resources/features/Login.feature
12:12:04.544 [main] INFO  - 
  _____   ___   ___   _____     ___   _____     _     ___   _____   ___   ___  
 |_   _| | __| / __| |_   _|   / __| |_   _|   /_\   | _ \ |_   _| | __| |   \ 
   | |   | _|  \__ \   | |     \__ \   | |    / _ \  |   /   | |   | _|  | |) |
   |_|   |___| |___/   |_|     |___/   |_|   /_/ \_\ |_|_\   |_|   |___| |___/ 

As a user, i able to login successfully(as-a-user--i-want-to-login-so-that-i-can-see-my-homepage;as-a-user--i-able-to-login-successfully)
--------------------------------------------------------------------------------
12:12:05.316 [main] DEBUG net.thucydides.core.steps.StepInterceptor - STARTING STEP: LoginSteps.ontheLoginPage - openPage
12:12:05.356 [main] INFO net.serenitybdd.core.webdriver.driverproviders.ChromeDriverProvider - Using automatically driver download
12:12:06.127 [main] DEBUG io.github.bonigarcia.wdm.cache.ResolutionCache - Removing resolution chrome=101 from cache (expired on Tue May 10 22:51:26 WITA 2022)
12:12:06.153 [main] DEBUG org.apache.hc.client5.http.impl.classic.InternalHttpClient - ex-00000001: preparing request execution
12:12:06.159 [main] DEBUG org.apache.hc.client5.http.protocol.RequestAddCookies - Cookie spec selected: strict
12:12:06.165 [main] DEBUG org.apache.hc.client5.http.protocol.RequestAuthCache - Auth cache not set in the context
12:12:06.165 [main] DEBUG org.apache.hc.client5.http.impl.classic.ProtocolExec - ex-00000001: target auth state: UNCHALLENGED
12:12:06.166 [main] DEBUG org.apache.hc.client5.http.impl.classic.ProtocolExec - ex-00000001: proxy auth state: UNCHALLENGED
12:12:06.166 [main] DEBUG org.apache.hc.client5.http.impl.classic.ConnectExec - ex-00000001: acquiring connection with route {s}->https://raw.githubusercontent.com:443
12:12:06.166 [main] DEBUG org.apache.hc.client5.http.impl.classic.InternalHttpClient - ex-00000001: acquiring endpoint (3 MINUTES)
12:12:06.168 [main] DEBUG org.apache.hc.client5.http.impl.io.PoolingHttpClientConnectionManager - ex-00000001: endpoint lease request (3 MINUTES) [route: {s}->https://raw.githubusercontent.com:443][total available: 0; route allocated: 0 of 5; total allocated: 0 of 25]
12:12:06.172 [main] DEBUG org.apache.hc.client5.http.impl.io.PoolingHttpClientConnectionManager - ex-00000001: endpoint leased [route: {s}->https://raw.githubusercontent.com:443][total available: 0; route allocated: 1 of 5; total allocated: 1 of 25]
12:12:06.184 [main] DEBUG org.apache.hc.client5.http.impl.io.PoolingHttpClientConnectionManager - ex-00000001: acquired ep-00000000
12:12:06.185 [main] DEBUG org.apache.hc.client5.http.impl.classic.InternalHttpClient - ex-00000001: acquired endpoint ep-00000000
12:12:06.185 [main] DEBUG org.apache.hc.client5.http.impl.classic.ConnectExec - ex-00000001: opening connection {s}->https://raw.githubusercontent.com:443
12:12:06.186 [main] DEBUG org.apache.hc.client5.http.impl.classic.InternalHttpClient - ep-00000000: connecting endpoint (30 SECONDS)
12:12:06.186 [main] DEBUG org.apache.hc.client5.http.impl.io.PoolingHttpClientConnectionManager - ep-00000000: connecting endpoint to https://raw.githubusercontent.com:443 (30 SECONDS)
12:12:06.203 [main] DEBUG org.apache.hc.client5.http.impl.io.DefaultHttpClientConnectionOperator - http-outgoing-0: connecting to raw.githubusercontent.com/185.199.108.133:443
12:12:06.204 [main] DEBUG org.apache.hc.client5.http.ssl.SSLConnectionSocketFactory - Connecting socket to raw.githubusercontent.com/185.199.108.133:443 with timeout 30 SECONDS
12:12:06.273 [main] DEBUG org.apache.hc.client5.http.ssl.SSLConnectionSocketFactory - Enabled protocols: [TLSv1.3, TLSv1.2]
12:12:06.273 [main] DEBUG org.apache.hc.client5.http.ssl.SSLConnectionSocketFactory - Enabled cipher suites: [TLS_AES_256_GCM_SHA384, TLS_AES_128_GCM_SHA256, TLS_CHACHA20_POLY1305_SHA256, TLS_ECDHE_ECDSA_WITH_AES_256_GCM_SHA384, TLS_ECDHE_ECDSA_WITH_AES_128_GCM_SHA256, TLS_ECDHE_ECDSA_WITH_CHACHA20_POLY1305_SHA256, TLS_ECDHE_RSA_WITH_AES_256_GCM_SHA384, TLS_ECDHE_RSA_WITH_CHACHA20_POLY1305_SHA256, TLS_ECDHE_RSA_WITH_AES_128_GCM_SHA256, TLS_DHE_RSA_WITH_AES_256_GCM_SHA384, TLS_DHE_RSA_WITH_CHACHA20_POLY1305_SHA256, TLS_DHE_DSS_WITH_AES_256_GCM_SHA384, TLS_DHE_RSA_WITH_AES_128_GCM_SHA256, TLS_DHE_DSS_WITH_AES_128_GCM_SHA256, TLS_ECDHE_ECDSA_WITH_AES_256_CBC_SHA384, TLS_ECDHE_RSA_WITH_AES_256_CBC_SHA384, TLS_ECDHE_ECDSA_WITH_AES_128_CBC_SHA256, TLS_ECDHE_RSA_WITH_AES_128_CBC_SHA256, TLS_DHE_RSA_WITH_AES_256_CBC_SHA256, TLS_DHE_DSS_WITH_AES_256_CBC_SHA256, TLS_DHE_RSA_WITH_AES_128_CBC_SHA256, TLS_DHE_DSS_WITH_AES_128_CBC_SHA256, TLS_ECDH_ECDSA_WITH_AES_256_GCM_SHA384, TLS_ECDH_RSA_WITH_AES_256_GCM_SHA384, TLS_ECDH_ECDSA_WITH_AES_128_GCM_SHA256, TLS_ECDH_RSA_WITH_AES_128_GCM_SHA256, TLS_ECDH_ECDSA_WITH_AES_256_CBC_SHA384, TLS_ECDH_RSA_WITH_AES_256_CBC_SHA384, TLS_ECDH_ECDSA_WITH_AES_128_CBC_SHA256, TLS_ECDH_RSA_WITH_AES_128_CBC_SHA256, TLS_ECDHE_ECDSA_WITH_AES_256_CBC_SHA, TLS_ECDHE_RSA_WITH_AES_256_CBC_SHA, TLS_ECDHE_ECDSA_WITH_AES_128_CBC_SHA, TLS_ECDHE_RSA_WITH_AES_128_CBC_SHA, TLS_DHE_RSA_WITH_AES_256_CBC_SHA, TLS_DHE_DSS_WITH_AES_256_CBC_SHA, TLS_DHE_RSA_WITH_AES_128_CBC_SHA, TLS_DHE_DSS_WITH_AES_128_CBC_SHA, TLS_ECDH_ECDSA_WITH_AES_256_CBC_SHA, TLS_ECDH_RSA_WITH_AES_256_CBC_SHA, TLS_ECDH_ECDSA_WITH_AES_128_CBC_SHA, TLS_ECDH_RSA_WITH_AES_128_CBC_SHA, TLS_RSA_WITH_AES_256_GCM_SHA384, TLS_RSA_WITH_AES_128_GCM_SHA256, TLS_RSA_WITH_AES_256_CBC_SHA256, TLS_RSA_WITH_AES_128_CBC_SHA256, TLS_RSA_WITH_AES_256_CBC_SHA, TLS_RSA_WITH_AES_128_CBC_SHA, TLS_EMPTY_RENEGOTIATION_INFO_SCSV]
12:12:06.273 [main] DEBUG org.apache.hc.client5.http.ssl.SSLConnectionSocketFactory - Starting handshake
12:12:06.373 [main] DEBUG org.apache.hc.client5.http.ssl.SSLConnectionSocketFactory - Secure session established
12:12:06.373 [main] DEBUG org.apache.hc.client5.http.ssl.SSLConnectionSocketFactory -  negotiated protocol: TLSv1.3
12:12:06.373 [main] DEBUG org.apache.hc.client5.http.ssl.SSLConnectionSocketFactory -  negotiated cipher suite: TLS_AES_256_GCM_SHA384
12:12:06.373 [main] DEBUG org.apache.hc.client5.http.ssl.SSLConnectionSocketFactory -  peer principal: CN=*.github.io, O="GitHub, Inc.", L=San Francisco, ST=California, C=US
12:12:06.375 [main] DEBUG org.apache.hc.client5.http.ssl.SSLConnectionSocketFactory -  peer alternative names: [*.github.io, github.com, *.github.com, www.github.com, github.io, githubusercontent.com, *.githubusercontent.com]
12:12:06.375 [main] DEBUG org.apache.hc.client5.http.ssl.SSLConnectionSocketFactory -  issuer principal: CN=DigiCert TLS RSA SHA256 2020 CA1, O=DigiCert Inc, C=US
12:12:06.375 [main] DEBUG org.apache.hc.client5.http.impl.io.DefaultHttpClientConnectionOperator - http-outgoing-0: connection established 192.168.1.9:49416<->185.199.108.133:443
12:12:06.376 [main] DEBUG org.apache.hc.client5.http.impl.io.PoolingHttpClientConnectionManager - ep-00000000: connected http-outgoing-0
12:12:06.376 [main] DEBUG org.apache.hc.client5.http.impl.classic.InternalHttpClient - ep-00000000: endpoint connected
12:12:06.377 [main] DEBUG org.apache.hc.client5.http.impl.classic.MainClientExec - ex-00000001: executing GET /bonigarcia/webdrivermanager/master/src/main/resources/commands.properties HTTP/1.1
12:12:06.377 [main] DEBUG org.apache.hc.client5.http.impl.classic.InternalHttpClient - ep-00000000: start execution ex-00000001
12:12:06.377 [main] DEBUG org.apache.hc.client5.http.impl.io.PoolingHttpClientConnectionManager - ep-00000000: executing exchange ex-00000001 over http-outgoing-0
12:12:06.378 [main] DEBUG org.apache.hc.client5.http.headers - http-outgoing-0 >> GET /bonigarcia/webdrivermanager/master/src/main/resources/commands.properties HTTP/1.1
12:12:06.378 [main] DEBUG org.apache.hc.client5.http.headers - http-outgoing-0 >> user-agent: Apache-HttpClient/5.0
12:12:06.378 [main] DEBUG org.apache.hc.client5.http.headers - http-outgoing-0 >> accept-encoding: gzip, deflate, br
12:12:06.378 [main] DEBUG org.apache.hc.client5.http.headers - http-outgoing-0 >> cache-control: max-age=0
12:12:06.378 [main] DEBUG org.apache.hc.client5.http.headers - http-outgoing-0 >> connection: keep-alive
12:12:06.378 [main] DEBUG org.apache.hc.client5.http.headers - http-outgoing-0 >> Host: raw.githubusercontent.com
12:12:06.378 [main] DEBUG org.apache.hc.client5.http.wire - http-outgoing-0 >> "GET /bonigarcia/webdrivermanager/master/src/main/resources/commands.properties HTTP/1.1[\r][\n]"
12:12:06.378 [main] DEBUG org.apache.hc.client5.http.wire - http-outgoing-0 >> "user-agent: Apache-HttpClient/5.0[\r][\n]"
12:12:06.378 [main] DEBUG org.apache.hc.client5.http.wire - http-outgoing-0 >> "accept-encoding: gzip, deflate, br[\r][\n]"
12:12:06.378 [main] DEBUG org.apache.hc.client5.http.wire - http-outgoing-0 >> "cache-control: max-age=0[\r][\n]"
12:12:06.378 [main] DEBUG org.apache.hc.client5.http.wire - http-outgoing-0 >> "connection: keep-alive[\r][\n]"
12:12:06.378 [main] DEBUG org.apache.hc.client5.http.wire - http-outgoing-0 >> "Host: raw.githubusercontent.com[\r][\n]"
12:12:06.378 [main] DEBUG org.apache.hc.client5.http.wire - http-outgoing-0 >> "[\r][\n]"
12:12:06.397 [main] DEBUG org.apache.hc.client5.http.wire - http-outgoing-0 << "HTTP/1.1 200 OK[\r][\n]"
12:12:06.397 [main] DEBUG org.apache.hc.client5.http.wire - http-outgoing-0 << "Connection: keep-alive[\r][\n]"
12:12:06.397 [main] DEBUG org.apache.hc.client5.http.wire - http-outgoing-0 << "Content-Length: 723[\r][\n]"
12:12:06.397 [main] DEBUG org.apache.hc.client5.http.wire - http-outgoing-0 << "Cache-Control: max-age=300[\r][\n]"
12:12:06.397 [main] DEBUG org.apache.hc.client5.http.wire - http-outgoing-0 << "Content-Security-Policy: default-src 'none'; style-src 'unsafe-inline'; sandbox[\r][\n]"
12:12:06.398 [main] DEBUG org.apache.hc.client5.http.wire - http-outgoing-0 << "Content-Type: text/plain; charset=utf-8[\r][\n]"
12:12:06.398 [main] DEBUG org.apache.hc.client5.http.wire - http-outgoing-0 << "ETag: W/"e82b438271e9e8680c688b0b680efd0bdd22faa6d6f0a32fc1fd8accc486b67e"[\r][\n]"
12:12:06.398 [main] DEBUG org.apache.hc.client5.http.wire - http-outgoing-0 << "Strict-Transport-Security: max-age=31536000[\r][\n]"
12:12:06.398 [main] DEBUG org.apache.hc.client5.http.wire - http-outgoing-0 << "X-Content-Type-Options: nosniff[\r][\n]"
12:12:06.398 [main] DEBUG org.apache.hc.client5.http.wire - http-outgoing-0 << "X-Frame-Options: deny[\r][\n]"
12:12:06.398 [main] DEBUG org.apache.hc.client5.http.wire - http-outgoing-0 << "X-XSS-Protection: 1; mode=block[\r][\n]"
12:12:06.398 [main] DEBUG org.apache.hc.client5.http.wire - http-outgoing-0 << "X-GitHub-Request-Id: 838C:6DC1:1C99DF:2CAE53:62707C45[\r][\n]"
12:12:06.398 [main] DEBUG org.apache.hc.client5.http.wire - http-outgoing-0 << "Content-Encoding: gzip[\r][\n]"
12:12:06.398 [main] DEBUG org.apache.hc.client5.http.wire - http-outgoing-0 << "Accept-Ranges: bytes[\r][\n]"
12:12:06.398 [main] DEBUG org.apache.hc.client5.http.wire - http-outgoing-0 << "Date: Wed, 11 May 2022 04:11:39 GMT[\r][\n]"
12:12:06.398 [main] DEBUG org.apache.hc.client5.http.wire - http-outgoing-0 << "Via: 1.1 varnish[\r][\n]"
12:12:06.398 [main] DEBUG org.apache.hc.client5.http.wire - http-outgoing-0 << "X-Served-By: cache-qpg1271-QPG[\r][\n]"
12:12:06.398 [main] DEBUG org.apache.hc.client5.http.wire - http-outgoing-0 << "X-Cache: HIT[\r][\n]"
12:12:06.398 [main] DEBUG org.apache.hc.client5.http.wire - http-outgoing-0 << "X-Cache-Hits: 1[\r][\n]"
12:12:06.398 [main] DEBUG org.apache.hc.client5.http.wire - http-outgoing-0 << "X-Timer: S1652242299.003525,VS0,VE1[\r][\n]"
12:12:06.398 [main] DEBUG org.apache.hc.client5.http.wire - http-outgoing-0 << "Vary: Authorization,Accept-Encoding,Origin[\r][\n]"
12:12:06.398 [main] DEBUG org.apache.hc.client5.http.wire - http-outgoing-0 << "Access-Control-Allow-Origin: *[\r][\n]"
12:12:06.398 [main] DEBUG org.apache.hc.client5.http.wire - http-outgoing-0 << "X-Fastly-Request-ID: 1bd7cfaa873e3783c14a462aa0927f922210a8b4[\r][\n]"
12:12:06.398 [main] DEBUG org.apache.hc.client5.http.wire - http-outgoing-0 << "Expires: Wed, 11 May 2022 04:16:39 GMT[\r][\n]"
12:12:06.398 [main] DEBUG org.apache.hc.client5.http.wire - http-outgoing-0 << "Source-Age: 73[\r][\n]"
12:12:06.398 [main] DEBUG org.apache.hc.client5.http.wire - http-outgoing-0 << "[\r][\n]"
12:12:06.401 [main] DEBUG org.apache.hc.client5.http.headers - http-outgoing-0 << HTTP/1.1 200 OK
12:12:06.401 [main] DEBUG org.apache.hc.client5.http.headers - http-outgoing-0 << Connection: keep-alive
12:12:06.401 [main] DEBUG org.apache.hc.client5.http.headers - http-outgoing-0 << Content-Length: 723
12:12:06.401 [main] DEBUG org.apache.hc.client5.http.headers - http-outgoing-0 << Cache-Control: max-age=300
12:12:06.401 [main] DEBUG org.apache.hc.client5.http.headers - http-outgoing-0 << Content-Security-Policy: default-src 'none'; style-src 'unsafe-inline'; sandbox
12:12:06.401 [main] DEBUG org.apache.hc.client5.http.headers - http-outgoing-0 << Content-Type: text/plain; charset=utf-8
12:12:06.401 [main] DEBUG org.apache.hc.client5.http.headers - http-outgoing-0 << ETag: W/"e82b438271e9e8680c688b0b680efd0bdd22faa6d6f0a32fc1fd8accc486b67e"
12:12:06.401 [main] DEBUG org.apache.hc.client5.http.headers - http-outgoing-0 << Strict-Transport-Security: max-age=31536000
12:12:06.401 [main] DEBUG org.apache.hc.client5.http.headers - http-outgoing-0 << X-Content-Type-Options: nosniff
12:12:06.401 [main] DEBUG org.apache.hc.client5.http.headers - http-outgoing-0 << X-Frame-Options: deny
12:12:06.401 [main] DEBUG org.apache.hc.client5.http.headers - http-outgoing-0 << X-XSS-Protection: 1; mode=block
12:12:06.401 [main] DEBUG org.apache.hc.client5.http.headers - http-outgoing-0 << X-GitHub-Request-Id: 838C:6DC1:1C99DF:2CAE53:62707C45
12:12:06.401 [main] DEBUG org.apache.hc.client5.http.headers - http-outgoing-0 << Content-Encoding: gzip
12:12:06.401 [main] DEBUG org.apache.hc.client5.http.headers - http-outgoing-0 << Accept-Ranges: bytes
12:12:06.401 [main] DEBUG org.apache.hc.client5.http.headers - http-outgoing-0 << Date: Wed, 11 May 2022 04:11:39 GMT
12:12:06.401 [main] DEBUG org.apache.hc.client5.http.headers - http-outgoing-0 << Via: 1.1 varnish
12:12:06.402 [main] DEBUG org.apache.hc.client5.http.headers - http-outgoing-0 << X-Served-By: cache-qpg1271-QPG
12:12:06.402 [main] DEBUG org.apache.hc.client5.http.headers - http-outgoing-0 << X-Cache: HIT
12:12:06.402 [main] DEBUG org.apache.hc.client5.http.headers - http-outgoing-0 << X-Cache-Hits: 1
12:12:06.402 [main] DEBUG org.apache.hc.client5.http.headers - http-outgoing-0 << X-Timer: S1652242299.003525,VS0,VE1
12:12:06.402 [main] DEBUG org.apache.hc.client5.http.headers - http-outgoing-0 << Vary: Authorization,Accept-Encoding,Origin
12:12:06.402 [main] DEBUG org.apache.hc.client5.http.headers - http-outgoing-0 << Access-Control-Allow-Origin: *
12:12:06.402 [main] DEBUG org.apache.hc.client5.http.headers - http-outgoing-0 << X-Fastly-Request-ID: 1bd7cfaa873e3783c14a462aa0927f922210a8b4
12:12:06.402 [main] DEBUG org.apache.hc.client5.http.headers - http-outgoing-0 << Expires: Wed, 11 May 2022 04:16:39 GMT
12:12:06.402 [main] DEBUG org.apache.hc.client5.http.headers - http-outgoing-0 << Source-Age: 73
12:12:06.405 [main] DEBUG org.apache.hc.client5.http.impl.classic.MainClientExec - ex-00000001: connection can be kept alive for 3 MINUTES
12:12:06.409 [main] DEBUG org.apache.hc.client5.http.wire - http-outgoing-0 << "[0x1f][0xffffff8b][0x8][0x0][0x0][0x0][0x0][0x0][0x0][0x3][0xffffffb5]V]o[0xffffffda]0[0x14]}[0xffffffe7]W\[0xffffff81]*[0xffffffb5][0x12][0x1f][[M[0xffffffd3]$[0x1e]hF[0xffffffbb]i [0x18][0xffffffb4][0xffffffdd]&[0xfffffff9][0xffffffc5]$7[0xffffffc1]R[0x12]#;[0xffffff94]v[0xffffffbf]~[0xffffffb6][0xfffffff3]1[0xffffff92][0xffffff9a][0xffffffc1][0x1a]x[0xffffffcb][0xffffffb5][0xffffffaf][0xffffffcf]9[0xffffffbe][0xfffffff7]8v[0xb][0x1c][0x1e]E4[0xfffffff6]$x4[0xffffffa1][0xb]*[0xffffffb1][0xffffffd1][0xffffff82][0xfffffffb]%[0xffffff93][0xffffffe0][0xffffffb3][0x10][0xffffffc1][0xffffffe5]qBY,!Y[0xffffffea] KM8,[0x10][0xfffffff0][0x19][0xffffffdd]u[0xffffff82][0x1e][0xffffffb0][0xffffffd8]L[0xffffffcb]%[0xffffff86][0xffffffa1][0xe][0xffffffb8][0xfffffff0]P[0xffffffe8]$[0xf][0x13]t[0x13]3[0xfffffff9][0xffffff84]B2[0xffffffae][0xffffffe6]|@[0xfffffff5][0x1d][0x8][0xffffffc4][0x18][0x16][0xffffff82]o[0xffffffa4][0xffffff9a]P[0xffffff94][0xffffffe7][0xffffffce]R[0xfffffff0][0x8][0xffffffdb]p[0xffffffcb][0x4][0xfffffffa][0xfffffffc][0xffffffb9][\r][0xffffff93][0x15][\n]"
12:12:06.410 [main] DEBUG org.apache.hc.client5.http.wire - http-outgoing-0 << "[0xffffffda][0xffffff86][0xffffffa1][0x17][0xffffffa8]Q3[0xffffffcb][0xffffffd6][0xffffffd1][0xffffff85][0xffffffc6][0xfffffff7][0xffffff98][0xffffffef][0xffffffa3][0xffffffc0]8[0x1][0xffffffae]s[0x12][0x16][0x7] _d[0xffffff82][0xffffff91][0xffffff84][0xfffffff3][0x1f],[0xfffffff6][0x14]j[0x1b]F,^+[0xffffff98]1ua2[0xffffffbf]h([0xffffff8e][0xffffff94][0xffffffa2][0xffffff91]m[0xffffffa3][0xffffffeb][0xffffff9a][0xffffffb0][0xffffffbb]I[0x17]t[0xffffffdf][0xffffffbd][0xffffffef][0xffffffbb][0xffffff91][0xffffffd7]U[0xffffffbb][0xffffff82][0xffffff9e][0x3][0xffffff9b][0xffffff88][0xffffffb9][0xffffffa6]$[0xffffffa6][0xc][0xffffff9b][0xffffffa5][0xffffffe2][0xffffff83][0xffffff98]F[0xffffffd8]o[0xffffff9e]Mg[0xffffff93][0xffffffbb][0xffffffd9]`|[0xfffffffb]u4[0xffffff9c][0x7f]"}B[0xffffffce][0x8][0xffffffb9][0xffffffe3]<[0x8][0xffffff91][0xffffff90][0xffffff94][0xffffff82][0xffffff90][0xffffffc1]j[0x15]2WI[0xffffffe3]1![0x19][0xffffff91]BnB[0xffffff80][0x9]<f[0xffffffb5][0xffffffe8]=[0xffffffd1]p[0xffffffbd][[0xffffffcf][0xffffffe5][0x1b][0xfffffff4][0xffffff9c][0xffffffff][0xfffffffc][0xfffffff8][0xffffffe1][0xffffffe2][0xffffff94][0xffffffa2][0xffffffae][0xe][0x14]5[0xffffff9a]8[0xffffff83][0xffffffd1]`:[0xfffffffd]<[0xffffffb8][0x1f][0xffffff9c]R[0xffffffcf]u[0x7f]6[0xffffffbc][0xffffff83][0xffffffef][0xf][0xffffffc3][0xffffffd9]/[0xfffffff8][0xfffffff2][0xffffffcd]y s[0xffffffee]'[0x1b]*0g[0xffffffcb][0xffffffc8]nF7H][0xffffff83][0xffffff97]{[0xffffffb1]Q[0x5][\r][0xffffffb5]c[0xffffffb4][0xf][0x2][0xffffffb3][0xffffffb4][0xffffff93][0xe]C[0xffffffa7][0xffffffb3]kAD][0xffffff9d][0xffffffde][0xffffffdb][0xffffffda][0xffffff88][0xffffffec][0xffffffa5][0xffffffbc][0xffffff99][0xffffffd9][0xffffffba]t[0xffffffb5][0xffffffea]9[0xffffffea][0x10])[0xffffffb7][0xffffffca][0xffffff9e][0xfffffff2][0xffffffe2]d^N[0xffffffd8]FW[0x16][0xffffffcd][0xffffffdc]_[0x10][0xfffffff9]i|[0x1c][0xffffff93][0xffffff8e][0xfffffff9]o[0x16][0xffffff86]4'!$G[0xffffffdf]W[0xfffffff4]W*j[[0xfffffff3]xR[0xffffffae][0xffffffb6][0xc][0xffffffd0],; #[0xffffffa9][0xffffff92]5[0xffffffb5][0x7][0xffffff9c][0xffffffb5][0xffffffd0][0x7f][0xffffff90][0xffffffc7]jgs[0xfffffffc][0xffffffc2][0xb][0xffffffd9][0x0]t[0xffffff9e]^'Y[0xfffffffb][0xffffff9f][0xffffffb1][0xffffffd8]:[0xffffffbf][0xffffff8d][0xffffffa5][0xffffff9a][0xffffffad][0x7f]m[0x5]&[0xffffffaa][0xffffffa0]^[0xffffff9b][0xffffffcb][0x5]f[0xffffffae][0xffffffe0]RU[0xffffff82][0x10]MS9l[0xffffff91]4t[0xfffffffb][0xffffff8a]][0xffffffd6][0xfffffff4][0xffffff96][0xffffffa6][0xffffff9f]P[0xffffffce][0xffffffd5][0xffffffce][0xffffff93][0xffffffff][0xffffff97][0xffffffcc]p[0xfffffffd][0xfffffff3][0xffffffe8][0x1b][0xffffffcc][0xffffffa2][0xffffffd9]Q[0xffffffbe][0xffffffb2][0xffffffa3][0xffffffc7]m'[0xffffffdf][0xffffffe4][[0xfffffffb]^[0xffffffb0][0xffffff9a][0xffffffbe][0xffffffda][0xffffffda]_[0xffffffce][0xffffff80][0xffffffd2][0xffffffc1]7[0xffffffb7]][0xffffffc1]b[0xffffffee][0xffffffb5][0xffffffff]w[0xffffff83][0xffffffed][0xffffffa7];[0x15]<[0x10]4[0xffffff92][0xffffff84][0x18][\n]"
12:12:06.410 [main] DEBUG org.apache.hc.client5.http.wire - http-outgoing-0 << "BB[0xffffffba][0xffffff8e]][0xffffffb5]jo[0xffffffb9]+"[0xffffffea][0xffffffb4][0xffffffff]h"[0xffffffea]\?5[0xffffffa9][0xffffffaf]k[0xffffffec][0xffffffff]P[0xffffffea][\n]"
12:12:06.410 [main] DEBUG org.apache.hc.client5.http.wire - http-outgoing-0 << "w[0xffffffe1]K[0x13][0xffffffda][0xffffffec][0xffffff98][0xffffffe6]Y[0xfffffffd]h8m6[0xffffff9c]T[0xffffffc1][0xfffffff2][0xffffffa7][0xffffff91]z_[0xffffff95]o85p[0x1c][0x13][0xffffffe6][0xfffffff0]5[0xffffffee][0xfffffffc][0xffffff92][0xffffff96][0xffffffda][0xfffffff7][0xffffffcf][0xffffffb1][0x5][0x1d][0xffffffea]K[0xffffff9b]9[0xffffff8e][0xffffffad]e[0xfffffff7][0xffffff93][0xffffffa8]`[0xffffffda][0xffffffff][0x1a][0xffffffd2][0xffffff88][0xffffff85][0xfffffffd][0xfffffff2][0xffffff91]N[0xfffffff6]`[0xffffffdf]2[0xffffffcf][0xffffffae]E[0xffffff97][0xffffffc5][0xffffffa2][0xffffff9d][0xffffffef]'[0xffffff9d]mun.[0xffffffd3]f^[0xffffffc7][0xffffff82][0xffffffda][0xffffff82]9[0xfffffff5][0xffffffa9]`[0x5][0xffffffbc]4[0xffffffa1][0x1d]<M[0xffffffb5]A[0xffffffa7]3[[0xffffffc0][0x7f][0x0][0xffffffc1][0xffffffd0]$[0xffffff85][0x1d][\r][0x0][0x0]"
12:12:06.411 [main] DEBUG org.apache.hc.client5.http.impl.classic.InternalHttpClient - ep-00000000: releasing valid endpoint
12:12:06.411 [main] DEBUG org.apache.hc.client5.http.impl.io.PoolingHttpClientConnectionManager - ep-00000000: releasing endpoint
12:12:06.412 [main] DEBUG org.apache.hc.client5.http.impl.io.PoolingHttpClientConnectionManager - ep-00000000: connection http-outgoing-0 can be kept alive for 3 MINUTES
12:12:06.412 [main] DEBUG org.apache.hc.client5.http.impl.io.PoolingHttpClientConnectionManager - ep-00000000: connection released [route: {s}->https://raw.githubusercontent.com:443][total available: 1; route allocated: 1 of 5; total allocated: 1 of 25]
12:12:06.412 [main] DEBUG io.github.bonigarcia.wdm.versions.VersionDetector - Detecting chrome version using online commands.properties
12:12:06.415 [main] DEBUG io.github.bonigarcia.wdm.versions.Shell - Running command on the shell: [cmd.exe, /C, wmic, datafile, where, name="%PROGRAMFILES:\=\\%\\Google\\Chrome\\Application\\chrome.exe", get, Version, /value]
12:12:06.693 [main] DEBUG io.github.bonigarcia.wdm.versions.Shell - Result: Version=101.0.4951.54
12:12:06.696 [main] DEBUG io.github.bonigarcia.wdm.cache.ResolutionCache - Resolution chrome101=101.0.4951.41 in cache (valid until 21:51:26 11/05/2022 WITA)
12:12:06.698 [main] INFO io.github.bonigarcia.wdm.WebDriverManager - Using chromedriver 101.0.4951.41 (resolved driver for Chrome 101)
12:12:06.703 [main] DEBUG io.github.bonigarcia.wdm.cache.ResolutionCache - Storing resolution chrome=101 in cache (valid until 13:12:06 11/05/2022 WITA)
12:12:06.719 [main] DEBUG io.github.bonigarcia.wdm.WebDriverManager - Driver chromedriver 101.0.4951.41 found in cache
12:12:06.720 [main] INFO io.github.bonigarcia.wdm.WebDriverManager - Exporting webdriver.chrome.driver as C:\Users\Rev\.cache\selenium\chromedriver\win32\101.0.4951.41\chromedriver.exe
12:12:07.478 [main] DEBUG net.thucydides.core.reflection.ClassFinder - Could not load class .starter.CucumberTestSuite
12:12:07.478 [main] DEBUG net.thucydides.core.reflection.ClassFinder - Could not load class .starter.definitions.LoginSteps
12:12:07.478 [main] DEBUG net.thucydides.core.reflection.ClassFinder - Could not load class .starter.definitions.OrderSteps
12:12:07.478 [main] DEBUG net.thucydides.core.reflection.ClassFinder - Could not load class .starter.definitions.RatingProductSteps
12:12:07.479 [main] DEBUG net.thucydides.core.reflection.ClassFinder - Could not load class .starter.definitions.RegisterSteps
12:12:07.479 [main] DEBUG net.thucydides.core.reflection.ClassFinder - Could not load class .starter.definitions.SelectCategorySteps
12:12:07.479 [main] DEBUG net.thucydides.core.reflection.ClassFinder - Could not load class .starter.pages.HomePage
12:12:07.479 [main] DEBUG net.thucydides.core.reflection.ClassFinder - Could not load class .starter.pages.LoginPage
12:12:07.479 [main] DEBUG net.thucydides.core.reflection.ClassFinder - Could not load class .starter.pages.OrderPage
12:12:07.479 [main] DEBUG net.thucydides.core.reflection.ClassFinder - Could not load class .starter.pages.RatingProductPage
12:12:07.479 [main] DEBUG net.thucydides.core.reflection.ClassFinder - Could not load class .starter.pages.RegisterPage
12:12:07.479 [main] DEBUG net.thucydides.core.reflection.ClassFinder - Could not load class .starter.pages.SelectCategoryPage
12:12:07.480 [main] DEBUG net.thucydides.core.reflection.ClassFinder - Could not load class META-INF.versions.9.com.sun.istack.logging.StackHelper
12:12:07.481 [main] DEBUG net.thucydides.core.reflection.ClassFinder - Could not load class META-INF.versions.9.com.sun.xml.bind.v2.runtime.reflect.opt.AccessorInjector
12:12:07.481 [main] DEBUG net.thucydides.core.reflection.ClassFinder - Could not load class META-INF.versions.9.com.sun.xml.bind.v2.runtime.reflect.opt.Injector
12:12:07.481 [main] DEBUG net.thucydides.core.reflection.ClassFinder - Could not load class META-INF.versions.9.com.sun.xml.bind.v2.runtime.reflect.opt.OptimizedAccessorFactory
12:12:07.482 [main] DEBUG net.thucydides.core.reflection.ClassFinder - Could not load class META-INF.versions.9.com.sun.xml.bind.v2.runtime.reflect.opt.OptimizedTransducedAccessorFactory
12:12:07.482 [main] DEBUG net.thucydides.core.reflection.ClassFinder - Could not load class META-INF.versions.9.io.opentelemetry.sdk.internal.CurrentJavaVersionSpecific
12:12:07.482 [main] DEBUG net.thucydides.core.reflection.ClassFinder - Could not load class META-INF.versions.9.io.opentelemetry.sdk.internal.Java9VersionSpecific
12:12:07.483 [main] DEBUG net.thucydides.core.reflection.ClassFinder - Could not load class META-INF.versions.9.javax.xml.bind.ModuleUtil
12:12:07.483 [main] DEBUG net.thucydides.core.reflection.ClassFinder - Could not load class META-INF.versions.9.module-info
12:12:07.484 [main] DEBUG net.thucydides.core.reflection.ClassFinder - Could not load class META-INF.versions.9.org.junit.platform.commons.util.ModuleUtils
12:12:07.856 [main] DEBUG net.thucydides.core.reflection.ClassFinder - Could not load class com.google.gson.internal.
12:12:08.027 [main] DEBUG net.thucydides.core.reflection.ClassFinder - Could not load class com.sun.xml.bind.v2.runtime.output.FastInfosetStreamWriterOutput
12:12:08.465 [main] DEBUG net.thucydides.core.reflection.ClassFinder - Could not load class module-info
12:12:11.313 [main] DEBUG io.netty.util.internal.logging.InternalLoggerFactory - Using SLF4J as the default logging framework
12:12:11.320 [main] DEBUG io.netty.util.ResourceLeakDetector - -Dio.netty.leakDetection.level: simple
12:12:11.321 [main] DEBUG io.netty.util.ResourceLeakDetector - -Dio.netty.leakDetection.targetRecords: 4
12:12:11.325 [main] DEBUG io.netty.util.ResourceLeakDetectorFactory - Loaded default ResourceLeakDetector: io.netty.util.ResourceLeakDetector@2cd2fdd8
12:12:11.347 [main] DEBUG io.netty.util.internal.PlatformDependent0 - -Dio.netty.noUnsafe: false
12:12:11.347 [main] DEBUG io.netty.util.internal.PlatformDependent0 - Java version: 17
12:12:11.348 [main] DEBUG io.netty.util.internal.PlatformDependent0 - sun.misc.Unsafe.theUnsafe: available
12:12:11.349 [main] DEBUG io.netty.util.internal.PlatformDependent0 - sun.misc.Unsafe.copyMemory: available
12:12:11.349 [main] DEBUG io.netty.util.internal.PlatformDependent0 - java.nio.Buffer.address: available
12:12:11.350 [main] DEBUG io.netty.util.internal.PlatformDependent0 - direct buffer constructor: unavailable: Reflective setAccessible(true) disabled
12:12:11.350 [main] DEBUG io.netty.util.internal.PlatformDependent0 - java.nio.Bits.unaligned: available, true
12:12:11.352 [main] DEBUG io.netty.util.internal.PlatformDependent0 - jdk.internal.misc.Unsafe.allocateUninitializedArray(int): unavailable: class io.netty.util.internal.PlatformDependent0$6 cannot access class jdk.internal.misc.Unsafe (in module java.base) because module java.base does not export jdk.internal.misc to unnamed module @e7edb54
12:12:11.354 [main] DEBUG io.netty.util.internal.PlatformDependent0 - java.nio.DirectByteBuffer.<init>(long, int): unavailable
12:12:11.355 [main] DEBUG io.netty.util.internal.PlatformDependent - sun.misc.Unsafe: available
12:12:11.357 [main] DEBUG io.netty.util.internal.PlatformDependent - maxDirectMemory: 4276092928 bytes (maybe)
12:12:11.357 [main] DEBUG io.netty.util.internal.PlatformDependent - -Dio.netty.tmpdir: C:\Users\Rev\AppData\Local\Temp (java.io.tmpdir)
12:12:11.357 [main] DEBUG io.netty.util.internal.PlatformDependent - -Dio.netty.bitMode: 64 (sun.arch.data.model)
12:12:11.358 [main] DEBUG io.netty.util.internal.PlatformDependent - Platform: Windows
12:12:11.358 [main] DEBUG io.netty.util.internal.PlatformDependent - -Dio.netty.maxDirectMemory: -1 bytes
12:12:11.358 [main] DEBUG io.netty.util.internal.PlatformDependent - -Dio.netty.uninitializedArrayAllocationThreshold: -1
12:12:11.359 [main] DEBUG io.netty.util.internal.CleanerJava9 - java.nio.ByteBuffer.cleaner(): available
12:12:11.360 [main] DEBUG io.netty.util.internal.PlatformDependent - -Dio.netty.noPreferDirect: false
12:12:11.368 [main] DEBUG io.netty.util.internal.PlatformDependent - org.jctools-core.MpscChunkedArrayQueue: available
12:12:11.392 [main] DEBUG io.netty.util.internal.InternalThreadLocalMap - -Dio.netty.threadLocalMap.stringBuilder.initialSize: 1024
12:12:11.392 [main] DEBUG io.netty.util.internal.InternalThreadLocalMap - -Dio.netty.threadLocalMap.stringBuilder.maxSize: 4096
12:12:11.410 [main] DEBUG io.netty.handler.ssl.JdkSslContext - Default protocols (JDK): [TLSv1.3, TLSv1.2] 
12:12:11.410 [main] DEBUG io.netty.handler.ssl.JdkSslContext - Default cipher suites (JDK): [TLS_ECDHE_ECDSA_WITH_AES_256_GCM_SHA384, TLS_ECDHE_ECDSA_WITH_AES_128_GCM_SHA256, TLS_ECDHE_RSA_WITH_AES_128_GCM_SHA256, TLS_ECDHE_RSA_WITH_AES_256_GCM_SHA384, TLS_ECDHE_RSA_WITH_AES_128_CBC_SHA, TLS_ECDHE_RSA_WITH_AES_256_CBC_SHA, TLS_RSA_WITH_AES_128_GCM_SHA256, TLS_RSA_WITH_AES_128_CBC_SHA, TLS_RSA_WITH_AES_256_CBC_SHA, TLS_AES_128_GCM_SHA256, TLS_AES_256_GCM_SHA384]
12:12:11.442 [main] DEBUG io.netty.channel.MultithreadEventLoopGroup - -Dio.netty.eventLoopThreads: 24
12:12:11.456 [main] DEBUG io.netty.channel.nio.NioEventLoop - -Dio.netty.noKeySetOptimization: false
12:12:11.456 [main] DEBUG io.netty.channel.nio.NioEventLoop - -Dio.netty.selectorAutoRebuildThreshold: 512
12:12:11.536 [main] DEBUG io.netty.buffer.PooledByteBufAllocator - -Dio.netty.allocator.numHeapArenas: 24
12:12:11.536 [main] DEBUG io.netty.buffer.PooledByteBufAllocator - -Dio.netty.allocator.numDirectArenas: 24
12:12:11.537 [main] DEBUG io.netty.buffer.PooledByteBufAllocator - -Dio.netty.allocator.pageSize: 8192
12:12:11.537 [main] DEBUG io.netty.buffer.PooledByteBufAllocator - -Dio.netty.allocator.maxOrder: 11
12:12:11.537 [main] DEBUG io.netty.buffer.PooledByteBufAllocator - -Dio.netty.allocator.chunkSize: 16777216
12:12:11.537 [main] DEBUG io.netty.buffer.PooledByteBufAllocator - -Dio.netty.allocator.smallCacheSize: 256
12:12:11.537 [main] DEBUG io.netty.buffer.PooledByteBufAllocator - -Dio.netty.allocator.normalCacheSize: 64
12:12:11.537 [main] DEBUG io.netty.buffer.PooledByteBufAllocator - -Dio.netty.allocator.maxCachedBufferCapacity: 32768
12:12:11.537 [main] DEBUG io.netty.buffer.PooledByteBufAllocator - -Dio.netty.allocator.cacheTrimInterval: 8192
12:12:11.537 [main] DEBUG io.netty.buffer.PooledByteBufAllocator - -Dio.netty.allocator.cacheTrimIntervalMillis: 0
12:12:11.537 [main] DEBUG io.netty.buffer.PooledByteBufAllocator - -Dio.netty.allocator.useCacheForAllThreads: true
12:12:11.537 [main] DEBUG io.netty.buffer.PooledByteBufAllocator - -Dio.netty.allocator.maxCachedByteBuffersPerChunk: 1023
12:12:11.548 [main] DEBUG io.netty.buffer.ByteBufUtil - -Dio.netty.allocator.type: pooled
12:12:11.548 [main] DEBUG io.netty.buffer.ByteBufUtil - -Dio.netty.threadLocalDirectBufferSize: 0
12:12:11.549 [main] DEBUG io.netty.buffer.ByteBufUtil - -Dio.netty.maxThreadLocalCharBufferSize: 16384
12:12:11.770 [main] DEBUG net.serenitybdd.core.webdriver.driverproviders.ProvideNewDriver - Instantiating driver
12:12:11.770 [main] DEBUG net.serenitybdd.core.webdriver.driverproviders.ProvideNewDriver - Driver capabilities: Capabilities {acceptInsecureCerts: false, base.url: https://qa.alta.id, browserName: chrome, chrome.driver: webdriver/chromedriver.exe, driver: chrome, goog:chromeOptions: {args: [], extensions: []}}
12:12:12.994 [Forwarding newSession on session null to remote] DEBUG io.netty.channel.DefaultChannelId - -Dio.netty.processId: 14972 (auto-detected)
12:12:12.996 [Forwarding newSession on session null to remote] DEBUG io.netty.util.NetUtil - -Djava.net.preferIPv4Stack: false
12:12:12.996 [Forwarding newSession on session null to remote] DEBUG io.netty.util.NetUtil - -Djava.net.preferIPv6Addresses: false
12:12:13.001 [Forwarding newSession on session null to remote] DEBUG io.netty.util.NetUtilInitializations - Loopback interface: lo (Software Loopback Interface 1, 127.0.0.1)
12:12:13.002 [Forwarding newSession on session null to remote] DEBUG io.netty.util.NetUtil - Failed to get SOMAXCONN from sysctl and file \proc\sys\net\core\somaxconn. Default: 200
12:12:13.011 [Forwarding newSession on session null to remote] DEBUG io.netty.channel.DefaultChannelId - -Dio.netty.machineId: a8:a1:59:ff:fe:85:ba:89 (auto-detected)
12:12:13.065 [AsyncHttpClient-1-2] DEBUG io.netty.buffer.AbstractByteBuf - -Dio.netty.buffer.checkAccessible: true
12:12:13.065 [AsyncHttpClient-1-2] DEBUG io.netty.buffer.AbstractByteBuf - -Dio.netty.buffer.checkBounds: true
12:12:13.065 [AsyncHttpClient-1-2] DEBUG io.netty.util.ResourceLeakDetectorFactory - Loaded default ResourceLeakDetector: io.netty.util.ResourceLeakDetector@5cdbee2
12:12:13.080 [AsyncHttpClient-1-2] DEBUG org.asynchttpclient.netty.channel.NettyConnectListener - Using new Channel '[id: 0x200c9da4, L:/127.0.0.1:49432 - R:localhost/127.0.0.1:54370]' for 'POST' to '/session'
12:12:13.098 [AsyncHttpClient-1-2] DEBUG io.netty.util.Recycler - -Dio.netty.recycler.maxCapacityPerThread: 4096
12:12:13.098 [AsyncHttpClient-1-2] DEBUG io.netty.util.Recycler - -Dio.netty.recycler.ratio: 8
12:12:13.098 [AsyncHttpClient-1-2] DEBUG io.netty.util.Recycler - -Dio.netty.recycler.chunkSize: 32
12:12:13.098 [AsyncHttpClient-1-2] DEBUG io.netty.util.Recycler - -Dio.netty.recycler.blocking: false
12:12:14.108 [AsyncHttpClient-1-2] DEBUG io.netty.handler.codec.compression.Brotli - brotli4j not in the classpath; Brotli support will be unavailable.
12:12:14.108 [AsyncHttpClient-1-2] DEBUG org.asynchttpclient.netty.handler.HttpHandler - 

Request DefaultHttpRequest(decodeResult: success, version: HTTP/1.1)
POST /session HTTP/1.1
User-Agent: selenium/4.1.2 (java windows)
Content-Length: 565
Content-Type: application/json; charset=utf-8
host: localhost:54370
accept: */*

Response DefaultHttpResponse(decodeResult: success, version: HTTP/1.1)
HTTP/1.1 200 OK
Content-Type: application/json; charset=utf-8
cache-control: no-cache
content-length: 787

12:12:14.115 [AsyncHttpClient-1-2] DEBUG org.asynchttpclient.netty.channel.ChannelManager - Adding key: http://localhost:54370 for channel [id: 0x200c9da4, L:/127.0.0.1:49432 - R:localhost/127.0.0.1:54370]
12:12:14.188 [AsyncHttpClient-1-3] DEBUG org.asynchttpclient.netty.channel.NettyConnectListener - Using new Channel '[id: 0xd850e6e8, L:/127.0.0.1:49439 - R:localhost/127.0.0.1:49433]' for 'GET' to '/json/version'
12:12:14.196 [AsyncHttpClient-1-3] DEBUG org.asynchttpclient.netty.handler.HttpHandler - 

Request DefaultFullHttpRequest(decodeResult: success, version: HTTP/1.1, content: EmptyByteBufBE)
GET /json/version HTTP/1.1
User-Agent: selenium/4.1.2 (java windows)
host: localhost:49433
accept: */*

Response DefaultHttpResponse(decodeResult: success, version: HTTP/1.1)
HTTP/1.1 200 OK
Content-Type: application/json; charset=UTF-8
content-length: 427

12:12:14.196 [AsyncHttpClient-1-3] DEBUG org.asynchttpclient.netty.channel.ChannelManager - Adding key: http://localhost:49433 for channel [id: 0xd850e6e8, L:/127.0.0.1:49439 - R:localhost/127.0.0.1:49433]
12:12:14.203 [main] DEBUG io.netty.util.internal.ThreadLocalRandom - -Dio.netty.initialSeedUniquifier: 0x27b00064519302ad
12:12:14.208 [AsyncHttpClient-1-4] DEBUG org.asynchttpclient.netty.channel.NettyConnectListener - Using new Channel '[id: 0xba443f76, L:/127.0.0.1:49440 - R:localhost/127.0.0.1:49433]' for 'GET' to '/devtools/browser/56a4538d-6465-4fbe-ab4d-052a9ce79d7e'
12:12:14.215 [AsyncHttpClient-1-4] DEBUG org.asynchttpclient.netty.handler.WebSocketHandler - 

Request DefaultFullHttpRequest(decodeResult: success, version: HTTP/1.1, content: EmptyByteBufBE)
GET /devtools/browser/56a4538d-6465-4fbe-ab4d-052a9ce79d7e HTTP/1.1
upgrade: websocket
connection: upgrade
sec-websocket-key: SF6dFRea9GWk/j7gwHFvhg==
sec-websocket-version: 13
origin: http://localhost:49433
host: localhost:49433
accept: */*
user-agent: AHC/2.1

Response DefaultHttpResponse(decodeResult: success, version: HTTP/1.1)
HTTP/1.1 101 WebSocket Protocol Handshake
Upgrade: WebSocket
Connection: Upgrade
Sec-WebSocket-Accept: kdYFpcdKtoYTvieP1IlGx51eTbQ=

12:12:14.675 [AsyncHttpClient-1-1] DEBUG org.asynchttpclient.netty.channel.DefaultChannelPool - Entry count for : http://localhost:49433 : 1
12:12:14.675 [AsyncHttpClient-1-1] DEBUG org.asynchttpclient.netty.channel.DefaultChannelPool - Entry count for : http://localhost:54370 : 1
12:12:15.172 [main] DEBUG net.thucydides.core.reflection.ClassFinder - Could not load class .starter.CucumberTestSuite
12:12:15.172 [main] DEBUG net.thucydides.core.reflection.ClassFinder - Could not load class .starter.definitions.LoginSteps
12:12:15.172 [main] DEBUG net.thucydides.core.reflection.ClassFinder - Could not load class .starter.definitions.OrderSteps
12:12:15.172 [main] DEBUG net.thucydides.core.reflection.ClassFinder - Could not load class .starter.definitions.RatingProductSteps
12:12:15.172 [main] DEBUG net.thucydides.core.reflection.ClassFinder - Could not load class .starter.definitions.RegisterSteps
12:12:15.172 [main] DEBUG net.thucydides.core.reflection.ClassFinder - Could not load class .starter.definitions.SelectCategorySteps
12:12:15.173 [main] DEBUG net.thucydides.core.reflection.ClassFinder - Could not load class .starter.pages.HomePage
12:12:15.173 [main] DEBUG net.thucydides.core.reflection.ClassFinder - Could not load class .starter.pages.LoginPage
12:12:15.173 [main] DEBUG net.thucydides.core.reflection.ClassFinder - Could not load class .starter.pages.OrderPage
12:12:15.173 [main] DEBUG net.thucydides.core.reflection.ClassFinder - Could not load class .starter.pages.RatingProductPage
12:12:15.173 [main] DEBUG net.thucydides.core.reflection.ClassFinder - Could not load class .starter.pages.RegisterPage
12:12:15.173 [main] DEBUG net.thucydides.core.reflection.ClassFinder - Could not load class .starter.pages.SelectCategoryPage
12:12:15.174 [main] DEBUG net.thucydides.core.reflection.ClassFinder - Could not load class META-INF.versions.9.com.sun.istack.logging.StackHelper
12:12:15.174 [main] DEBUG net.thucydides.core.reflection.ClassFinder - Could not load class META-INF.versions.9.com.sun.xml.bind.v2.runtime.reflect.opt.AccessorInjector
12:12:15.174 [main] DEBUG net.thucydides.core.reflection.ClassFinder - Could not load class META-INF.versions.9.com.sun.xml.bind.v2.runtime.reflect.opt.Injector
12:12:15.175 [main] DEBUG net.thucydides.core.reflection.ClassFinder - Could not load class META-INF.versions.9.com.sun.xml.bind.v2.runtime.reflect.opt.OptimizedAccessorFactory
12:12:15.175 [main] DEBUG net.thucydides.core.reflection.ClassFinder - Could not load class META-INF.versions.9.com.sun.xml.bind.v2.runtime.reflect.opt.OptimizedTransducedAccessorFactory
12:12:15.175 [main] DEBUG net.thucydides.core.reflection.ClassFinder - Could not load class META-INF.versions.9.io.opentelemetry.sdk.internal.CurrentJavaVersionSpecific
12:12:15.175 [main] DEBUG net.thucydides.core.reflection.ClassFinder - Could not load class META-INF.versions.9.io.opentelemetry.sdk.internal.Java9VersionSpecific
12:12:15.177 [main] DEBUG net.thucydides.core.reflection.ClassFinder - Could not load class META-INF.versions.9.javax.xml.bind.ModuleUtil
12:12:15.177 [main] DEBUG net.thucydides.core.reflection.ClassFinder - Could not load class META-INF.versions.9.module-info
12:12:15.178 [main] DEBUG net.thucydides.core.reflection.ClassFinder - Could not load class META-INF.versions.9.org.junit.platform.commons.util.ModuleUtils
12:12:15.180 [main] DEBUG net.thucydides.core.reflection.ClassFinder - Could not load class com.google.gson.internal.
12:12:15.182 [main] DEBUG net.thucydides.core.reflection.ClassFinder - Could not load class com.sun.xml.bind.v2.runtime.output.FastInfosetStreamWriterOutput
12:12:15.185 [main] DEBUG net.thucydides.core.reflection.ClassFinder - Could not load class module-info
12:12:15.213 [Forwarding get on session 7e68bebf4f631384ef0c8284bc97caa9 to remote] DEBUG org.asynchttpclient.netty.request.NettyRequestSender - Using pooled Channel '[id: 0x200c9da4, L:/127.0.0.1:49432 - R:localhost/127.0.0.1:54370]' for 'POST' to 'http://localhost:54370/session/7e68bebf4f631384ef0c8284bc97caa9/url'
12:12:15.213 [Forwarding get on session 7e68bebf4f631384ef0c8284bc97caa9 to remote] DEBUG org.asynchttpclient.netty.request.NettyRequestSender - Using open Channel [id: 0x200c9da4, L:/127.0.0.1:49432 - R:localhost/127.0.0.1:54370] for POST '/session/7e68bebf4f631384ef0c8284bc97caa9/url'
12:12:15.773 [AsyncHttpClient-1-1] DEBUG org.asynchttpclient.netty.channel.DefaultChannelPool - Entry count for : http://localhost:49433 : 1
12:12:15.789 [AsyncHttpClient-1-2] DEBUG org.asynchttpclient.netty.handler.HttpHandler - 

Request DefaultHttpRequest(decodeResult: success, version: HTTP/1.1)
POST /session/7e68bebf4f631384ef0c8284bc97caa9/url HTTP/1.1
User-Agent: selenium/4.1.2 (java windows)
Content-Length: 43
Content-Type: application/json; charset=utf-8
host: localhost:54370
accept: */*

Response DefaultHttpResponse(decodeResult: success, version: HTTP/1.1)
HTTP/1.1 200 OK
Content-Type: application/json; charset=utf-8
cache-control: no-cache
content-length: 14

12:12:15.790 [AsyncHttpClient-1-2] DEBUG org.asynchttpclient.netty.channel.ChannelManager - Adding key: http://localhost:54370 for channel [id: 0x200c9da4, L:/127.0.0.1:49432 - R:localhost/127.0.0.1:54370]
12:12:15.795 [Forwarding setTimeout on session 7e68bebf4f631384ef0c8284bc97caa9 to remote] DEBUG org.asynchttpclient.netty.request.NettyRequestSender - Using pooled Channel '[id: 0x200c9da4, L:/127.0.0.1:49432 - R:localhost/127.0.0.1:54370]' for 'POST' to 'http://localhost:54370/session/7e68bebf4f631384ef0c8284bc97caa9/timeouts'
12:12:15.795 [Forwarding setTimeout on session 7e68bebf4f631384ef0c8284bc97caa9 to remote] DEBUG org.asynchttpclient.netty.request.NettyRequestSender - Using open Channel [id: 0x200c9da4, L:/127.0.0.1:49432 - R:localhost/127.0.0.1:54370] for POST '/session/7e68bebf4f631384ef0c8284bc97caa9/timeouts'
12:12:15.825 [AsyncHttpClient-1-2] DEBUG org.asynchttpclient.netty.handler.HttpHandler - 

Request DefaultHttpRequest(decodeResult: success, version: HTTP/1.1)
POST /session/7e68bebf4f631384ef0c8284bc97caa9/timeouts HTTP/1.1
User-Agent: selenium/4.1.2 (java windows)
Content-Length: 22
Content-Type: application/json; charset=utf-8
host: localhost:54370
accept: */*

Response DefaultHttpResponse(decodeResult: success, version: HTTP/1.1)
HTTP/1.1 200 OK
Content-Type: application/json; charset=utf-8
cache-control: no-cache
content-length: 14

12:12:15.826 [AsyncHttpClient-1-2] DEBUG org.asynchttpclient.netty.channel.ChannelManager - Adding key: http://localhost:54370 for channel [id: 0x200c9da4, L:/127.0.0.1:49432 - R:localhost/127.0.0.1:54370]
12:12:15.831 [Forwarding getCurrentUrl on session 7e68bebf4f631384ef0c8284bc97caa9 to remote] DEBUG org.asynchttpclient.netty.request.NettyRequestSender - Using pooled Channel '[id: 0x200c9da4, L:/127.0.0.1:49432 - R:localhost/127.0.0.1:54370]' for 'GET' to 'http://localhost:54370/session/7e68bebf4f631384ef0c8284bc97caa9/url'
12:12:15.831 [Forwarding getCurrentUrl on session 7e68bebf4f631384ef0c8284bc97caa9 to remote] DEBUG org.asynchttpclient.netty.request.NettyRequestSender - Using open Channel [id: 0x200c9da4, L:/127.0.0.1:49432 - R:localhost/127.0.0.1:54370] for GET '/session/7e68bebf4f631384ef0c8284bc97caa9/url'
12:12:15.858 [AsyncHttpClient-1-2] DEBUG org.asynchttpclient.netty.handler.HttpHandler - 

Request DefaultFullHttpRequest(decodeResult: success, version: HTTP/1.1, content: EmptyByteBufBE)
GET /session/7e68bebf4f631384ef0c8284bc97caa9/url HTTP/1.1
User-Agent: selenium/4.1.2 (java windows)
Cache-Control: no-cache
Content-Type: application/json; charset=utf-8
host: localhost:54370
accept: */*

Response DefaultHttpResponse(decodeResult: success, version: HTTP/1.1)
HTTP/1.1 200 OK
Content-Type: application/json; charset=utf-8
cache-control: no-cache
content-length: 31

12:12:15.858 [AsyncHttpClient-1-2] DEBUG org.asynchttpclient.netty.channel.ChannelManager - Adding key: http://localhost:54370 for channel [id: 0x200c9da4, L:/127.0.0.1:49432 - R:localhost/127.0.0.1:54370]
12:12:15.863 [Forwarding getCurrentUrl on session 7e68bebf4f631384ef0c8284bc97caa9 to remote] DEBUG org.asynchttpclient.netty.request.NettyRequestSender - Using pooled Channel '[id: 0x200c9da4, L:/127.0.0.1:49432 - R:localhost/127.0.0.1:54370]' for 'GET' to 'http://localhost:54370/session/7e68bebf4f631384ef0c8284bc97caa9/url'
12:12:15.863 [Forwarding getCurrentUrl on session 7e68bebf4f631384ef0c8284bc97caa9 to remote] DEBUG org.asynchttpclient.netty.request.NettyRequestSender - Using open Channel [id: 0x200c9da4, L:/127.0.0.1:49432 - R:localhost/127.0.0.1:54370] for GET '/session/7e68bebf4f631384ef0c8284bc97caa9/url'
12:12:15.881 [AsyncHttpClient-1-2] DEBUG org.asynchttpclient.netty.handler.HttpHandler - 

Request DefaultFullHttpRequest(decodeResult: success, version: HTTP/1.1, content: EmptyByteBufBE)
GET /session/7e68bebf4f631384ef0c8284bc97caa9/url HTTP/1.1
User-Agent: selenium/4.1.2 (java windows)
Cache-Control: no-cache
Content-Type: application/json; charset=utf-8
host: localhost:54370
accept: */*

Response DefaultHttpResponse(decodeResult: success, version: HTTP/1.1)
HTTP/1.1 200 OK
Content-Type: application/json; charset=utf-8
cache-control: no-cache
content-length: 31

12:12:15.881 [AsyncHttpClient-1-2] DEBUG org.asynchttpclient.netty.channel.ChannelManager - Adding key: http://localhost:54370 for channel [id: 0x200c9da4, L:/127.0.0.1:49432 - R:localhost/127.0.0.1:54370]
12:12:15.902 [main] DEBUG net.serenitybdd.core.photography.Darkroom - Opening darkroom
12:12:15.903 [Forwarding screenshot on session 7e68bebf4f631384ef0c8284bc97caa9 to remote] DEBUG org.asynchttpclient.netty.request.NettyRequestSender - Using pooled Channel '[id: 0x200c9da4, L:/127.0.0.1:49432 - R:localhost/127.0.0.1:54370]' for 'GET' to 'http://localhost:54370/session/7e68bebf4f631384ef0c8284bc97caa9/screenshot'
12:12:15.903 [Forwarding screenshot on session 7e68bebf4f631384ef0c8284bc97caa9 to remote] DEBUG org.asynchttpclient.netty.request.NettyRequestSender - Using open Channel [id: 0x200c9da4, L:/127.0.0.1:49432 - R:localhost/127.0.0.1:54370] for GET '/session/7e68bebf4f631384ef0c8284bc97caa9/screenshot'
12:12:15.908 [Darkroom Processing Line] DEBUG net.serenitybdd.core.photography.DarkroomProcessingLine - Darkroom processing line starting up
12:12:16.570 [AsyncHttpClient-1-2] DEBUG org.asynchttpclient.netty.handler.HttpHandler - 

Request DefaultFullHttpRequest(decodeResult: success, version: HTTP/1.1, content: EmptyByteBufBE)
GET /session/7e68bebf4f631384ef0c8284bc97caa9/screenshot HTTP/1.1
User-Agent: selenium/4.1.2 (java windows)
Cache-Control: no-cache
Content-Type: application/json; charset=utf-8
host: localhost:54370
accept: */*

Response DefaultHttpResponse(decodeResult: success, version: HTTP/1.1)
HTTP/1.1 200 OK
Content-Type: application/json; charset=utf-8
cache-control: no-cache
content-length: 31284

12:12:16.571 [AsyncHttpClient-1-2] DEBUG org.asynchttpclient.netty.channel.ChannelManager - Adding key: http://localhost:54370 for channel [id: 0x200c9da4, L:/127.0.0.1:49432 - R:localhost/127.0.0.1:54370]
12:12:16.653 [main] DEBUG net.serenitybdd.core.photography.Darkroom - Send negative for processing for target\site\serenity\d3c91f9798899c9e9b53b6af8143fc1f8b03d78479799f4588d2b0c31bc388c6.png
12:12:16.653 [Darkroom Processing Line] DEBUG net.serenitybdd.core.photography.DarkroomProcessingLine - Processing screenshot image in /var/screenshots/screenshot-571672813752277731
12:12:16.654 [Darkroom Processing Line] DEBUG net.serenitybdd.core.photography.DarkroomProcessingLine - Saving screenshot to target\site\serenity\d3c91f9798899c9e9b53b6af8143fc1f8b03d78479799f4588d2b0c31bc388c6.png
12:12:16.662 [main] DEBUG net.thucydides.core.steps.StepInterceptor - STEP DONE: openPage
12:12:16.671 [main] DEBUG net.thucydides.core.steps.StepInterceptor - STARTING STEP: LoginSteps.ontheLoginPage - clickLoginIcon
12:12:16.679 [Forwarding findElement on session 7e68bebf4f631384ef0c8284bc97caa9 to remote] DEBUG org.asynchttpclient.netty.request.NettyRequestSender - Using pooled Channel '[id: 0x200c9da4, L:/127.0.0.1:49432 - R:localhost/127.0.0.1:54370]' for 'POST' to 'http://localhost:54370/session/7e68bebf4f631384ef0c8284bc97caa9/element'
12:12:16.679 [Forwarding findElement on session 7e68bebf4f631384ef0c8284bc97caa9 to remote] DEBUG org.asynchttpclient.netty.request.NettyRequestSender - Using open Channel [id: 0x200c9da4, L:/127.0.0.1:49432 - R:localhost/127.0.0.1:54370] for POST '/session/7e68bebf4f631384ef0c8284bc97caa9/element'
12:12:16.725 [AsyncHttpClient-1-2] DEBUG org.asynchttpclient.netty.handler.HttpHandler - 

Request DefaultHttpRequest(decodeResult: success, version: HTTP/1.1)
POST /session/7e68bebf4f631384ef0c8284bc97caa9/element HTTP/1.1
User-Agent: selenium/4.1.2 (java windows)
Content-Length: 139
Content-Type: application/json; charset=utf-8
host: localhost:54370
accept: */*

Response DefaultHttpResponse(decodeResult: success, version: HTTP/1.1)
HTTP/1.1 200 OK
Content-Type: application/json; charset=utf-8
cache-control: no-cache
content-length: 88

12:12:16.726 [AsyncHttpClient-1-2] DEBUG org.asynchttpclient.netty.channel.ChannelManager - Adding key: http://localhost:54370 for channel [id: 0x200c9da4, L:/127.0.0.1:49432 - R:localhost/127.0.0.1:54370]
12:12:16.729 [Forwarding getElementTagName on session 7e68bebf4f631384ef0c8284bc97caa9 to remote] DEBUG org.asynchttpclient.netty.request.NettyRequestSender - Using pooled Channel '[id: 0x200c9da4, L:/127.0.0.1:49432 - R:localhost/127.0.0.1:54370]' for 'GET' to 'http://localhost:54370/session/7e68bebf4f631384ef0c8284bc97caa9/element/af14b5d8-abfb-44f1-91bf-145c9043b196/name'
12:12:16.729 [Forwarding getElementTagName on session 7e68bebf4f631384ef0c8284bc97caa9 to remote] DEBUG org.asynchttpclient.netty.request.NettyRequestSender - Using open Channel [id: 0x200c9da4, L:/127.0.0.1:49432 - R:localhost/127.0.0.1:54370] for GET '/session/7e68bebf4f631384ef0c8284bc97caa9/element/af14b5d8-abfb-44f1-91bf-145c9043b196/name'
12:12:16.875 [AsyncHttpClient-1-1] DEBUG org.asynchttpclient.netty.channel.DefaultChannelPool - Entry count for : http://localhost:49433 : 1
12:12:16.908 [AsyncHttpClient-1-2] DEBUG org.asynchttpclient.netty.handler.HttpHandler - 

Request DefaultFullHttpRequest(decodeResult: success, version: HTTP/1.1, content: EmptyByteBufBE)
GET /session/7e68bebf4f631384ef0c8284bc97caa9/element/af14b5d8-abfb-44f1-91bf-145c9043b196/name HTTP/1.1
User-Agent: selenium/4.1.2 (java windows)
Cache-Control: no-cache
Content-Type: application/json; charset=utf-8
host: localhost:54370
accept: */*

Response DefaultHttpResponse(decodeResult: success, version: HTTP/1.1)
HTTP/1.1 200 OK
Content-Type: application/json; charset=utf-8
cache-control: no-cache
content-length: 18

12:12:16.909 [AsyncHttpClient-1-2] DEBUG org.asynchttpclient.netty.channel.ChannelManager - Adding key: http://localhost:54370 for channel [id: 0x200c9da4, L:/127.0.0.1:49432 - R:localhost/127.0.0.1:54370]
12:12:16.911 [Forwarding getElementTagName on session 7e68bebf4f631384ef0c8284bc97caa9 to remote] DEBUG org.asynchttpclient.netty.request.NettyRequestSender - Using pooled Channel '[id: 0x200c9da4, L:/127.0.0.1:49432 - R:localhost/127.0.0.1:54370]' for 'GET' to 'http://localhost:54370/session/7e68bebf4f631384ef0c8284bc97caa9/element/af14b5d8-abfb-44f1-91bf-145c9043b196/name'
12:12:16.911 [Forwarding getElementTagName on session 7e68bebf4f631384ef0c8284bc97caa9 to remote] DEBUG org.asynchttpclient.netty.request.NettyRequestSender - Using open Channel [id: 0x200c9da4, L:/127.0.0.1:49432 - R:localhost/127.0.0.1:54370] for GET '/session/7e68bebf4f631384ef0c8284bc97caa9/element/af14b5d8-abfb-44f1-91bf-145c9043b196/name'
12:12:16.967 [AsyncHttpClient-1-2] DEBUG org.asynchttpclient.netty.handler.HttpHandler - 

Request DefaultFullHttpRequest(decodeResult: success, version: HTTP/1.1, content: EmptyByteBufBE)
GET /session/7e68bebf4f631384ef0c8284bc97caa9/element/af14b5d8-abfb-44f1-91bf-145c9043b196/name HTTP/1.1
User-Agent: selenium/4.1.2 (java windows)
Cache-Control: no-cache
Content-Type: application/json; charset=utf-8
host: localhost:54370
accept: */*

Response DefaultHttpResponse(decodeResult: success, version: HTTP/1.1)
HTTP/1.1 200 OK
Content-Type: application/json; charset=utf-8
cache-control: no-cache
content-length: 18

12:12:16.968 [AsyncHttpClient-1-2] DEBUG org.asynchttpclient.netty.channel.ChannelManager - Adding key: http://localhost:54370 for channel [id: 0x200c9da4, L:/127.0.0.1:49432 - R:localhost/127.0.0.1:54370]
12:12:16.972 [Forwarding isElementEnabled on session 7e68bebf4f631384ef0c8284bc97caa9 to remote] DEBUG org.asynchttpclient.netty.request.NettyRequestSender - Using pooled Channel '[id: 0x200c9da4, L:/127.0.0.1:49432 - R:localhost/127.0.0.1:54370]' for 'GET' to 'http://localhost:54370/session/7e68bebf4f631384ef0c8284bc97caa9/element/af14b5d8-abfb-44f1-91bf-145c9043b196/enabled'
12:12:16.972 [Forwarding isElementEnabled on session 7e68bebf4f631384ef0c8284bc97caa9 to remote] DEBUG org.asynchttpclient.netty.request.NettyRequestSender - Using open Channel [id: 0x200c9da4, L:/127.0.0.1:49432 - R:localhost/127.0.0.1:54370] for GET '/session/7e68bebf4f631384ef0c8284bc97caa9/element/af14b5d8-abfb-44f1-91bf-145c9043b196/enabled'
12:12:17.063 [AsyncHttpClient-1-2] DEBUG org.asynchttpclient.netty.handler.HttpHandler - 

Request DefaultFullHttpRequest(decodeResult: success, version: HTTP/1.1, content: EmptyByteBufBE)
GET /session/7e68bebf4f631384ef0c8284bc97caa9/element/af14b5d8-abfb-44f1-91bf-145c9043b196/enabled HTTP/1.1
User-Agent: selenium/4.1.2 (java windows)
Cache-Control: no-cache
Content-Type: application/json; charset=utf-8
host: localhost:54370
accept: */*

Response DefaultHttpResponse(decodeResult: success, version: HTTP/1.1)
HTTP/1.1 200 OK
Content-Type: application/json; charset=utf-8
cache-control: no-cache
content-length: 14

12:12:17.063 [AsyncHttpClient-1-2] DEBUG org.asynchttpclient.netty.channel.ChannelManager - Adding key: http://localhost:54370 for channel [id: 0x200c9da4, L:/127.0.0.1:49432 - R:localhost/127.0.0.1:54370]
12:12:17.066 [Forwarding isElementEnabled on session 7e68bebf4f631384ef0c8284bc97caa9 to remote] DEBUG org.asynchttpclient.netty.request.NettyRequestSender - Using pooled Channel '[id: 0x200c9da4, L:/127.0.0.1:49432 - R:localhost/127.0.0.1:54370]' for 'GET' to 'http://localhost:54370/session/7e68bebf4f631384ef0c8284bc97caa9/element/af14b5d8-abfb-44f1-91bf-145c9043b196/enabled'
12:12:17.066 [Forwarding isElementEnabled on session 7e68bebf4f631384ef0c8284bc97caa9 to remote] DEBUG org.asynchttpclient.netty.request.NettyRequestSender - Using open Channel [id: 0x200c9da4, L:/127.0.0.1:49432 - R:localhost/127.0.0.1:54370] for GET '/session/7e68bebf4f631384ef0c8284bc97caa9/element/af14b5d8-abfb-44f1-91bf-145c9043b196/enabled'
12:12:17.084 [AsyncHttpClient-1-2] DEBUG org.asynchttpclient.netty.handler.HttpHandler - 

Request DefaultFullHttpRequest(decodeResult: success, version: HTTP/1.1, content: EmptyByteBufBE)
GET /session/7e68bebf4f631384ef0c8284bc97caa9/element/af14b5d8-abfb-44f1-91bf-145c9043b196/enabled HTTP/1.1
User-Agent: selenium/4.1.2 (java windows)
Cache-Control: no-cache
Content-Type: application/json; charset=utf-8
host: localhost:54370
accept: */*

Response DefaultHttpResponse(decodeResult: success, version: HTTP/1.1)
HTTP/1.1 200 OK
Content-Type: application/json; charset=utf-8
cache-control: no-cache
content-length: 14

12:12:17.085 [AsyncHttpClient-1-2] DEBUG org.asynchttpclient.netty.channel.ChannelManager - Adding key: http://localhost:54370 for channel [id: 0x200c9da4, L:/127.0.0.1:49432 - R:localhost/127.0.0.1:54370]
12:12:17.088 [Forwarding findElement on session 7e68bebf4f631384ef0c8284bc97caa9 to remote] DEBUG org.asynchttpclient.netty.request.NettyRequestSender - Using pooled Channel '[id: 0x200c9da4, L:/127.0.0.1:49432 - R:localhost/127.0.0.1:54370]' for 'POST' to 'http://localhost:54370/session/7e68bebf4f631384ef0c8284bc97caa9/element'
12:12:17.088 [Forwarding findElement on session 7e68bebf4f631384ef0c8284bc97caa9 to remote] DEBUG org.asynchttpclient.netty.request.NettyRequestSender - Using open Channel [id: 0x200c9da4, L:/127.0.0.1:49432 - R:localhost/127.0.0.1:54370] for POST '/session/7e68bebf4f631384ef0c8284bc97caa9/element'
12:12:17.132 [AsyncHttpClient-1-2] DEBUG org.asynchttpclient.netty.handler.HttpHandler - 

Request DefaultHttpRequest(decodeResult: success, version: HTTP/1.1)
POST /session/7e68bebf4f631384ef0c8284bc97caa9/element HTTP/1.1
User-Agent: selenium/4.1.2 (java windows)
Content-Length: 139
Content-Type: application/json; charset=utf-8
host: localhost:54370
accept: */*

Response DefaultHttpResponse(decodeResult: success, version: HTTP/1.1)
HTTP/1.1 200 OK
Content-Type: application/json; charset=utf-8
cache-control: no-cache
content-length: 88

12:12:17.132 [AsyncHttpClient-1-2] DEBUG org.asynchttpclient.netty.channel.ChannelManager - Adding key: http://localhost:54370 for channel [id: 0x200c9da4, L:/127.0.0.1:49432 - R:localhost/127.0.0.1:54370]
12:12:17.134 [Forwarding clickElement on session 7e68bebf4f631384ef0c8284bc97caa9 to remote] DEBUG org.asynchttpclient.netty.request.NettyRequestSender - Using pooled Channel '[id: 0x200c9da4, L:/127.0.0.1:49432 - R:localhost/127.0.0.1:54370]' for 'POST' to 'http://localhost:54370/session/7e68bebf4f631384ef0c8284bc97caa9/element/af14b5d8-abfb-44f1-91bf-145c9043b196/click'
12:12:17.134 [Forwarding clickElement on session 7e68bebf4f631384ef0c8284bc97caa9 to remote] DEBUG org.asynchttpclient.netty.request.NettyRequestSender - Using open Channel [id: 0x200c9da4, L:/127.0.0.1:49432 - R:localhost/127.0.0.1:54370] for POST '/session/7e68bebf4f631384ef0c8284bc97caa9/element/af14b5d8-abfb-44f1-91bf-145c9043b196/click'
12:12:17.513 [AsyncHttpClient-1-2] DEBUG org.asynchttpclient.netty.handler.HttpHandler - 

Request DefaultHttpRequest(decodeResult: success, version: HTTP/1.1)
POST /session/7e68bebf4f631384ef0c8284bc97caa9/element/af14b5d8-abfb-44f1-91bf-145c9043b196/click HTTP/1.1
User-Agent: selenium/4.1.2 (java windows)
Content-Length: 50
Content-Type: application/json; charset=utf-8
host: localhost:54370
accept: */*

Response DefaultHttpResponse(decodeResult: success, version: HTTP/1.1)
HTTP/1.1 200 OK
Content-Type: application/json; charset=utf-8
cache-control: no-cache
content-length: 14

12:12:17.513 [AsyncHttpClient-1-2] DEBUG org.asynchttpclient.netty.channel.ChannelManager - Adding key: http://localhost:54370 for channel [id: 0x200c9da4, L:/127.0.0.1:49432 - R:localhost/127.0.0.1:54370]
12:12:17.521 [Forwarding screenshot on session 7e68bebf4f631384ef0c8284bc97caa9 to remote] DEBUG org.asynchttpclient.netty.request.NettyRequestSender - Using pooled Channel '[id: 0x200c9da4, L:/127.0.0.1:49432 - R:localhost/127.0.0.1:54370]' for 'GET' to 'http://localhost:54370/session/7e68bebf4f631384ef0c8284bc97caa9/screenshot'
12:12:17.521 [Forwarding screenshot on session 7e68bebf4f631384ef0c8284bc97caa9 to remote] DEBUG org.asynchttpclient.netty.request.NettyRequestSender - Using open Channel [id: 0x200c9da4, L:/127.0.0.1:49432 - R:localhost/127.0.0.1:54370] for GET '/session/7e68bebf4f631384ef0c8284bc97caa9/screenshot'
12:12:17.771 [AsyncHttpClient-1-2] DEBUG org.asynchttpclient.netty.handler.HttpHandler - 

Request DefaultFullHttpRequest(decodeResult: success, version: HTTP/1.1, content: EmptyByteBufBE)
GET /session/7e68bebf4f631384ef0c8284bc97caa9/screenshot HTTP/1.1
User-Agent: selenium/4.1.2 (java windows)
Cache-Control: no-cache
Content-Type: application/json; charset=utf-8
host: localhost:54370
accept: */*

Response DefaultHttpResponse(decodeResult: success, version: HTTP/1.1)
HTTP/1.1 200 OK
Content-Type: application/json; charset=utf-8
cache-control: no-cache
content-length: 26036

12:12:17.772 [AsyncHttpClient-1-2] DEBUG org.asynchttpclient.netty.channel.ChannelManager - Adding key: http://localhost:54370 for channel [id: 0x200c9da4, L:/127.0.0.1:49432 - R:localhost/127.0.0.1:54370]
12:12:17.774 [main] DEBUG net.serenitybdd.core.photography.Darkroom - Send negative for processing for target\site\serenity\e3f7f818dd4f104cfbc0e1ca8bf6a7f68882830214582b537ffcb594825ddaa6.png
12:12:17.774 [main] DEBUG net.thucydides.core.steps.StepInterceptor - STEP DONE: clickLoginIcon
12:12:17.775 [Darkroom Processing Line] DEBUG net.serenitybdd.core.photography.DarkroomProcessingLine - Processing screenshot image in /var/screenshots/screenshot-6020169326044072113
12:12:17.775 [Darkroom Processing Line] DEBUG net.serenitybdd.core.photography.DarkroomProcessingLine - Saving screenshot to target\site\serenity\e3f7f818dd4f104cfbc0e1ca8bf6a7f68882830214582b537ffcb594825ddaa6.png
12:12:17.781 [main] DEBUG net.thucydides.core.steps.StepInterceptor - STARTING STEP: LoginSteps.ontheLoginPage - validateonLoginPage
12:12:17.783 [Forwarding findElement on session 7e68bebf4f631384ef0c8284bc97caa9 to remote] DEBUG org.asynchttpclient.netty.request.NettyRequestSender - Using pooled Channel '[id: 0x200c9da4, L:/127.0.0.1:49432 - R:localhost/127.0.0.1:54370]' for 'POST' to 'http://localhost:54370/session/7e68bebf4f631384ef0c8284bc97caa9/element'
12:12:17.783 [Forwarding findElement on session 7e68bebf4f631384ef0c8284bc97caa9 to remote] DEBUG org.asynchttpclient.netty.request.NettyRequestSender - Using open Channel [id: 0x200c9da4, L:/127.0.0.1:49432 - R:localhost/127.0.0.1:54370] for POST '/session/7e68bebf4f631384ef0c8284bc97caa9/element'
12:12:17.902 [AsyncHttpClient-1-2] DEBUG org.asynchttpclient.netty.handler.HttpHandler - 

Request DefaultHttpRequest(decodeResult: success, version: HTTP/1.1)
POST /session/7e68bebf4f631384ef0c8284bc97caa9/element HTTP/1.1
User-Agent: selenium/4.1.2 (java windows)
Content-Length: 99
Content-Type: application/json; charset=utf-8
host: localhost:54370
accept: */*

Response DefaultHttpResponse(decodeResult: success, version: HTTP/1.1)
HTTP/1.1 200 OK
Content-Type: application/json; charset=utf-8
cache-control: no-cache
content-length: 88

12:12:17.903 [AsyncHttpClient-1-2] DEBUG org.asynchttpclient.netty.channel.ChannelManager - Adding key: http://localhost:54370 for channel [id: 0x200c9da4, L:/127.0.0.1:49432 - R:localhost/127.0.0.1:54370]
12:12:17.910 [Forwarding isElementDisplayed on session 7e68bebf4f631384ef0c8284bc97caa9 to remote] DEBUG org.asynchttpclient.netty.request.NettyRequestSender - Using pooled Channel '[id: 0x200c9da4, L:/127.0.0.1:49432 - R:localhost/127.0.0.1:54370]' for 'POST' to 'http://localhost:54370/session/7e68bebf4f631384ef0c8284bc97caa9/execute/sync'
12:12:17.911 [Forwarding isElementDisplayed on session 7e68bebf4f631384ef0c8284bc97caa9 to remote] DEBUG org.asynchttpclient.netty.request.NettyRequestSender - Using open Channel [id: 0x200c9da4, L:/127.0.0.1:49432 - R:localhost/127.0.0.1:54370] for POST '/session/7e68bebf4f631384ef0c8284bc97caa9/execute/sync'
12:12:17.974 [AsyncHttpClient-1-1] DEBUG org.asynchttpclient.netty.channel.DefaultChannelPool - Entry count for : http://localhost:49433 : 1
12:12:17.974 [AsyncHttpClient-1-2] DEBUG org.asynchttpclient.netty.handler.HttpHandler - 

Request DefaultHttpRequest(decodeResult: success, version: HTTP/1.1)
POST /session/7e68bebf4f631384ef0c8284bc97caa9/execute/sync HTTP/1.1
User-Agent: selenium/4.1.2 (java windows)
Content-Length: 48780
Content-Type: application/json; charset=utf-8
host: localhost:54370
accept: */*

Response DefaultHttpResponse(decodeResult: success, version: HTTP/1.1)
HTTP/1.1 200 OK
Content-Type: application/json; charset=utf-8
cache-control: no-cache
content-length: 14

12:12:17.974 [AsyncHttpClient-1-2] DEBUG org.asynchttpclient.netty.channel.ChannelManager - Adding key: http://localhost:54370 for channel [id: 0x200c9da4, L:/127.0.0.1:49432 - R:localhost/127.0.0.1:54370]
12:12:17.980 [Forwarding screenshot on session 7e68bebf4f631384ef0c8284bc97caa9 to remote] DEBUG org.asynchttpclient.netty.request.NettyRequestSender - Using pooled Channel '[id: 0x200c9da4, L:/127.0.0.1:49432 - R:localhost/127.0.0.1:54370]' for 'GET' to 'http://localhost:54370/session/7e68bebf4f631384ef0c8284bc97caa9/screenshot'
12:12:17.980 [Forwarding screenshot on session 7e68bebf4f631384ef0c8284bc97caa9 to remote] DEBUG org.asynchttpclient.netty.request.NettyRequestSender - Using open Channel [id: 0x200c9da4, L:/127.0.0.1:49432 - R:localhost/127.0.0.1:54370] for GET '/session/7e68bebf4f631384ef0c8284bc97caa9/screenshot'
12:12:18.084 [AsyncHttpClient-1-2] DEBUG org.asynchttpclient.netty.handler.HttpHandler - 

Request DefaultFullHttpRequest(decodeResult: success, version: HTTP/1.1, content: EmptyByteBufBE)
GET /session/7e68bebf4f631384ef0c8284bc97caa9/screenshot HTTP/1.1
User-Agent: selenium/4.1.2 (java windows)
Cache-Control: no-cache
Content-Type: application/json; charset=utf-8
host: localhost:54370
accept: */*

Response DefaultHttpResponse(decodeResult: success, version: HTTP/1.1)
HTTP/1.1 200 OK
Content-Type: application/json; charset=utf-8
cache-control: no-cache
content-length: 25940

12:12:18.085 [AsyncHttpClient-1-2] DEBUG org.asynchttpclient.netty.channel.ChannelManager - Adding key: http://localhost:54370 for channel [id: 0x200c9da4, L:/127.0.0.1:49432 - R:localhost/127.0.0.1:54370]
12:12:18.088 [main] DEBUG net.serenitybdd.core.photography.Darkroom - Send negative for processing for target\site\serenity\0eb23078dbc8f6bc59d6784c6b2f08a8c7fb03bc717cb34cbedbd556b937f699.png
12:12:18.088 [main] DEBUG net.thucydides.core.steps.StepInterceptor - STEP DONE: validateonLoginPage
12:12:18.089 [Darkroom Processing Line] DEBUG net.serenitybdd.core.photography.DarkroomProcessingLine - Processing screenshot image in /var/screenshots/screenshot-10707266786257814919
12:12:18.089 [Darkroom Processing Line] DEBUG net.serenitybdd.core.photography.DarkroomProcessingLine - Saving screenshot to target\site\serenity\0eb23078dbc8f6bc59d6784c6b2f08a8c7fb03bc717cb34cbedbd556b937f699.png
  &amp#27;[32mGiven &amp#27;[0m&amp#27;[32muser on login page&amp#27;[0m                        &amp#27;[90m# starter.definitions.LoginSteps.ontheLoginPage()&amp#27;[0m
12:12:18.118 [main] DEBUG net.thucydides.core.steps.StepInterceptor - STARTING STEP: LoginSteps.ValidEmail - inputEmail
12:12:18.121 [Forwarding findElement on session 7e68bebf4f631384ef0c8284bc97caa9 to remote] DEBUG org.asynchttpclient.netty.request.NettyRequestSender - Using pooled Channel '[id: 0x200c9da4, L:/127.0.0.1:49432 - R:localhost/127.0.0.1:54370]' for 'POST' to 'http://localhost:54370/session/7e68bebf4f631384ef0c8284bc97caa9/element'
12:12:18.121 [Forwarding findElement on session 7e68bebf4f631384ef0c8284bc97caa9 to remote] DEBUG org.asynchttpclient.netty.request.NettyRequestSender - Using open Channel [id: 0x200c9da4, L:/127.0.0.1:49432 - R:localhost/127.0.0.1:54370] for POST '/session/7e68bebf4f631384ef0c8284bc97caa9/element'
12:12:18.165 [AsyncHttpClient-1-2] DEBUG org.asynchttpclient.netty.handler.HttpHandler - 

Request DefaultHttpRequest(decodeResult: success, version: HTTP/1.1)
POST /session/7e68bebf4f631384ef0c8284bc97caa9/element HTTP/1.1
User-Agent: selenium/4.1.2 (java windows)
Content-Length: 110
Content-Type: application/json; charset=utf-8
host: localhost:54370
accept: */*

Response DefaultHttpResponse(decodeResult: success, version: HTTP/1.1)
HTTP/1.1 200 OK
Content-Type: application/json; charset=utf-8
cache-control: no-cache
content-length: 88

12:12:18.165 [AsyncHttpClient-1-2] DEBUG org.asynchttpclient.netty.channel.ChannelManager - Adding key: http://localhost:54370 for channel [id: 0x200c9da4, L:/127.0.0.1:49432 - R:localhost/127.0.0.1:54370]
12:12:18.167 [Forwarding clearElement on session 7e68bebf4f631384ef0c8284bc97caa9 to remote] DEBUG org.asynchttpclient.netty.request.NettyRequestSender - Using pooled Channel '[id: 0x200c9da4, L:/127.0.0.1:49432 - R:localhost/127.0.0.1:54370]' for 'POST' to 'http://localhost:54370/session/7e68bebf4f631384ef0c8284bc97caa9/element/c3f2ffb8-f292-4c80-b4d8-f9420e680202/clear'
12:12:18.168 [Forwarding clearElement on session 7e68bebf4f631384ef0c8284bc97caa9 to remote] DEBUG org.asynchttpclient.netty.request.NettyRequestSender - Using open Channel [id: 0x200c9da4, L:/127.0.0.1:49432 - R:localhost/127.0.0.1:54370] for POST '/session/7e68bebf4f631384ef0c8284bc97caa9/element/c3f2ffb8-f292-4c80-b4d8-f9420e680202/clear'
12:12:18.283 [AsyncHttpClient-1-2] DEBUG org.asynchttpclient.netty.handler.HttpHandler - 

Request DefaultHttpRequest(decodeResult: success, version: HTTP/1.1)
POST /session/7e68bebf4f631384ef0c8284bc97caa9/element/c3f2ffb8-f292-4c80-b4d8-f9420e680202/clear HTTP/1.1
User-Agent: selenium/4.1.2 (java windows)
Content-Length: 50
Content-Type: application/json; charset=utf-8
host: localhost:54370
accept: */*

Response DefaultHttpResponse(decodeResult: success, version: HTTP/1.1)
HTTP/1.1 200 OK
Content-Type: application/json; charset=utf-8
cache-control: no-cache
content-length: 14

12:12:18.284 [AsyncHttpClient-1-2] DEBUG org.asynchttpclient.netty.channel.ChannelManager - Adding key: http://localhost:54370 for channel [id: 0x200c9da4, L:/127.0.0.1:49432 - R:localhost/127.0.0.1:54370]
12:12:18.288 [Forwarding sendKeysToElement on session 7e68bebf4f631384ef0c8284bc97caa9 to remote] DEBUG org.asynchttpclient.netty.request.NettyRequestSender - Using pooled Channel '[id: 0x200c9da4, L:/127.0.0.1:49432 - R:localhost/127.0.0.1:54370]' for 'POST' to 'http://localhost:54370/session/7e68bebf4f631384ef0c8284bc97caa9/element/c3f2ffb8-f292-4c80-b4d8-f9420e680202/value'
12:12:18.292 [Forwarding sendKeysToElement on session 7e68bebf4f631384ef0c8284bc97caa9 to remote] DEBUG org.asynchttpclient.netty.request.NettyRequestSender - Using open Channel [id: 0x200c9da4, L:/127.0.0.1:49432 - R:localhost/127.0.0.1:54370] for POST '/session/7e68bebf4f631384ef0c8284bc97caa9/element/c3f2ffb8-f292-4c80-b4d8-f9420e680202/value'
12:12:18.524 [AsyncHttpClient-1-2] DEBUG org.asynchttpclient.netty.handler.HttpHandler - 

Request DefaultHttpRequest(decodeResult: success, version: HTTP/1.1)
POST /session/7e68bebf4f631384ef0c8284bc97caa9/element/c3f2ffb8-f292-4c80-b4d8-f9420e680202/value HTTP/1.1
User-Agent: selenium/4.1.2 (java windows)
Content-Length: 241
Content-Type: application/json; charset=utf-8
host: localhost:54370
accept: */*

Response DefaultHttpResponse(decodeResult: success, version: HTTP/1.1)
HTTP/1.1 200 OK
Content-Type: application/json; charset=utf-8
cache-control: no-cache
content-length: 14

12:12:18.524 [AsyncHttpClient-1-2] DEBUG org.asynchttpclient.netty.channel.ChannelManager - Adding key: http://localhost:54370 for channel [id: 0x200c9da4, L:/127.0.0.1:49432 - R:localhost/127.0.0.1:54370]
12:12:18.531 [Forwarding screenshot on session 7e68bebf4f631384ef0c8284bc97caa9 to remote] DEBUG org.asynchttpclient.netty.request.NettyRequestSender - Using pooled Channel '[id: 0x200c9da4, L:/127.0.0.1:49432 - R:localhost/127.0.0.1:54370]' for 'GET' to 'http://localhost:54370/session/7e68bebf4f631384ef0c8284bc97caa9/screenshot'
12:12:18.531 [Forwarding screenshot on session 7e68bebf4f631384ef0c8284bc97caa9 to remote] DEBUG org.asynchttpclient.netty.request.NettyRequestSender - Using open Channel [id: 0x200c9da4, L:/127.0.0.1:49432 - R:localhost/127.0.0.1:54370] for GET '/session/7e68bebf4f631384ef0c8284bc97caa9/screenshot'
12:12:18.782 [AsyncHttpClient-1-2] DEBUG org.asynchttpclient.netty.handler.HttpHandler - 

Request DefaultFullHttpRequest(decodeResult: success, version: HTTP/1.1, content: EmptyByteBufBE)
GET /session/7e68bebf4f631384ef0c8284bc97caa9/screenshot HTTP/1.1
User-Agent: selenium/4.1.2 (java windows)
Cache-Control: no-cache
Content-Type: application/json; charset=utf-8
host: localhost:54370
accept: */*

Response DefaultHttpResponse(decodeResult: success, version: HTTP/1.1)
HTTP/1.1 200 OK
Content-Type: application/json; charset=utf-8
cache-control: no-cache
content-length: 29976

12:12:18.782 [AsyncHttpClient-1-2] DEBUG org.asynchttpclient.netty.channel.ChannelManager - Adding key: http://localhost:54370 for channel [id: 0x200c9da4, L:/127.0.0.1:49432 - R:localhost/127.0.0.1:54370]
12:12:18.784 [main] DEBUG net.serenitybdd.core.photography.Darkroom - Send negative for processing for target\site\serenity\f7959de30c90857e8f1a37e8fea2984229efd22eae33af3390ad2ba7ec997e71.png
12:12:18.785 [main] DEBUG net.thucydides.core.steps.StepInterceptor - STEP DONE: inputEmail
  &amp#27;[32mWhen &amp#27;[0m&amp#27;[32muser input valid email&amp#27;[0m                     &amp#27;[90m# starter.definitions.LoginSteps.ValidEmail()&amp#27;[0m
12:12:18.785 [Darkroom Processing Line] DEBUG net.serenitybdd.core.photography.DarkroomProcessingLine - Processing screenshot image in /var/screenshots/screenshot-48004343025099777
12:12:18.785 [Darkroom Processing Line] DEBUG net.serenitybdd.core.photography.DarkroomProcessingLine - Saving screenshot to target\site\serenity\f7959de30c90857e8f1a37e8fea2984229efd22eae33af3390ad2ba7ec997e71.png
12:12:18.801 [main] DEBUG net.thucydides.core.steps.StepInterceptor - STARTING STEP: LoginSteps.ValidPassword - inputPassword
12:12:18.805 [Forwarding findElement on session 7e68bebf4f631384ef0c8284bc97caa9 to remote] DEBUG org.asynchttpclient.netty.request.NettyRequestSender - Using pooled Channel '[id: 0x200c9da4, L:/127.0.0.1:49432 - R:localhost/127.0.0.1:54370]' for 'POST' to 'http://localhost:54370/session/7e68bebf4f631384ef0c8284bc97caa9/element'
12:12:18.805 [Forwarding findElement on session 7e68bebf4f631384ef0c8284bc97caa9 to remote] DEBUG org.asynchttpclient.netty.request.NettyRequestSender - Using open Channel [id: 0x200c9da4, L:/127.0.0.1:49432 - R:localhost/127.0.0.1:54370] for POST '/session/7e68bebf4f631384ef0c8284bc97caa9/element'
12:12:18.945 [AsyncHttpClient-1-2] DEBUG org.asynchttpclient.netty.handler.HttpHandler - 

Request DefaultHttpRequest(decodeResult: success, version: HTTP/1.1)
POST /session/7e68bebf4f631384ef0c8284bc97caa9/element HTTP/1.1
User-Agent: selenium/4.1.2 (java windows)
Content-Length: 113
Content-Type: application/json; charset=utf-8
host: localhost:54370
accept: */*

Response DefaultHttpResponse(decodeResult: success, version: HTTP/1.1)
HTTP/1.1 200 OK
Content-Type: application/json; charset=utf-8
cache-control: no-cache
content-length: 88

12:12:18.945 [AsyncHttpClient-1-2] DEBUG org.asynchttpclient.netty.channel.ChannelManager - Adding key: http://localhost:54370 for channel [id: 0x200c9da4, L:/127.0.0.1:49432 - R:localhost/127.0.0.1:54370]
[...]
12:12:46.290 [Forwarding screenshot on session 7a146636d04742a83f07322ab8727b5f to remote] DEBUG org.asynchttpclient.netty.request.NettyRequestSender - Using pooled Channel '[id: 0xcba36af2, L:/127.0.0.1:49554 - R:localhost/127.0.0.1:57886]' for 'GET' to 'http://localhost:57886/session/7a146636d04742a83f07322ab8727b5f/screenshot'
12:12:46.290 [Forwarding screenshot on session 7a146636d04742a83f07322ab8727b5f to remote] DEBUG org.asynchttpclient.netty.request.NettyRequestSender - Using open Channel [id: 0xcba36af2, L:/127.0.0.1:49554 - R:localhost/127.0.0.1:57886] for GET '/session/7a146636d04742a83f07322ab8727b5f/screenshot'
12:12:46.444 [AsyncHttpClient-1-14] DEBUG org.asynchttpclient.netty.handler.HttpHandler - 

Request DefaultFullHttpRequest(decodeResult: success, version: HTTP/1.1, content: EmptyByteBufBE)
GET /session/7a146636d04742a83f07322ab8727b5f/screenshot HTTP/1.1
User-Agent: selenium/4.1.2 (java windows)
Cache-Control: no-cache
Content-Type: application/json; charset=utf-8
host: localhost:57886
accept: */*

Response DefaultHttpResponse(decodeResult: success, version: HTTP/1.1)
HTTP/1.1 200 OK
Content-Type: application/json; charset=utf-8
cache-control: no-cache
content-length: 32788

12:12:46.445 [AsyncHttpClient-1-14] DEBUG org.asynchttpclient.netty.channel.ChannelManager - Adding key: http://localhost:57886 for channel [id: 0xcba36af2, L:/127.0.0.1:49554 - R:localhost/127.0.0.1:57886]
12:12:46.447 [main] DEBUG net.serenitybdd.core.photography.Darkroom - Send negative for processing for target\site\serenity\6fd6f5c2fe38060e59651c8fd547c825ec8c3da91691950ce235c9c289f601d6.png
12:12:46.447 [main] DEBUG net.thucydides.core.steps.StepInterceptor - STEP DONE: userchoseehealtycategory
  &amp#27;[32mAnd &amp#27;[0m&amp#27;[32muser choose healty category&amp#27;[0m          &amp#27;[90m# starter.definitions.SelectCategorySteps.userchoosehealtycategory()&amp#27;[0m
12:12:46.447 [Darkroom Processing Line] DEBUG net.serenitybdd.core.photography.DarkroomProcessingLine - Processing screenshot image in /var/screenshots/screenshot-360310992194097048
12:12:46.447 [Darkroom Processing Line] DEBUG net.serenitybdd.core.photography.DarkroomProcessingLine - Saving screenshot to target\site\serenity\6fd6f5c2fe38060e59651c8fd547c825ec8c3da91691950ce235c9c289f601d6.png
12:12:46.461 [main] DEBUG net.thucydides.core.steps.StepInterceptor - STARTING STEP: SelectCategorySteps.sucsessclickhealtycategory - userclickcategory
12:12:46.464 [Forwarding findElement on session 7a146636d04742a83f07322ab8727b5f to remote] DEBUG org.asynchttpclient.netty.request.NettyRequestSender - Using pooled Channel '[id: 0xcba36af2, L:/127.0.0.1:49554 - R:localhost/127.0.0.1:57886]' for 'POST' to 'http://localhost:57886/session/7a146636d04742a83f07322ab8727b5f/element'
12:12:46.464 [Forwarding findElement on session 7a146636d04742a83f07322ab8727b5f to remote] DEBUG org.asynchttpclient.netty.request.NettyRequestSender - Using open Channel [id: 0xcba36af2, L:/127.0.0.1:49554 - R:localhost/127.0.0.1:57886] for POST '/session/7a146636d04742a83f07322ab8727b5f/element'
12:12:46.481 [AsyncHttpClient-1-14] DEBUG org.asynchttpclient.netty.handler.HttpHandler - 

Request DefaultHttpRequest(decodeResult: success, version: HTTP/1.1)
POST /session/7a146636d04742a83f07322ab8727b5f/element HTTP/1.1
User-Agent: selenium/4.1.2 (java windows)
Content-Length: 88
Content-Type: application/json; charset=utf-8
host: localhost:57886
accept: */*

Response DefaultHttpResponse(decodeResult: success, version: HTTP/1.1)
HTTP/1.1 200 OK
Content-Type: application/json; charset=utf-8
cache-control: no-cache
content-length: 88

12:12:46.482 [AsyncHttpClient-1-14] DEBUG org.asynchttpclient.netty.channel.ChannelManager - Adding key: http://localhost:57886 for channel [id: 0xcba36af2, L:/127.0.0.1:49554 - R:localhost/127.0.0.1:57886]
12:12:46.483 [Forwarding getElementTagName on session 7a146636d04742a83f07322ab8727b5f to remote] DEBUG org.asynchttpclient.netty.request.NettyRequestSender - Using pooled Channel '[id: 0xcba36af2, L:/127.0.0.1:49554 - R:localhost/127.0.0.1:57886]' for 'GET' to 'http://localhost:57886/session/7a146636d04742a83f07322ab8727b5f/element/dad3eb46-da24-4be0-9b1d-c7bf4ccb9af1/name'
12:12:46.483 [Forwarding getElementTagName on session 7a146636d04742a83f07322ab8727b5f to remote] DEBUG org.asynchttpclient.netty.request.NettyRequestSender - Using open Channel [id: 0xcba36af2, L:/127.0.0.1:49554 - R:localhost/127.0.0.1:57886] for GET '/session/7a146636d04742a83f07322ab8727b5f/element/dad3eb46-da24-4be0-9b1d-c7bf4ccb9af1/name'
12:12:46.495 [AsyncHttpClient-1-14] DEBUG org.asynchttpclient.netty.handler.HttpHandler - 

Request DefaultFullHttpRequest(decodeResult: success, version: HTTP/1.1, content: EmptyByteBufBE)
GET /session/7a146636d04742a83f07322ab8727b5f/element/dad3eb46-da24-4be0-9b1d-c7bf4ccb9af1/name HTTP/1.1
User-Agent: selenium/4.1.2 (java windows)
Cache-Control: no-cache
Content-Type: application/json; charset=utf-8
host: localhost:57886
accept: */*

Response DefaultHttpResponse(decodeResult: success, version: HTTP/1.1)
HTTP/1.1 200 OK
Content-Type: application/json; charset=utf-8
cache-control: no-cache
content-length: 15

12:12:46.495 [AsyncHttpClient-1-14] DEBUG org.asynchttpclient.netty.channel.ChannelManager - Adding key: http://localhost:57886 for channel [id: 0xcba36af2, L:/127.0.0.1:49554 - R:localhost/127.0.0.1:57886]
12:12:46.496 [Forwarding getElementTagName on session 7a146636d04742a83f07322ab8727b5f to remote] DEBUG org.asynchttpclient.netty.request.NettyRequestSender - Using pooled Channel '[id: 0xcba36af2, L:/127.0.0.1:49554 - R:localhost/127.0.0.1:57886]' for 'GET' to 'http://localhost:57886/session/7a146636d04742a83f07322ab8727b5f/element/dad3eb46-da24-4be0-9b1d-c7bf4ccb9af1/name'
12:12:46.496 [Forwarding getElementTagName on session 7a146636d04742a83f07322ab8727b5f to remote] DEBUG org.asynchttpclient.netty.request.NettyRequestSender - Using open Channel [id: 0xcba36af2, L:/127.0.0.1:49554 - R:localhost/127.0.0.1:57886] for GET '/session/7a146636d04742a83f07322ab8727b5f/element/dad3eb46-da24-4be0-9b1d-c7bf4ccb9af1/name'
12:12:46.503 [AsyncHttpClient-1-14] DEBUG org.asynchttpclient.netty.handler.HttpHandler - 

Request DefaultFullHttpRequest(decodeResult: success, version: HTTP/1.1, content: EmptyByteBufBE)
GET /session/7a146636d04742a83f07322ab8727b5f/element/dad3eb46-da24-4be0-9b1d-c7bf4ccb9af1/name HTTP/1.1
User-Agent: selenium/4.1.2 (java windows)
Cache-Control: no-cache
Content-Type: application/json; charset=utf-8
host: localhost:57886
accept: */*

Response DefaultHttpResponse(decodeResult: success, version: HTTP/1.1)
HTTP/1.1 200 OK
Content-Type: application/json; charset=utf-8
cache-control: no-cache
content-length: 15

12:12:46.503 [AsyncHttpClient-1-14] DEBUG org.asynchttpclient.netty.channel.ChannelManager - Adding key: http://localhost:57886 for channel [id: 0xcba36af2, L:/127.0.0.1:49554 - R:localhost/127.0.0.1:57886]
12:12:46.506 [Forwarding findElement on session 7a146636d04742a83f07322ab8727b5f to remote] DEBUG org.asynchttpclient.netty.request.NettyRequestSender - Using pooled Channel '[id: 0xcba36af2, L:/127.0.0.1:49554 - R:localhost/127.0.0.1:57886]' for 'POST' to 'http://localhost:57886/session/7a146636d04742a83f07322ab8727b5f/element'
12:12:46.506 [Forwarding findElement on session 7a146636d04742a83f07322ab8727b5f to remote] DEBUG org.asynchttpclient.netty.request.NettyRequestSender - Using open Channel [id: 0xcba36af2, L:/127.0.0.1:49554 - R:localhost/127.0.0.1:57886] for POST '/session/7a146636d04742a83f07322ab8727b5f/element'
12:12:46.515 [AsyncHttpClient-1-14] DEBUG org.asynchttpclient.netty.handler.HttpHandler - 

Request DefaultHttpRequest(decodeResult: success, version: HTTP/1.1)
POST /session/7a146636d04742a83f07322ab8727b5f/element HTTP/1.1
User-Agent: selenium/4.1.2 (java windows)
Content-Length: 88
Content-Type: application/json; charset=utf-8
host: localhost:57886
accept: */*

Response DefaultHttpResponse(decodeResult: success, version: HTTP/1.1)
HTTP/1.1 200 OK
Content-Type: application/json; charset=utf-8
cache-control: no-cache
content-length: 88

12:12:46.515 [AsyncHttpClient-1-14] DEBUG org.asynchttpclient.netty.channel.ChannelManager - Adding key: http://localhost:57886 for channel [id: 0xcba36af2, L:/127.0.0.1:49554 - R:localhost/127.0.0.1:57886]
12:12:46.516 [Forwarding clickElement on session 7a146636d04742a83f07322ab8727b5f to remote] DEBUG org.asynchttpclient.netty.request.NettyRequestSender - Using pooled Channel '[id: 0xcba36af2, L:/127.0.0.1:49554 - R:localhost/127.0.0.1:57886]' for 'POST' to 'http://localhost:57886/session/7a146636d04742a83f07322ab8727b5f/element/dad3eb46-da24-4be0-9b1d-c7bf4ccb9af1/click'
12:12:46.516 [Forwarding clickElement on session 7a146636d04742a83f07322ab8727b5f to remote] DEBUG org.asynchttpclient.netty.request.NettyRequestSender - Using open Channel [id: 0xcba36af2, L:/127.0.0.1:49554 - R:localhost/127.0.0.1:57886] for POST '/session/7a146636d04742a83f07322ab8727b5f/element/dad3eb46-da24-4be0-9b1d-c7bf4ccb9af1/click'
12:12:46.568 [AsyncHttpClient-1-14] DEBUG org.asynchttpclient.netty.handler.HttpHandler - 

Request DefaultHttpRequest(decodeResult: success, version: HTTP/1.1)
POST /session/7a146636d04742a83f07322ab8727b5f/element/dad3eb46-da24-4be0-9b1d-c7bf4ccb9af1/click HTTP/1.1
User-Agent: selenium/4.1.2 (java windows)
Content-Length: 50
Content-Type: application/json; charset=utf-8
host: localhost:57886
accept: */*

Response DefaultHttpResponse(decodeResult: success, version: HTTP/1.1)
HTTP/1.1 200 OK
Content-Type: application/json; charset=utf-8
cache-control: no-cache
content-length: 14

12:12:46.568 [AsyncHttpClient-1-14] DEBUG org.asynchttpclient.netty.channel.ChannelManager - Adding key: http://localhost:57886 for channel [id: 0xcba36af2, L:/127.0.0.1:49554 - R:localhost/127.0.0.1:57886]
12:12:46.574 [Forwarding screenshot on session 7a146636d04742a83f07322ab8727b5f to remote] DEBUG org.asynchttpclient.netty.request.NettyRequestSender - Using pooled Channel '[id: 0xcba36af2, L:/127.0.0.1:49554 - R:localhost/127.0.0.1:57886]' for 'GET' to 'http://localhost:57886/session/7a146636d04742a83f07322ab8727b5f/screenshot'
12:12:46.574 [Forwarding screenshot on session 7a146636d04742a83f07322ab8727b5f to remote] DEBUG org.asynchttpclient.netty.request.NettyRequestSender - Using open Channel [id: 0xcba36af2, L:/127.0.0.1:49554 - R:localhost/127.0.0.1:57886] for GET '/session/7a146636d04742a83f07322ab8727b5f/screenshot'
12:12:46.575 [AsyncHttpClient-1-1] DEBUG org.asynchttpclient.netty.channel.DefaultChannelPool - Entry count for : http://localhost:49555 : 1
12:12:46.734 [AsyncHttpClient-1-14] DEBUG org.asynchttpclient.netty.handler.HttpHandler - 

Request DefaultFullHttpRequest(decodeResult: success, version: HTTP/1.1, content: EmptyByteBufBE)
GET /session/7a146636d04742a83f07322ab8727b5f/screenshot HTTP/1.1
User-Agent: selenium/4.1.2 (java windows)
Cache-Control: no-cache
Content-Type: application/json; charset=utf-8
host: localhost:57886
accept: */*

Response DefaultHttpResponse(decodeResult: success, version: HTTP/1.1)
HTTP/1.1 200 OK
Content-Type: application/json; charset=utf-8
cache-control: no-cache
content-length: 34164

12:12:46.734 [AsyncHttpClient-1-14] DEBUG org.asynchttpclient.netty.channel.ChannelManager - Adding key: http://localhost:57886 for channel [id: 0xcba36af2, L:/127.0.0.1:49554 - R:localhost/127.0.0.1:57886]
12:12:46.736 [main] DEBUG net.serenitybdd.core.photography.Darkroom - Send negative for processing for target\site\serenity\cf40fe387890463c0af45aab1be143261dbd4e6a490285eaaefb545d073cab8f.png
12:12:46.736 [main] DEBUG net.thucydides.core.steps.StepInterceptor - STEP DONE: userclickcategory
  &amp#27;[32mThen &amp#27;[0m&amp#27;[32mUser sucsess click healty category&amp#27;[0m  &amp#27;[90m# starter.definitions.SelectCategorySteps.sucsessclickhealtycategory()&amp#27;[0m
12:12:46.737 [Darkroom Processing Line] DEBUG net.serenitybdd.core.photography.DarkroomProcessingLine - Processing screenshot image in /var/screenshots/screenshot-3477066916982244134
12:12:46.737 [Darkroom Processing Line] DEBUG net.serenitybdd.core.photography.DarkroomProcessingLine - Saving screenshot to target\site\serenity\cf40fe387890463c0af45aab1be143261dbd4e6a490285eaaefb545d073cab8f.png
12:12:46.742 [main] INFO  - 
  _____   ___   ___   _____     ___     _     ___   ___   ___   ___  
 |_   _| | __| / __| |_   _|   | _ \   /_\   / __| / __| | __| |   \ 
   | |   | _|  \__ \   | |     |  _/  / _ \  \__ \ \__ \ | _|  | |) |
   |_|   |___| |___/   |_|     |_|   /_/ \_\ |___/ |___/ |___| |___/ 

as a user choose helath category
----------------------------------------------------------------------
12:12:46.743 [AsyncHttpClient-1-16] DEBUG org.asynchttpclient.netty.handler.WebSocketHandler - Channel Closed: [id: 0x22407a83, L:/127.0.0.1:49562 ! R:localhost/127.0.0.1:49555] with attribute NettyResponseFuture{currentRetry=5,
	isDone=1,
	isCancelled=0,
	asyncHandler=org.asynchttpclient.ws.WebSocketUpgradeHandler@41d8fd2d,
	nettyRequest=org.asynchttpclient.netty.request.NettyRequest@4da7b72,
	future=java.util.concurrent.CompletableFuture@4b8797ca[Completed normally],
	uri=ws://localhost:49555/devtools/browser/900626d8-cee3-4734-8aaa-9e1b2f7244bd,
	keepAlive=true,
	redirectCount=0,
	timeoutsHolder=null,
	inAuth=0,
	touch=1652242363952}
12:12:46.744 [AsyncHttpClient-1-16] DEBUG org.asynchttpclient.netty.channel.ChannelManager - Closing Channel [id: 0x22407a83, L:/127.0.0.1:49562 ! R:localhost/127.0.0.1:49555] 
12:12:46.745 [Driver Command Executor] DEBUG org.asynchttpclient.netty.request.NettyRequestSender - Using pooled Channel '[id: 0xcba36af2, L:/127.0.0.1:49554 - R:localhost/127.0.0.1:57886]' for 'DELETE' to 'http://localhost:57886/session/7a146636d04742a83f07322ab8727b5f'
12:12:46.745 [Driver Command Executor] DEBUG org.asynchttpclient.netty.request.NettyRequestSender - Using open Channel [id: 0xcba36af2, L:/127.0.0.1:49554 - R:localhost/127.0.0.1:57886] for DELETE '/session/7a146636d04742a83f07322ab8727b5f'
12:12:46.941 [AsyncHttpClient-1-15] DEBUG org.asynchttpclient.netty.handler.HttpHandler - Unexpected I/O exception on channel [id: 0x9f4ab0d6, L:/127.0.0.1:49561 - R:localhost/127.0.0.1:49555]
java.net.SocketException: Connection reset
	at java.base/sun.nio.ch.SocketChannelImpl.throwConnectionReset(SocketChannelImpl.java:394)
	at java.base/sun.nio.ch.SocketChannelImpl.read(SocketChannelImpl.java:426)
	at io.netty.buffer.PooledByteBuf.setBytes(PooledByteBuf.java:258)
	at io.netty.buffer.AbstractByteBuf.writeBytes(AbstractByteBuf.java:1132)
	at io.netty.channel.socket.nio.NioSocketChannel.doReadBytes(NioSocketChannel.java:350)
	at io.netty.channel.nio.AbstractNioByteChannel$NioByteUnsafe.read(AbstractNioByteChannel.java:151)
	at io.netty.channel.nio.NioEventLoop.processSelectedKey(NioEventLoop.java:722)
	at io.netty.channel.nio.NioEventLoop.processSelectedKeysOptimized(NioEventLoop.java:658)
	at io.netty.channel.nio.NioEventLoop.processSelectedKeys(NioEventLoop.java:584)
	at io.netty.channel.nio.NioEventLoop.run(NioEventLoop.java:496)
	at io.netty.util.concurrent.SingleThreadEventExecutor$4.run(SingleThreadEventExecutor.java:986)
	at io.netty.util.internal.ThreadExecutorMap$2.run(ThreadExecutorMap.java:74)
	at io.netty.util.concurrent.FastThreadLocalRunnable.run(FastThreadLocalRunnable.java:30)
	at java.base/java.lang.Thread.run(Thread.java:833)
12:12:46.942 [AsyncHttpClient-1-15] DEBUG org.asynchttpclient.netty.channel.ChannelManager - Closing Channel [id: 0x9f4ab0d6, L:/127.0.0.1:49561 - R:localhost/127.0.0.1:49555] 
12:12:46.942 [AsyncHttpClient-1-15] DEBUG org.asynchttpclient.netty.handler.HttpHandler - Channel Closed: [id: 0x9f4ab0d6, L:/127.0.0.1:49561 ! R:localhost/127.0.0.1:49555] with attribute DISCARD
12:12:46.959 [AsyncHttpClient-1-14] DEBUG org.asynchttpclient.netty.handler.HttpHandler - 

Request DefaultFullHttpRequest(decodeResult: success, version: HTTP/1.1, content: EmptyByteBufBE)
DELETE /session/7a146636d04742a83f07322ab8727b5f HTTP/1.1
User-Agent: selenium/4.1.2 (java windows)
Content-Type: application/json; charset=utf-8
host: localhost:57886
accept: */*

Response DefaultHttpResponse(decodeResult: success, version: HTTP/1.1)
HTTP/1.1 200 OK
Content-Type: application/json; charset=utf-8
cache-control: no-cache
content-length: 14

12:12:46.959 [AsyncHttpClient-1-14] DEBUG org.asynchttpclient.netty.channel.ChannelManager - Adding key: http://localhost:57886 for channel [id: 0xcba36af2, L:/127.0.0.1:49554 - R:localhost/127.0.0.1:57886]
12:12:47.675 [AsyncHttpClient-1-1] DEBUG org.asynchttpclient.netty.channel.DefaultChannelPool - Entry count for : http://localhost:49555 : 1
12:12:47.675 [AsyncHttpClient-1-1] DEBUG org.asynchttpclient.netty.channel.DefaultChannelPool - Entry count for : http://localhost:57886 : 1
12:12:47.675 [AsyncHttpClient-1-1] DEBUG org.asynchttpclient.netty.channel.DefaultChannelPool - Adding Candidate expired Channel [id: 0x9f4ab0d6, L:/127.0.0.1:49561 ! R:localhost/127.0.0.1:49555] isIdleTimeoutExpired=false isRemotelyClosed=true isTtlExpired=false
12:12:47.675 [AsyncHttpClient-1-1] DEBUG org.asynchttpclient.netty.channel.DefaultChannelPool - Closing Idle Channel [id: 0x9f4ab0d6, L:/127.0.0.1:49561 ! R:localhost/127.0.0.1:49555]
12:12:47.675 [AsyncHttpClient-1-1] DEBUG org.asynchttpclient.netty.channel.DefaultChannelPool - Closed 1 connections out of 2 in 0 ms
12:12:47.997 [AsyncHttpClient-1-14] DEBUG org.asynchttpclient.netty.handler.HttpHandler - Unexpected I/O exception on channel [id: 0xcba36af2, L:/127.0.0.1:49554 - R:localhost/127.0.0.1:57886]
java.net.SocketException: Connection reset
	at java.base/sun.nio.ch.SocketChannelImpl.throwConnectionReset(SocketChannelImpl.java:394)
	at java.base/sun.nio.ch.SocketChannelImpl.read(SocketChannelImpl.java:426)
	at io.netty.buffer.PooledByteBuf.setBytes(PooledByteBuf.java:258)
	at io.netty.buffer.AbstractByteBuf.writeBytes(AbstractByteBuf.java:1132)
	at io.netty.channel.socket.nio.NioSocketChannel.doReadBytes(NioSocketChannel.java:350)
	at io.netty.channel.nio.AbstractNioByteChannel$NioByteUnsafe.read(AbstractNioByteChannel.java:151)
	at io.netty.channel.nio.NioEventLoop.processSelectedKey(NioEventLoop.java:722)
	at io.netty.channel.nio.NioEventLoop.processSelectedKeysOptimized(NioEventLoop.java:658)
	at io.netty.channel.nio.NioEventLoop.processSelectedKeys(NioEventLoop.java:584)
	at io.netty.channel.nio.NioEventLoop.run(NioEventLoop.java:496)
	at io.netty.util.concurrent.SingleThreadEventExecutor$4.run(SingleThreadEventExecutor.java:986)
	at io.netty.util.internal.ThreadExecutorMap$2.run(ThreadExecutorMap.java:74)
	at io.netty.util.concurrent.FastThreadLocalRunnable.run(FastThreadLocalRunnable.java:30)
	at java.base/java.lang.Thread.run(Thread.java:833)
12:12:47.998 [AsyncHttpClient-1-14] DEBUG org.asynchttpclient.netty.channel.ChannelManager - Closing Channel [id: 0xcba36af2, L:/127.0.0.1:49554 - R:localhost/127.0.0.1:57886] 
12:12:47.998 [AsyncHttpClient-1-14] DEBUG org.asynchttpclient.netty.handler.HttpHandler - Channel Closed: [id: 0xcba36af2, L:/127.0.0.1:49554 ! R:localhost/127.0.0.1:57886] with attribute DISCARD
]]></system-out>
    <system-err><![CDATA[Starting ChromeDriver 101.0.4951.41 (93c720db8323b3ec10d056025ab95c23a31997c9-refs/branch-heads/4951@{#904}) on port 57886
Only local connections are allowed.
Please see https://chromedriver.chromium.org/security-considerations for suggestions on keeping ChromeDriver safe.
ChromeDriver was started successfully.
May 11, 2022 12:12:43 PM org.openqa.selenium.remote.ProtocolHandshake createSession
INFO: Detected dialect: W3C
May 11, 2022 12:12:43 PM org.openqa.selenium.devtools.CdpVersionFinder findNearestMatch
WARNING: Unable to find an exact match for CDP version 101, so returning the closest version found: 97
May 11, 2022 12:12:43 PM org.openqa.selenium.devtools.CdpVersionFinder findNearestMatch
INFO: Found CDP implementation for version 101 of 97
]]></system-err>
  </testcase>
</testsuite>